!SESSION 2017-02-23 12:44:02.775 -----------------------------------------------
eclipse.buildId=4.6.2.M20161124-1400
java.version=1.8.0_121
java.vendor=Oracle Corporation
BootLoader constants: OS=macosx, ARCH=x86_64, WS=cocoa, NL=de_DE
Framework arguments:  -product org.eclipse.epp.package.java.product -keyring /Users/Frithjof/.eclipse_keyring
Command-line arguments:  -os macosx -ws cocoa -arch x86_64 -product org.eclipse.epp.package.java.product -keyring /Users/Frithjof/.eclipse_keyring

!ENTRY org.eclipse.ui 2 0 2017-02-23 12:44:19.591
!MESSAGE Warnings while parsing the commands from the 'org.eclipse.ui.commands' and 'org.eclipse.ui.actionDefinitions' extension points.
!SUBENTRY 1 org.eclipse.ui 2 0 2017-02-23 12:44:19.592
!MESSAGE Commands should really have a category: plug-in='net.sf.eclipsecs.ui', id='CheckstylePlugin.PurgeCaches', categoryId='net.sf.eclipsecs'

!ENTRY org.eclipse.ui 2 0 2017-02-23 12:44:20.287
!MESSAGE Warnings while parsing the commands from the 'org.eclipse.ui.commands' and 'org.eclipse.ui.actionDefinitions' extension points.
!SUBENTRY 1 org.eclipse.ui 2 0 2017-02-23 12:44:20.287
!MESSAGE Commands should really have a category: plug-in='net.sf.eclipsecs.ui', id='CheckstylePlugin.PurgeCaches', categoryId='net.sf.eclipsecs'

!ENTRY org.eclipse.core.net 1 0 2017-02-23 12:44:21.410
!MESSAGE System property http.nonProxyHosts has been set to local|*.local|169.254/16|*.169.254/16 by an external source. This value will be overwritten using the values from the preferences

!ENTRY org.eclipse.oomph.setup.ui 1 0 2017-02-23 12:44:35.199
!MESSAGE Setup tasks were performed during startup updating 258 preferences. See '/Applications/java-neon/Eclipse.app/Contents/Eclipse/configuration/org.eclipse.oomph.setup/setup.log' for details
!SESSION 2017-02-25 08:28:07.432 -----------------------------------------------
eclipse.buildId=4.6.2.M20161124-1400
java.version=1.8.0_121
java.vendor=Oracle Corporation
BootLoader constants: OS=macosx, ARCH=x86_64, WS=cocoa, NL=de_DE
Framework arguments:  -product org.eclipse.epp.package.java.product -keyring /Users/Frithjof/.eclipse_keyring
Command-line arguments:  -os macosx -ws cocoa -arch x86_64 -product org.eclipse.epp.package.java.product -keyring /Users/Frithjof/.eclipse_keyring

!ENTRY org.eclipse.ui 2 0 2017-02-25 08:28:29.756
!MESSAGE Warnings while parsing the commands from the 'org.eclipse.ui.commands' and 'org.eclipse.ui.actionDefinitions' extension points.
!SUBENTRY 1 org.eclipse.ui 2 0 2017-02-25 08:28:29.756
!MESSAGE Commands should really have a category: plug-in='net.sf.eclipsecs.ui', id='CheckstylePlugin.PurgeCaches', categoryId='net.sf.eclipsecs'

!ENTRY org.eclipse.ui 2 0 2017-02-25 08:28:30.489
!MESSAGE Warnings while parsing the commands from the 'org.eclipse.ui.commands' and 'org.eclipse.ui.actionDefinitions' extension points.
!SUBENTRY 1 org.eclipse.ui 2 0 2017-02-25 08:28:30.489
!MESSAGE Commands should really have a category: plug-in='net.sf.eclipsecs.ui', id='CheckstylePlugin.PurgeCaches', categoryId='net.sf.eclipsecs'

!ENTRY org.eclipse.core.net 1 0 2017-02-25 08:28:31.885
!MESSAGE System property http.nonProxyHosts has been set to local|*.local|169.254/16|*.169.254/16 by an external source. This value will be overwritten using the values from the preferences

!ENTRY org.eclipse.oomph.setup.ui 1 0 2017-02-25 08:28:58.589
!MESSAGE Setup tasks were performed during startup updating 258 preferences. See '/Applications/java-neon/Eclipse.app/Contents/Eclipse/configuration/org.eclipse.oomph.setup/setup.log' for details

!ENTRY net.sf.eclipsecs.core 4 0 2017-02-25 10:36:05.305
!MESSAGE Checkstyle-Plugin: Exception was thrown while processing /Users/Frithjof/Documents/git/projects/MatchThree/src/edu/kit/informatik/matchthree/MatchThreeBoard.java
!STACK 0
com.puppycrawl.tools.checkstyle.api.CheckstyleException: Exception was thrown while processing /Users/Frithjof/Documents/git/projects/MatchThree/src/edu/kit/informatik/matchthree/MatchThreeBoard.java
	at com.puppycrawl.tools.checkstyle.Checker.processFiles(Checker.java:287)
	at com.puppycrawl.tools.checkstyle.Checker.process(Checker.java:205)
	at net.sf.eclipsecs.core.builder.Auditor.runAudit(Auditor.java:157)
	at net.sf.eclipsecs.core.builder.CheckstyleBuilder.handleBuildSelection(CheckstyleBuilder.java:300)
	at net.sf.eclipsecs.core.builder.CheckstyleBuilder.build(CheckstyleBuilder.java:171)
	at org.eclipse.core.internal.events.BuildManager$2.run(BuildManager.java:735)
	at org.eclipse.core.runtime.SafeRunner.run(SafeRunner.java:42)
	at org.eclipse.core.internal.events.BuildManager.basicBuild(BuildManager.java:206)
	at org.eclipse.core.internal.events.BuildManager.basicBuild(BuildManager.java:246)
	at org.eclipse.core.internal.events.BuildManager$1.run(BuildManager.java:301)
	at org.eclipse.core.runtime.SafeRunner.run(SafeRunner.java:42)
	at org.eclipse.core.internal.events.BuildManager.basicBuild(BuildManager.java:304)
	at org.eclipse.core.internal.events.BuildManager.basicBuildLoop(BuildManager.java:360)
	at org.eclipse.core.internal.events.BuildManager.build(BuildManager.java:383)
	at org.eclipse.core.internal.events.AutoBuildJob.doBuild(AutoBuildJob.java:144)
	at org.eclipse.core.internal.events.AutoBuildJob.run(AutoBuildJob.java:235)
	at org.eclipse.core.internal.jobs.Worker.run(Worker.java:55)
Caused by: com.puppycrawl.tools.checkstyle.api.CheckstyleException: MismatchedTokenException occurred during the analysis of file /Users/Frithjof/Documents/git/projects/MatchThree/src/edu/kit/informatik/matchthree/MatchThreeBoard.java.
	at com.puppycrawl.tools.checkstyle.TreeWalker.processFiltered(TreeWalker.java:192)
	at com.puppycrawl.tools.checkstyle.api.AbstractFileSetCheck.process(AbstractFileSetCheck.java:78)
	at com.puppycrawl.tools.checkstyle.Checker.processFile(Checker.java:307)
	at com.puppycrawl.tools.checkstyle.Checker.processFiles(Checker.java:278)
	... 16 more
Caused by: /Users/Frithjof/Documents/git/projects/MatchThree/src/edu/kit/informatik/matchthree/MatchThreeBoard.java:57:5: expecting EOF, found '}'
	at antlr.Parser.match(Parser.java:211)
	at com.puppycrawl.tools.checkstyle.grammars.GeneratedJavaRecognizer.compilationUnit(GeneratedJavaRecognizer.java:211)
	at com.puppycrawl.tools.checkstyle.TreeWalker.parse(TreeWalker.java:439)
	at com.puppycrawl.tools.checkstyle.TreeWalker.processFiltered(TreeWalker.java:174)
	... 19 more

!ENTRY net.sf.eclipsecs.core 4 0 2017-02-25 10:55:54.743
!MESSAGE Checkstyle-Plugin: Exception was thrown while processing /Users/Frithjof/Documents/git/projects/MatchThree/src/edu/kit/informatik/matchthree/MatchThreeBoard.java
!STACK 0
com.puppycrawl.tools.checkstyle.api.CheckstyleException: Exception was thrown while processing /Users/Frithjof/Documents/git/projects/MatchThree/src/edu/kit/informatik/matchthree/MatchThreeBoard.java
	at com.puppycrawl.tools.checkstyle.Checker.processFiles(Checker.java:287)
	at com.puppycrawl.tools.checkstyle.Checker.process(Checker.java:205)
	at net.sf.eclipsecs.core.builder.Auditor.runAudit(Auditor.java:157)
	at net.sf.eclipsecs.core.builder.CheckstyleBuilder.handleBuildSelection(CheckstyleBuilder.java:300)
	at net.sf.eclipsecs.core.builder.CheckstyleBuilder.build(CheckstyleBuilder.java:171)
	at org.eclipse.core.internal.events.BuildManager$2.run(BuildManager.java:735)
	at org.eclipse.core.runtime.SafeRunner.run(SafeRunner.java:42)
	at org.eclipse.core.internal.events.BuildManager.basicBuild(BuildManager.java:206)
	at org.eclipse.core.internal.events.BuildManager.basicBuild(BuildManager.java:246)
	at org.eclipse.core.internal.events.BuildManager$1.run(BuildManager.java:301)
	at org.eclipse.core.runtime.SafeRunner.run(SafeRunner.java:42)
	at org.eclipse.core.internal.events.BuildManager.basicBuild(BuildManager.java:304)
	at org.eclipse.core.internal.events.BuildManager.basicBuildLoop(BuildManager.java:360)
	at org.eclipse.core.internal.events.BuildManager.build(BuildManager.java:383)
	at org.eclipse.core.internal.events.AutoBuildJob.doBuild(AutoBuildJob.java:144)
	at org.eclipse.core.internal.events.AutoBuildJob.run(AutoBuildJob.java:235)
	at org.eclipse.core.internal.jobs.Worker.run(Worker.java:55)
Caused by: com.puppycrawl.tools.checkstyle.api.CheckstyleException: MismatchedTokenException occurred during the analysis of file /Users/Frithjof/Documents/git/projects/MatchThree/src/edu/kit/informatik/matchthree/MatchThreeBoard.java.
	at com.puppycrawl.tools.checkstyle.TreeWalker.processFiltered(TreeWalker.java:192)
	at com.puppycrawl.tools.checkstyle.api.AbstractFileSetCheck.process(AbstractFileSetCheck.java:78)
	at com.puppycrawl.tools.checkstyle.Checker.processFile(Checker.java:307)
	at com.puppycrawl.tools.checkstyle.Checker.processFiles(Checker.java:278)
	... 16 more
Caused by: /Users/Frithjof/Documents/git/projects/MatchThree/src/edu/kit/informatik/matchthree/MatchThreeBoard.java:68:5: expecting EOF, found '}'
	at antlr.Parser.match(Parser.java:211)
	at com.puppycrawl.tools.checkstyle.grammars.GeneratedJavaRecognizer.compilationUnit(GeneratedJavaRecognizer.java:211)
	at com.puppycrawl.tools.checkstyle.TreeWalker.parse(TreeWalker.java:439)
	at com.puppycrawl.tools.checkstyle.TreeWalker.processFiltered(TreeWalker.java:174)
	... 19 more

!ENTRY net.sf.eclipsecs.core 4 0 2017-02-25 10:59:43.161
!MESSAGE Checkstyle-Plugin: Exception was thrown while processing /Users/Frithjof/Documents/git/projects/MatchThree/src/edu/kit/informatik/matchthree/MatchThreeBoard.java
!STACK 0
com.puppycrawl.tools.checkstyle.api.CheckstyleException: Exception was thrown while processing /Users/Frithjof/Documents/git/projects/MatchThree/src/edu/kit/informatik/matchthree/MatchThreeBoard.java
	at com.puppycrawl.tools.checkstyle.Checker.processFiles(Checker.java:287)
	at com.puppycrawl.tools.checkstyle.Checker.process(Checker.java:205)
	at net.sf.eclipsecs.core.builder.Auditor.runAudit(Auditor.java:157)
	at net.sf.eclipsecs.core.builder.CheckstyleBuilder.handleBuildSelection(CheckstyleBuilder.java:300)
	at net.sf.eclipsecs.core.builder.CheckstyleBuilder.build(CheckstyleBuilder.java:171)
	at org.eclipse.core.internal.events.BuildManager$2.run(BuildManager.java:735)
	at org.eclipse.core.runtime.SafeRunner.run(SafeRunner.java:42)
	at org.eclipse.core.internal.events.BuildManager.basicBuild(BuildManager.java:206)
	at org.eclipse.core.internal.events.BuildManager.basicBuild(BuildManager.java:246)
	at org.eclipse.core.internal.events.BuildManager$1.run(BuildManager.java:301)
	at org.eclipse.core.runtime.SafeRunner.run(SafeRunner.java:42)
	at org.eclipse.core.internal.events.BuildManager.basicBuild(BuildManager.java:304)
	at org.eclipse.core.internal.events.BuildManager.basicBuildLoop(BuildManager.java:360)
	at org.eclipse.core.internal.events.BuildManager.build(BuildManager.java:383)
	at org.eclipse.core.internal.events.AutoBuildJob.doBuild(AutoBuildJob.java:144)
	at org.eclipse.core.internal.events.AutoBuildJob.run(AutoBuildJob.java:235)
	at org.eclipse.core.internal.jobs.Worker.run(Worker.java:55)
Caused by: com.puppycrawl.tools.checkstyle.api.CheckstyleException: MismatchedTokenException occurred during the analysis of file /Users/Frithjof/Documents/git/projects/MatchThree/src/edu/kit/informatik/matchthree/MatchThreeBoard.java.
	at com.puppycrawl.tools.checkstyle.TreeWalker.processFiltered(TreeWalker.java:192)
	at com.puppycrawl.tools.checkstyle.api.AbstractFileSetCheck.process(AbstractFileSetCheck.java:78)
	at com.puppycrawl.tools.checkstyle.Checker.processFile(Checker.java:307)
	at com.puppycrawl.tools.checkstyle.Checker.processFiles(Checker.java:278)
	... 16 more
Caused by: /Users/Frithjof/Documents/git/projects/MatchThree/src/edu/kit/informatik/matchthree/MatchThreeBoard.java:68:5: expecting EOF, found '}'
	at antlr.Parser.match(Parser.java:211)
	at com.puppycrawl.tools.checkstyle.grammars.GeneratedJavaRecognizer.compilationUnit(GeneratedJavaRecognizer.java:211)
	at com.puppycrawl.tools.checkstyle.TreeWalker.parse(TreeWalker.java:439)
	at com.puppycrawl.tools.checkstyle.TreeWalker.processFiltered(TreeWalker.java:174)
	... 19 more

!ENTRY net.sf.eclipsecs.core 4 0 2017-02-25 11:28:56.064
!MESSAGE Checkstyle-Plugin: Exception was thrown while processing /Users/Frithjof/Documents/git/projects/MatchThree/src/edu/kit/informatik/matchthree/MatchThreeBoard.java
!STACK 0
com.puppycrawl.tools.checkstyle.api.CheckstyleException: Exception was thrown while processing /Users/Frithjof/Documents/git/projects/MatchThree/src/edu/kit/informatik/matchthree/MatchThreeBoard.java
	at com.puppycrawl.tools.checkstyle.Checker.processFiles(Checker.java:287)
	at com.puppycrawl.tools.checkstyle.Checker.process(Checker.java:205)
	at net.sf.eclipsecs.core.builder.Auditor.runAudit(Auditor.java:157)
	at net.sf.eclipsecs.core.builder.CheckstyleBuilder.handleBuildSelection(CheckstyleBuilder.java:300)
	at net.sf.eclipsecs.core.builder.CheckstyleBuilder.build(CheckstyleBuilder.java:171)
	at org.eclipse.core.internal.events.BuildManager$2.run(BuildManager.java:735)
	at org.eclipse.core.runtime.SafeRunner.run(SafeRunner.java:42)
	at org.eclipse.core.internal.events.BuildManager.basicBuild(BuildManager.java:206)
	at org.eclipse.core.internal.events.BuildManager.basicBuild(BuildManager.java:246)
	at org.eclipse.core.internal.events.BuildManager$1.run(BuildManager.java:301)
	at org.eclipse.core.runtime.SafeRunner.run(SafeRunner.java:42)
	at org.eclipse.core.internal.events.BuildManager.basicBuild(BuildManager.java:304)
	at org.eclipse.core.internal.events.BuildManager.basicBuildLoop(BuildManager.java:360)
	at org.eclipse.core.internal.events.BuildManager.build(BuildManager.java:383)
	at org.eclipse.core.internal.events.AutoBuildJob.doBuild(AutoBuildJob.java:144)
	at org.eclipse.core.internal.events.AutoBuildJob.run(AutoBuildJob.java:235)
	at org.eclipse.core.internal.jobs.Worker.run(Worker.java:55)
Caused by: com.puppycrawl.tools.checkstyle.api.CheckstyleException: MismatchedTokenException occurred during the analysis of file /Users/Frithjof/Documents/git/projects/MatchThree/src/edu/kit/informatik/matchthree/MatchThreeBoard.java.
	at com.puppycrawl.tools.checkstyle.TreeWalker.processFiltered(TreeWalker.java:192)
	at com.puppycrawl.tools.checkstyle.api.AbstractFileSetCheck.process(AbstractFileSetCheck.java:78)
	at com.puppycrawl.tools.checkstyle.Checker.processFile(Checker.java:307)
	at com.puppycrawl.tools.checkstyle.Checker.processFiles(Checker.java:278)
	... 16 more
Caused by: /Users/Frithjof/Documents/git/projects/MatchThree/src/edu/kit/informatik/matchthree/MatchThreeBoard.java:95:5: expecting EOF, found '}'
	at antlr.Parser.match(Parser.java:211)
	at com.puppycrawl.tools.checkstyle.grammars.GeneratedJavaRecognizer.compilationUnit(GeneratedJavaRecognizer.java:211)
	at com.puppycrawl.tools.checkstyle.TreeWalker.parse(TreeWalker.java:439)
	at com.puppycrawl.tools.checkstyle.TreeWalker.processFiltered(TreeWalker.java:174)
	... 19 more

!ENTRY net.sf.eclipsecs.core 4 0 2017-02-25 11:44:04.456
!MESSAGE Checkstyle-Plugin: Exception was thrown while processing /Users/Frithjof/Documents/git/projects/MatchThree/src/edu/kit/informatik/matchthree/MatchThreeBoard.java
!STACK 0
com.puppycrawl.tools.checkstyle.api.CheckstyleException: Exception was thrown while processing /Users/Frithjof/Documents/git/projects/MatchThree/src/edu/kit/informatik/matchthree/MatchThreeBoard.java
	at com.puppycrawl.tools.checkstyle.Checker.processFiles(Checker.java:287)
	at com.puppycrawl.tools.checkstyle.Checker.process(Checker.java:205)
	at net.sf.eclipsecs.core.builder.Auditor.runAudit(Auditor.java:157)
	at net.sf.eclipsecs.core.builder.CheckstyleBuilder.handleBuildSelection(CheckstyleBuilder.java:300)
	at net.sf.eclipsecs.core.builder.CheckstyleBuilder.build(CheckstyleBuilder.java:171)
	at org.eclipse.core.internal.events.BuildManager$2.run(BuildManager.java:735)
	at org.eclipse.core.runtime.SafeRunner.run(SafeRunner.java:42)
	at org.eclipse.core.internal.events.BuildManager.basicBuild(BuildManager.java:206)
	at org.eclipse.core.internal.events.BuildManager.basicBuild(BuildManager.java:246)
	at org.eclipse.core.internal.events.BuildManager$1.run(BuildManager.java:301)
	at org.eclipse.core.runtime.SafeRunner.run(SafeRunner.java:42)
	at org.eclipse.core.internal.events.BuildManager.basicBuild(BuildManager.java:304)
	at org.eclipse.core.internal.events.BuildManager.basicBuildLoop(BuildManager.java:360)
	at org.eclipse.core.internal.events.BuildManager.build(BuildManager.java:383)
	at org.eclipse.core.internal.events.AutoBuildJob.doBuild(AutoBuildJob.java:144)
	at org.eclipse.core.internal.events.AutoBuildJob.run(AutoBuildJob.java:235)
	at org.eclipse.core.internal.jobs.Worker.run(Worker.java:55)
Caused by: com.puppycrawl.tools.checkstyle.api.CheckstyleException: MismatchedTokenException occurred during the analysis of file /Users/Frithjof/Documents/git/projects/MatchThree/src/edu/kit/informatik/matchthree/MatchThreeBoard.java.
	at com.puppycrawl.tools.checkstyle.TreeWalker.processFiltered(TreeWalker.java:192)
	at com.puppycrawl.tools.checkstyle.api.AbstractFileSetCheck.process(AbstractFileSetCheck.java:78)
	at com.puppycrawl.tools.checkstyle.Checker.processFile(Checker.java:307)
	at com.puppycrawl.tools.checkstyle.Checker.processFiles(Checker.java:278)
	... 16 more
Caused by: /Users/Frithjof/Documents/git/projects/MatchThree/src/edu/kit/informatik/matchthree/MatchThreeBoard.java:93:9: expecting EOF, found 'if'
	at antlr.Parser.match(Parser.java:211)
	at com.puppycrawl.tools.checkstyle.grammars.GeneratedJavaRecognizer.compilationUnit(GeneratedJavaRecognizer.java:211)
	at com.puppycrawl.tools.checkstyle.TreeWalker.parse(TreeWalker.java:439)
	at com.puppycrawl.tools.checkstyle.TreeWalker.processFiltered(TreeWalker.java:174)
	... 19 more

!ENTRY net.sf.eclipsecs.core 4 0 2017-02-25 11:44:14.985
!MESSAGE Checkstyle-Plugin: Exception was thrown while processing /Users/Frithjof/Documents/git/projects/MatchThree/src/edu/kit/informatik/matchthree/MatchThreeBoard.java
!STACK 0
com.puppycrawl.tools.checkstyle.api.CheckstyleException: Exception was thrown while processing /Users/Frithjof/Documents/git/projects/MatchThree/src/edu/kit/informatik/matchthree/MatchThreeBoard.java
	at com.puppycrawl.tools.checkstyle.Checker.processFiles(Checker.java:287)
	at com.puppycrawl.tools.checkstyle.Checker.process(Checker.java:205)
	at net.sf.eclipsecs.core.builder.Auditor.runAudit(Auditor.java:157)
	at net.sf.eclipsecs.core.builder.CheckstyleBuilder.handleBuildSelection(CheckstyleBuilder.java:300)
	at net.sf.eclipsecs.core.builder.CheckstyleBuilder.build(CheckstyleBuilder.java:171)
	at org.eclipse.core.internal.events.BuildManager$2.run(BuildManager.java:735)
	at org.eclipse.core.runtime.SafeRunner.run(SafeRunner.java:42)
	at org.eclipse.core.internal.events.BuildManager.basicBuild(BuildManager.java:206)
	at org.eclipse.core.internal.events.BuildManager.basicBuild(BuildManager.java:246)
	at org.eclipse.core.internal.events.BuildManager$1.run(BuildManager.java:301)
	at org.eclipse.core.runtime.SafeRunner.run(SafeRunner.java:42)
	at org.eclipse.core.internal.events.BuildManager.basicBuild(BuildManager.java:304)
	at org.eclipse.core.internal.events.BuildManager.basicBuildLoop(BuildManager.java:360)
	at org.eclipse.core.internal.events.BuildManager.build(BuildManager.java:383)
	at org.eclipse.core.internal.events.AutoBuildJob.doBuild(AutoBuildJob.java:144)
	at org.eclipse.core.internal.events.AutoBuildJob.run(AutoBuildJob.java:235)
	at org.eclipse.core.internal.jobs.Worker.run(Worker.java:55)
Caused by: com.puppycrawl.tools.checkstyle.api.CheckstyleException: MismatchedTokenException occurred during the analysis of file /Users/Frithjof/Documents/git/projects/MatchThree/src/edu/kit/informatik/matchthree/MatchThreeBoard.java.
	at com.puppycrawl.tools.checkstyle.TreeWalker.processFiltered(TreeWalker.java:192)
	at com.puppycrawl.tools.checkstyle.api.AbstractFileSetCheck.process(AbstractFileSetCheck.java:78)
	at com.puppycrawl.tools.checkstyle.Checker.processFile(Checker.java:307)
	at com.puppycrawl.tools.checkstyle.Checker.processFiles(Checker.java:278)
	... 16 more
Caused by: /Users/Frithjof/Documents/git/projects/MatchThree/src/edu/kit/informatik/matchthree/MatchThreeBoard.java:129:5: expecting EOF, found '}'
	at antlr.Parser.match(Parser.java:211)
	at com.puppycrawl.tools.checkstyle.grammars.GeneratedJavaRecognizer.compilationUnit(GeneratedJavaRecognizer.java:211)
	at com.puppycrawl.tools.checkstyle.TreeWalker.parse(TreeWalker.java:439)
	at com.puppycrawl.tools.checkstyle.TreeWalker.processFiltered(TreeWalker.java:174)
	... 19 more

!ENTRY net.sf.eclipsecs.core 4 0 2017-02-25 11:54:00.708
!MESSAGE Checkstyle-Plugin: Exception was thrown while processing /Users/Frithjof/Documents/git/projects/MatchThree/src/edu/kit/informatik/matchthree/MatchThreeBoard.java
!STACK 0
com.puppycrawl.tools.checkstyle.api.CheckstyleException: Exception was thrown while processing /Users/Frithjof/Documents/git/projects/MatchThree/src/edu/kit/informatik/matchthree/MatchThreeBoard.java
	at com.puppycrawl.tools.checkstyle.Checker.processFiles(Checker.java:287)
	at com.puppycrawl.tools.checkstyle.Checker.process(Checker.java:205)
	at net.sf.eclipsecs.core.builder.Auditor.runAudit(Auditor.java:157)
	at net.sf.eclipsecs.core.builder.CheckstyleBuilder.handleBuildSelection(CheckstyleBuilder.java:300)
	at net.sf.eclipsecs.core.builder.CheckstyleBuilder.build(CheckstyleBuilder.java:171)
	at org.eclipse.core.internal.events.BuildManager$2.run(BuildManager.java:735)
	at org.eclipse.core.runtime.SafeRunner.run(SafeRunner.java:42)
	at org.eclipse.core.internal.events.BuildManager.basicBuild(BuildManager.java:206)
	at org.eclipse.core.internal.events.BuildManager.basicBuild(BuildManager.java:246)
	at org.eclipse.core.internal.events.BuildManager$1.run(BuildManager.java:301)
	at org.eclipse.core.runtime.SafeRunner.run(SafeRunner.java:42)
	at org.eclipse.core.internal.events.BuildManager.basicBuild(BuildManager.java:304)
	at org.eclipse.core.internal.events.BuildManager.basicBuildLoop(BuildManager.java:360)
	at org.eclipse.core.internal.events.BuildManager.build(BuildManager.java:383)
	at org.eclipse.core.internal.events.AutoBuildJob.doBuild(AutoBuildJob.java:144)
	at org.eclipse.core.internal.events.AutoBuildJob.run(AutoBuildJob.java:235)
	at org.eclipse.core.internal.jobs.Worker.run(Worker.java:55)
Caused by: com.puppycrawl.tools.checkstyle.api.CheckstyleException: MismatchedTokenException occurred during the analysis of file /Users/Frithjof/Documents/git/projects/MatchThree/src/edu/kit/informatik/matchthree/MatchThreeBoard.java.
	at com.puppycrawl.tools.checkstyle.TreeWalker.processFiltered(TreeWalker.java:192)
	at com.puppycrawl.tools.checkstyle.api.AbstractFileSetCheck.process(AbstractFileSetCheck.java:78)
	at com.puppycrawl.tools.checkstyle.Checker.processFile(Checker.java:307)
	at com.puppycrawl.tools.checkstyle.Checker.processFiles(Checker.java:278)
	... 16 more
Caused by: /Users/Frithjof/Documents/git/projects/MatchThree/src/edu/kit/informatik/matchthree/MatchThreeBoard.java:148:5: expecting EOF, found '}'
	at antlr.Parser.match(Parser.java:211)
	at com.puppycrawl.tools.checkstyle.grammars.GeneratedJavaRecognizer.compilationUnit(GeneratedJavaRecognizer.java:211)
	at com.puppycrawl.tools.checkstyle.TreeWalker.parse(TreeWalker.java:439)
	at com.puppycrawl.tools.checkstyle.TreeWalker.processFiltered(TreeWalker.java:174)
	... 19 more
!SESSION 2017-02-25 13:36:46.769 -----------------------------------------------
eclipse.buildId=4.6.2.M20161124-1400
java.version=1.8.0_121
java.vendor=Oracle Corporation
BootLoader constants: OS=macosx, ARCH=x86_64, WS=cocoa, NL=de_DE
Framework arguments:  -product org.eclipse.epp.package.java.product -keyring /Users/Frithjof/.eclipse_keyring
Command-line arguments:  -os macosx -ws cocoa -arch x86_64 -product org.eclipse.epp.package.java.product -keyring /Users/Frithjof/.eclipse_keyring

!ENTRY org.eclipse.ui 2 0 2017-02-25 13:36:58.377
!MESSAGE Warnings while parsing the commands from the 'org.eclipse.ui.commands' and 'org.eclipse.ui.actionDefinitions' extension points.
!SUBENTRY 1 org.eclipse.ui 2 0 2017-02-25 13:36:58.377
!MESSAGE Commands should really have a category: plug-in='net.sf.eclipsecs.ui', id='CheckstylePlugin.PurgeCaches', categoryId='net.sf.eclipsecs'

!ENTRY org.eclipse.ui 2 0 2017-02-25 13:36:59.033
!MESSAGE Warnings while parsing the commands from the 'org.eclipse.ui.commands' and 'org.eclipse.ui.actionDefinitions' extension points.
!SUBENTRY 1 org.eclipse.ui 2 0 2017-02-25 13:36:59.033
!MESSAGE Commands should really have a category: plug-in='net.sf.eclipsecs.ui', id='CheckstylePlugin.PurgeCaches', categoryId='net.sf.eclipsecs'

!ENTRY org.eclipse.core.net 1 0 2017-02-25 13:37:00.201
!MESSAGE System property http.nonProxyHosts has been set to local|*.local|169.254/16|*.169.254/16 by an external source. This value will be overwritten using the values from the preferences

!ENTRY org.eclipse.oomph.setup.ui 1 0 2017-02-25 13:37:13.621
!MESSAGE Setup tasks were performed during startup updating 258 preferences. See '/Applications/java-neon/Eclipse.app/Contents/Eclipse/configuration/org.eclipse.oomph.setup/setup.log' for details

!ENTRY net.sf.eclipsecs.core 4 0 2017-02-25 15:10:50.912
!MESSAGE Checkstyle-Plugin: Exception was thrown while processing /Users/Frithjof/Documents/git/projects/MatchThree/src/edu/kit/informatik/matchthree/FlipDown.java
!STACK 0
com.puppycrawl.tools.checkstyle.api.CheckstyleException: Exception was thrown while processing /Users/Frithjof/Documents/git/projects/MatchThree/src/edu/kit/informatik/matchthree/FlipDown.java
	at com.puppycrawl.tools.checkstyle.Checker.processFiles(Checker.java:287)
	at com.puppycrawl.tools.checkstyle.Checker.process(Checker.java:205)
	at net.sf.eclipsecs.core.builder.Auditor.runAudit(Auditor.java:157)
	at net.sf.eclipsecs.core.builder.CheckstyleBuilder.handleBuildSelection(CheckstyleBuilder.java:300)
	at net.sf.eclipsecs.core.builder.CheckstyleBuilder.build(CheckstyleBuilder.java:171)
	at org.eclipse.core.internal.events.BuildManager$2.run(BuildManager.java:735)
	at org.eclipse.core.runtime.SafeRunner.run(SafeRunner.java:42)
	at org.eclipse.core.internal.events.BuildManager.basicBuild(BuildManager.java:206)
	at org.eclipse.core.internal.events.BuildManager.basicBuild(BuildManager.java:246)
	at org.eclipse.core.internal.events.BuildManager$1.run(BuildManager.java:301)
	at org.eclipse.core.runtime.SafeRunner.run(SafeRunner.java:42)
	at org.eclipse.core.internal.events.BuildManager.basicBuild(BuildManager.java:304)
	at org.eclipse.core.internal.events.BuildManager.basicBuildLoop(BuildManager.java:360)
	at org.eclipse.core.internal.events.BuildManager.build(BuildManager.java:383)
	at org.eclipse.core.internal.events.AutoBuildJob.doBuild(AutoBuildJob.java:144)
	at org.eclipse.core.internal.events.AutoBuildJob.run(AutoBuildJob.java:235)
	at org.eclipse.core.internal.jobs.Worker.run(Worker.java:55)
Caused by: com.puppycrawl.tools.checkstyle.api.CheckstyleException: MismatchedTokenException occurred during the analysis of file /Users/Frithjof/Documents/git/projects/MatchThree/src/edu/kit/informatik/matchthree/FlipDown.java.
	at com.puppycrawl.tools.checkstyle.TreeWalker.processFiltered(TreeWalker.java:192)
	at com.puppycrawl.tools.checkstyle.api.AbstractFileSetCheck.process(AbstractFileSetCheck.java:78)
	at com.puppycrawl.tools.checkstyle.Checker.processFile(Checker.java:307)
	at com.puppycrawl.tools.checkstyle.Checker.processFiles(Checker.java:278)
	... 16 more
Caused by: /Users/Frithjof/Documents/git/projects/MatchThree/src/edu/kit/informatik/matchthree/FlipDown.java:22:9: expecting EOF, found '}'
	at antlr.Parser.match(Parser.java:211)
	at com.puppycrawl.tools.checkstyle.grammars.GeneratedJavaRecognizer.compilationUnit(GeneratedJavaRecognizer.java:211)
	at com.puppycrawl.tools.checkstyle.TreeWalker.parse(TreeWalker.java:439)
	at com.puppycrawl.tools.checkstyle.TreeWalker.processFiltered(TreeWalker.java:174)
	... 19 more

!ENTRY net.sf.eclipsecs.core 4 0 2017-02-25 16:33:51.387
!MESSAGE Checkstyle-Plugin: Exception was thrown while processing /Users/Frithjof/Documents/git/projects/MatchThree/src/edu/kit/informatik/matchthree/RotateColumnDown.java
!STACK 0
com.puppycrawl.tools.checkstyle.api.CheckstyleException: Exception was thrown while processing /Users/Frithjof/Documents/git/projects/MatchThree/src/edu/kit/informatik/matchthree/RotateColumnDown.java
	at com.puppycrawl.tools.checkstyle.Checker.processFiles(Checker.java:287)
	at com.puppycrawl.tools.checkstyle.Checker.process(Checker.java:205)
	at net.sf.eclipsecs.core.builder.Auditor.runAudit(Auditor.java:157)
	at net.sf.eclipsecs.core.builder.CheckstyleBuilder.handleBuildSelection(CheckstyleBuilder.java:300)
	at net.sf.eclipsecs.core.builder.CheckstyleBuilder.build(CheckstyleBuilder.java:171)
	at org.eclipse.core.internal.events.BuildManager$2.run(BuildManager.java:735)
	at org.eclipse.core.runtime.SafeRunner.run(SafeRunner.java:42)
	at org.eclipse.core.internal.events.BuildManager.basicBuild(BuildManager.java:206)
	at org.eclipse.core.internal.events.BuildManager.basicBuild(BuildManager.java:246)
	at org.eclipse.core.internal.events.BuildManager$1.run(BuildManager.java:301)
	at org.eclipse.core.runtime.SafeRunner.run(SafeRunner.java:42)
	at org.eclipse.core.internal.events.BuildManager.basicBuild(BuildManager.java:304)
	at org.eclipse.core.internal.events.BuildManager.basicBuildLoop(BuildManager.java:360)
	at org.eclipse.core.internal.events.BuildManager.build(BuildManager.java:383)
	at org.eclipse.core.internal.events.AutoBuildJob.doBuild(AutoBuildJob.java:144)
	at org.eclipse.core.internal.events.AutoBuildJob.run(AutoBuildJob.java:235)
	at org.eclipse.core.internal.jobs.Worker.run(Worker.java:55)
Caused by: com.puppycrawl.tools.checkstyle.api.CheckstyleException: MismatchedTokenException occurred during the analysis of file /Users/Frithjof/Documents/git/projects/MatchThree/src/edu/kit/informatik/matchthree/RotateColumnDown.java.
	at com.puppycrawl.tools.checkstyle.TreeWalker.processFiltered(TreeWalker.java:192)
	at com.puppycrawl.tools.checkstyle.api.AbstractFileSetCheck.process(AbstractFileSetCheck.java:78)
	at com.puppycrawl.tools.checkstyle.Checker.processFile(Checker.java:307)
	at com.puppycrawl.tools.checkstyle.Checker.processFiles(Checker.java:278)
	... 16 more
Caused by: /Users/Frithjof/Documents/git/projects/MatchThree/src/edu/kit/informatik/matchthree/RotateColumnDown.java:46:5: expecting EOF, found '}'
	at antlr.Parser.match(Parser.java:211)
	at com.puppycrawl.tools.checkstyle.grammars.GeneratedJavaRecognizer.compilationUnit(GeneratedJavaRecognizer.java:211)
	at com.puppycrawl.tools.checkstyle.TreeWalker.parse(TreeWalker.java:439)
	at com.puppycrawl.tools.checkstyle.TreeWalker.processFiltered(TreeWalker.java:174)
	... 19 more

!ENTRY net.sf.eclipsecs.core 4 0 2017-02-25 16:41:17.776
!MESSAGE Checkstyle-Plugin: Exception was thrown while processing /Users/Frithjof/Documents/git/projects/MatchThree/src/edu/kit/informatik/matchthree/FlipDown.java
!STACK 0
com.puppycrawl.tools.checkstyle.api.CheckstyleException: Exception was thrown while processing /Users/Frithjof/Documents/git/projects/MatchThree/src/edu/kit/informatik/matchthree/FlipDown.java
	at com.puppycrawl.tools.checkstyle.Checker.processFiles(Checker.java:287)
	at com.puppycrawl.tools.checkstyle.Checker.process(Checker.java:205)
	at net.sf.eclipsecs.core.builder.Auditor.runAudit(Auditor.java:157)
	at net.sf.eclipsecs.core.builder.CheckstyleBuilder.handleBuildSelection(CheckstyleBuilder.java:300)
	at net.sf.eclipsecs.core.builder.CheckstyleBuilder.build(CheckstyleBuilder.java:171)
	at org.eclipse.core.internal.events.BuildManager$2.run(BuildManager.java:735)
	at org.eclipse.core.runtime.SafeRunner.run(SafeRunner.java:42)
	at org.eclipse.core.internal.events.BuildManager.basicBuild(BuildManager.java:206)
	at org.eclipse.core.internal.events.BuildManager.basicBuild(BuildManager.java:246)
	at org.eclipse.core.internal.events.BuildManager$1.run(BuildManager.java:301)
	at org.eclipse.core.runtime.SafeRunner.run(SafeRunner.java:42)
	at org.eclipse.core.internal.events.BuildManager.basicBuild(BuildManager.java:304)
	at org.eclipse.core.internal.events.BuildManager.basicBuildLoop(BuildManager.java:360)
	at org.eclipse.core.internal.events.BuildManager.build(BuildManager.java:383)
	at org.eclipse.core.internal.events.AutoBuildJob.doBuild(AutoBuildJob.java:144)
	at org.eclipse.core.internal.events.AutoBuildJob.run(AutoBuildJob.java:235)
	at org.eclipse.core.internal.jobs.Worker.run(Worker.java:55)
Caused by: com.puppycrawl.tools.checkstyle.api.CheckstyleException: MismatchedTokenException occurred during the analysis of file /Users/Frithjof/Documents/git/projects/MatchThree/src/edu/kit/informatik/matchthree/FlipDown.java.
	at com.puppycrawl.tools.checkstyle.TreeWalker.processFiltered(TreeWalker.java:192)
	at com.puppycrawl.tools.checkstyle.api.AbstractFileSetCheck.process(AbstractFileSetCheck.java:78)
	at com.puppycrawl.tools.checkstyle.Checker.processFile(Checker.java:307)
	at com.puppycrawl.tools.checkstyle.Checker.processFiles(Checker.java:278)
	... 16 more
Caused by: /Users/Frithjof/Documents/git/projects/MatchThree/src/edu/kit/informatik/matchthree/FlipDown.java:38:9: expecting EOF, found 'Token'
	at antlr.Parser.match(Parser.java:211)
	at com.puppycrawl.tools.checkstyle.grammars.GeneratedJavaRecognizer.compilationUnit(GeneratedJavaRecognizer.java:211)
	at com.puppycrawl.tools.checkstyle.TreeWalker.parse(TreeWalker.java:439)
	at com.puppycrawl.tools.checkstyle.TreeWalker.processFiltered(TreeWalker.java:174)
	... 19 more

!ENTRY net.sf.eclipsecs.core 4 0 2017-02-25 16:43:15.995
!MESSAGE Checkstyle-Plugin: Exception was thrown while processing /Users/Frithjof/Documents/git/projects/MatchThree/src/edu/kit/informatik/matchthree/RotateSquareClockwise.java
!STACK 0
com.puppycrawl.tools.checkstyle.api.CheckstyleException: Exception was thrown while processing /Users/Frithjof/Documents/git/projects/MatchThree/src/edu/kit/informatik/matchthree/RotateSquareClockwise.java
	at com.puppycrawl.tools.checkstyle.Checker.processFiles(Checker.java:287)
	at com.puppycrawl.tools.checkstyle.Checker.process(Checker.java:205)
	at net.sf.eclipsecs.core.builder.Auditor.runAudit(Auditor.java:157)
	at net.sf.eclipsecs.core.builder.CheckstyleBuilder.handleBuildSelection(CheckstyleBuilder.java:300)
	at net.sf.eclipsecs.core.builder.CheckstyleBuilder.build(CheckstyleBuilder.java:171)
	at org.eclipse.core.internal.events.BuildManager$2.run(BuildManager.java:735)
	at org.eclipse.core.runtime.SafeRunner.run(SafeRunner.java:42)
	at org.eclipse.core.internal.events.BuildManager.basicBuild(BuildManager.java:206)
	at org.eclipse.core.internal.events.BuildManager.basicBuild(BuildManager.java:246)
	at org.eclipse.core.internal.events.BuildManager$1.run(BuildManager.java:301)
	at org.eclipse.core.runtime.SafeRunner.run(SafeRunner.java:42)
	at org.eclipse.core.internal.events.BuildManager.basicBuild(BuildManager.java:304)
	at org.eclipse.core.internal.events.BuildManager.basicBuildLoop(BuildManager.java:360)
	at org.eclipse.core.internal.events.BuildManager.build(BuildManager.java:383)
	at org.eclipse.core.internal.events.AutoBuildJob.doBuild(AutoBuildJob.java:144)
	at org.eclipse.core.internal.events.AutoBuildJob.run(AutoBuildJob.java:235)
	at org.eclipse.core.internal.jobs.Worker.run(Worker.java:55)
Caused by: com.puppycrawl.tools.checkstyle.api.CheckstyleException: MismatchedTokenException occurred during the analysis of file /Users/Frithjof/Documents/git/projects/MatchThree/src/edu/kit/informatik/matchthree/RotateSquareClockwise.java.
	at com.puppycrawl.tools.checkstyle.TreeWalker.processFiltered(TreeWalker.java:192)
	at com.puppycrawl.tools.checkstyle.api.AbstractFileSetCheck.process(AbstractFileSetCheck.java:78)
	at com.puppycrawl.tools.checkstyle.Checker.processFile(Checker.java:307)
	at com.puppycrawl.tools.checkstyle.Checker.processFiles(Checker.java:278)
	... 16 more
Caused by: /Users/Frithjof/Documents/git/projects/MatchThree/src/edu/kit/informatik/matchthree/RotateSquareClockwise.java:38:9: expecting EOF, found 'Token'
	at antlr.Parser.match(Parser.java:211)
	at com.puppycrawl.tools.checkstyle.grammars.GeneratedJavaRecognizer.compilationUnit(GeneratedJavaRecognizer.java:211)
	at com.puppycrawl.tools.checkstyle.TreeWalker.parse(TreeWalker.java:439)
	at com.puppycrawl.tools.checkstyle.TreeWalker.processFiltered(TreeWalker.java:174)
	... 19 more

!ENTRY net.sf.eclipsecs.core 4 0 2017-02-26 08:41:21.890
!MESSAGE Checkstyle-Plugin: Exception was thrown while processing /Users/Frithjof/Documents/git/projects/MatchThree/src/edu/kit/informatik/matchthree/MaximumDeltaMatcher.java
!STACK 0
com.puppycrawl.tools.checkstyle.api.CheckstyleException: Exception was thrown while processing /Users/Frithjof/Documents/git/projects/MatchThree/src/edu/kit/informatik/matchthree/MaximumDeltaMatcher.java
	at com.puppycrawl.tools.checkstyle.Checker.processFiles(Checker.java:287)
	at com.puppycrawl.tools.checkstyle.Checker.process(Checker.java:205)
	at net.sf.eclipsecs.core.builder.Auditor.runAudit(Auditor.java:157)
	at net.sf.eclipsecs.core.builder.CheckstyleBuilder.handleBuildSelection(CheckstyleBuilder.java:300)
	at net.sf.eclipsecs.core.builder.CheckstyleBuilder.build(CheckstyleBuilder.java:171)
	at org.eclipse.core.internal.events.BuildManager$2.run(BuildManager.java:735)
	at org.eclipse.core.runtime.SafeRunner.run(SafeRunner.java:42)
	at org.eclipse.core.internal.events.BuildManager.basicBuild(BuildManager.java:206)
	at org.eclipse.core.internal.events.BuildManager.basicBuild(BuildManager.java:246)
	at org.eclipse.core.internal.events.BuildManager$1.run(BuildManager.java:301)
	at org.eclipse.core.runtime.SafeRunner.run(SafeRunner.java:42)
	at org.eclipse.core.internal.events.BuildManager.basicBuild(BuildManager.java:304)
	at org.eclipse.core.internal.events.BuildManager.basicBuildLoop(BuildManager.java:360)
	at org.eclipse.core.internal.events.BuildManager.build(BuildManager.java:383)
	at org.eclipse.core.internal.events.AutoBuildJob.doBuild(AutoBuildJob.java:144)
	at org.eclipse.core.internal.events.AutoBuildJob.run(AutoBuildJob.java:235)
	at org.eclipse.core.internal.jobs.Worker.run(Worker.java:55)
Caused by: com.puppycrawl.tools.checkstyle.api.CheckstyleException: MismatchedTokenException occurred during the analysis of file /Users/Frithjof/Documents/git/projects/MatchThree/src/edu/kit/informatik/matchthree/MaximumDeltaMatcher.java.
	at com.puppycrawl.tools.checkstyle.TreeWalker.processFiltered(TreeWalker.java:192)
	at com.puppycrawl.tools.checkstyle.api.AbstractFileSetCheck.process(AbstractFileSetCheck.java:78)
	at com.puppycrawl.tools.checkstyle.Checker.processFile(Checker.java:307)
	at com.puppycrawl.tools.checkstyle.Checker.processFiles(Checker.java:278)
	... 16 more
Caused by: /Users/Frithjof/Documents/git/projects/MatchThree/src/edu/kit/informatik/matchthree/MaximumDeltaMatcher.java:30:13: expecting EOF, found 'this'
	at antlr.Parser.match(Parser.java:211)
	at com.puppycrawl.tools.checkstyle.grammars.GeneratedJavaRecognizer.compilationUnit(GeneratedJavaRecognizer.java:211)
	at com.puppycrawl.tools.checkstyle.TreeWalker.parse(TreeWalker.java:439)
	at com.puppycrawl.tools.checkstyle.TreeWalker.processFiltered(TreeWalker.java:174)
	... 19 more

!ENTRY net.sf.eclipsecs.core 4 0 2017-02-26 08:42:24.974
!MESSAGE Checkstyle-Plugin: Exception was thrown while processing /Users/Frithjof/Documents/git/projects/MatchThree/src/edu/kit/informatik/matchthree/MaximumDeltaMatcher.java
!STACK 0
com.puppycrawl.tools.checkstyle.api.CheckstyleException: Exception was thrown while processing /Users/Frithjof/Documents/git/projects/MatchThree/src/edu/kit/informatik/matchthree/MaximumDeltaMatcher.java
	at com.puppycrawl.tools.checkstyle.Checker.processFiles(Checker.java:287)
	at com.puppycrawl.tools.checkstyle.Checker.process(Checker.java:205)
	at net.sf.eclipsecs.core.builder.Auditor.runAudit(Auditor.java:157)
	at net.sf.eclipsecs.core.builder.CheckstyleBuilder.handleBuildSelection(CheckstyleBuilder.java:300)
	at net.sf.eclipsecs.core.builder.CheckstyleBuilder.build(CheckstyleBuilder.java:171)
	at org.eclipse.core.internal.events.BuildManager$2.run(BuildManager.java:735)
	at org.eclipse.core.runtime.SafeRunner.run(SafeRunner.java:42)
	at org.eclipse.core.internal.events.BuildManager.basicBuild(BuildManager.java:206)
	at org.eclipse.core.internal.events.BuildManager.basicBuild(BuildManager.java:246)
	at org.eclipse.core.internal.events.BuildManager$1.run(BuildManager.java:301)
	at org.eclipse.core.runtime.SafeRunner.run(SafeRunner.java:42)
	at org.eclipse.core.internal.events.BuildManager.basicBuild(BuildManager.java:304)
	at org.eclipse.core.internal.events.BuildManager.basicBuildLoop(BuildManager.java:360)
	at org.eclipse.core.internal.events.BuildManager.build(BuildManager.java:383)
	at org.eclipse.core.internal.events.AutoBuildJob.doBuild(AutoBuildJob.java:144)
	at org.eclipse.core.internal.events.AutoBuildJob.run(AutoBuildJob.java:235)
	at org.eclipse.core.internal.jobs.Worker.run(Worker.java:55)
Caused by: com.puppycrawl.tools.checkstyle.api.CheckstyleException: MismatchedTokenException occurred during the analysis of file /Users/Frithjof/Documents/git/projects/MatchThree/src/edu/kit/informatik/matchthree/MaximumDeltaMatcher.java.
	at com.puppycrawl.tools.checkstyle.TreeWalker.processFiltered(TreeWalker.java:192)
	at com.puppycrawl.tools.checkstyle.api.AbstractFileSetCheck.process(AbstractFileSetCheck.java:78)
	at com.puppycrawl.tools.checkstyle.Checker.processFile(Checker.java:307)
	at com.puppycrawl.tools.checkstyle.Checker.processFiles(Checker.java:278)
	... 16 more
Caused by: /Users/Frithjof/Documents/git/projects/MatchThree/src/edu/kit/informatik/matchthree/MaximumDeltaMatcher.java:32:13: expecting EOF, found 'this'
	at antlr.Parser.match(Parser.java:211)
	at com.puppycrawl.tools.checkstyle.grammars.GeneratedJavaRecognizer.compilationUnit(GeneratedJavaRecognizer.java:211)
	at com.puppycrawl.tools.checkstyle.TreeWalker.parse(TreeWalker.java:439)
	at com.puppycrawl.tools.checkstyle.TreeWalker.processFiltered(TreeWalker.java:174)
	... 19 more

!ENTRY net.sf.eclipsecs.core 4 0 2017-02-26 09:04:35.769
!MESSAGE Checkstyle-Plugin: Exception was thrown while processing /Users/Frithjof/Documents/git/projects/MatchThree/src/edu/kit/informatik/matchthree/MaximumDeltaMatcher.java
!STACK 0
com.puppycrawl.tools.checkstyle.api.CheckstyleException: Exception was thrown while processing /Users/Frithjof/Documents/git/projects/MatchThree/src/edu/kit/informatik/matchthree/MaximumDeltaMatcher.java
	at com.puppycrawl.tools.checkstyle.Checker.processFiles(Checker.java:287)
	at com.puppycrawl.tools.checkstyle.Checker.process(Checker.java:205)
	at net.sf.eclipsecs.core.builder.Auditor.runAudit(Auditor.java:157)
	at net.sf.eclipsecs.core.builder.CheckstyleBuilder.handleBuildSelection(CheckstyleBuilder.java:300)
	at net.sf.eclipsecs.core.builder.CheckstyleBuilder.build(CheckstyleBuilder.java:171)
	at org.eclipse.core.internal.events.BuildManager$2.run(BuildManager.java:735)
	at org.eclipse.core.runtime.SafeRunner.run(SafeRunner.java:42)
	at org.eclipse.core.internal.events.BuildManager.basicBuild(BuildManager.java:206)
	at org.eclipse.core.internal.events.BuildManager.basicBuild(BuildManager.java:246)
	at org.eclipse.core.internal.events.BuildManager$1.run(BuildManager.java:301)
	at org.eclipse.core.runtime.SafeRunner.run(SafeRunner.java:42)
	at org.eclipse.core.internal.events.BuildManager.basicBuild(BuildManager.java:304)
	at org.eclipse.core.internal.events.BuildManager.basicBuildLoop(BuildManager.java:360)
	at org.eclipse.core.internal.events.BuildManager.build(BuildManager.java:383)
	at org.eclipse.core.internal.events.AutoBuildJob.doBuild(AutoBuildJob.java:144)
	at org.eclipse.core.internal.events.AutoBuildJob.run(AutoBuildJob.java:235)
	at org.eclipse.core.internal.jobs.Worker.run(Worker.java:55)
Caused by: com.puppycrawl.tools.checkstyle.api.CheckstyleException: MismatchedTokenException occurred during the analysis of file /Users/Frithjof/Documents/git/projects/MatchThree/src/edu/kit/informatik/matchthree/MaximumDeltaMatcher.java.
	at com.puppycrawl.tools.checkstyle.TreeWalker.processFiltered(TreeWalker.java:192)
	at com.puppycrawl.tools.checkstyle.api.AbstractFileSetCheck.process(AbstractFileSetCheck.java:78)
	at com.puppycrawl.tools.checkstyle.Checker.processFile(Checker.java:307)
	at com.puppycrawl.tools.checkstyle.Checker.processFiles(Checker.java:278)
	... 16 more
Caused by: /Users/Frithjof/Documents/git/projects/MatchThree/src/edu/kit/informatik/matchthree/MaximumDeltaMatcher.java:57:5: expecting EOF, found '}'
	at antlr.Parser.match(Parser.java:211)
	at com.puppycrawl.tools.checkstyle.grammars.GeneratedJavaRecognizer.compilationUnit(GeneratedJavaRecognizer.java:211)
	at com.puppycrawl.tools.checkstyle.TreeWalker.parse(TreeWalker.java:439)
	at com.puppycrawl.tools.checkstyle.TreeWalker.processFiltered(TreeWalker.java:174)
	... 19 more

!ENTRY net.sf.eclipsecs.core 4 0 2017-02-26 09:05:45.137
!MESSAGE Checkstyle-Plugin: Exception was thrown while processing /Users/Frithjof/Documents/git/projects/MatchThree/src/edu/kit/informatik/matchthree/MaximumDeltaMatcher.java
!STACK 0
com.puppycrawl.tools.checkstyle.api.CheckstyleException: Exception was thrown while processing /Users/Frithjof/Documents/git/projects/MatchThree/src/edu/kit/informatik/matchthree/MaximumDeltaMatcher.java
	at com.puppycrawl.tools.checkstyle.Checker.processFiles(Checker.java:287)
	at com.puppycrawl.tools.checkstyle.Checker.process(Checker.java:205)
	at net.sf.eclipsecs.core.builder.Auditor.runAudit(Auditor.java:157)
	at net.sf.eclipsecs.core.builder.CheckstyleBuilder.handleBuildSelection(CheckstyleBuilder.java:300)
	at net.sf.eclipsecs.core.builder.CheckstyleBuilder.build(CheckstyleBuilder.java:171)
	at org.eclipse.core.internal.events.BuildManager$2.run(BuildManager.java:735)
	at org.eclipse.core.runtime.SafeRunner.run(SafeRunner.java:42)
	at org.eclipse.core.internal.events.BuildManager.basicBuild(BuildManager.java:206)
	at org.eclipse.core.internal.events.BuildManager.basicBuild(BuildManager.java:246)
	at org.eclipse.core.internal.events.BuildManager$1.run(BuildManager.java:301)
	at org.eclipse.core.runtime.SafeRunner.run(SafeRunner.java:42)
	at org.eclipse.core.internal.events.BuildManager.basicBuild(BuildManager.java:304)
	at org.eclipse.core.internal.events.BuildManager.basicBuildLoop(BuildManager.java:360)
	at org.eclipse.core.internal.events.BuildManager.build(BuildManager.java:383)
	at org.eclipse.core.internal.events.AutoBuildJob.doBuild(AutoBuildJob.java:144)
	at org.eclipse.core.internal.events.AutoBuildJob.run(AutoBuildJob.java:235)
	at org.eclipse.core.internal.jobs.Worker.run(Worker.java:55)
Caused by: com.puppycrawl.tools.checkstyle.api.CheckstyleException: MismatchedTokenException occurred during the analysis of file /Users/Frithjof/Documents/git/projects/MatchThree/src/edu/kit/informatik/matchthree/MaximumDeltaMatcher.java.
	at com.puppycrawl.tools.checkstyle.TreeWalker.processFiltered(TreeWalker.java:192)
	at com.puppycrawl.tools.checkstyle.api.AbstractFileSetCheck.process(AbstractFileSetCheck.java:78)
	at com.puppycrawl.tools.checkstyle.Checker.processFile(Checker.java:307)
	at com.puppycrawl.tools.checkstyle.Checker.processFiles(Checker.java:278)
	... 16 more
Caused by: /Users/Frithjof/Documents/git/projects/MatchThree/src/edu/kit/informatik/matchthree/MaximumDeltaMatcher.java:58:5: expecting EOF, found '}'
	at antlr.Parser.match(Parser.java:211)
	at com.puppycrawl.tools.checkstyle.grammars.GeneratedJavaRecognizer.compilationUnit(GeneratedJavaRecognizer.java:211)
	at com.puppycrawl.tools.checkstyle.TreeWalker.parse(TreeWalker.java:439)
	at com.puppycrawl.tools.checkstyle.TreeWalker.processFiltered(TreeWalker.java:174)
	... 19 more

!ENTRY net.sf.eclipsecs.core 4 0 2017-02-26 09:06:05.173
!MESSAGE Checkstyle-Plugin: Exception was thrown while processing /Users/Frithjof/Documents/git/projects/MatchThree/src/edu/kit/informatik/matchthree/MaximumDeltaMatcher.java
!STACK 0
com.puppycrawl.tools.checkstyle.api.CheckstyleException: Exception was thrown while processing /Users/Frithjof/Documents/git/projects/MatchThree/src/edu/kit/informatik/matchthree/MaximumDeltaMatcher.java
	at com.puppycrawl.tools.checkstyle.Checker.processFiles(Checker.java:287)
	at com.puppycrawl.tools.checkstyle.Checker.process(Checker.java:205)
	at net.sf.eclipsecs.core.builder.Auditor.runAudit(Auditor.java:157)
	at net.sf.eclipsecs.core.builder.CheckstyleBuilder.handleBuildSelection(CheckstyleBuilder.java:300)
	at net.sf.eclipsecs.core.builder.CheckstyleBuilder.build(CheckstyleBuilder.java:171)
	at org.eclipse.core.internal.events.BuildManager$2.run(BuildManager.java:735)
	at org.eclipse.core.runtime.SafeRunner.run(SafeRunner.java:42)
	at org.eclipse.core.internal.events.BuildManager.basicBuild(BuildManager.java:206)
	at org.eclipse.core.internal.events.BuildManager.basicBuild(BuildManager.java:246)
	at org.eclipse.core.internal.events.BuildManager$1.run(BuildManager.java:301)
	at org.eclipse.core.runtime.SafeRunner.run(SafeRunner.java:42)
	at org.eclipse.core.internal.events.BuildManager.basicBuild(BuildManager.java:304)
	at org.eclipse.core.internal.events.BuildManager.basicBuildLoop(BuildManager.java:360)
	at org.eclipse.core.internal.events.BuildManager.build(BuildManager.java:383)
	at org.eclipse.core.internal.events.AutoBuildJob.doBuild(AutoBuildJob.java:144)
	at org.eclipse.core.internal.events.AutoBuildJob.run(AutoBuildJob.java:235)
	at org.eclipse.core.internal.jobs.Worker.run(Worker.java:55)
Caused by: com.puppycrawl.tools.checkstyle.api.CheckstyleException: MismatchedTokenException occurred during the analysis of file /Users/Frithjof/Documents/git/projects/MatchThree/src/edu/kit/informatik/matchthree/MaximumDeltaMatcher.java.
	at com.puppycrawl.tools.checkstyle.TreeWalker.processFiltered(TreeWalker.java:192)
	at com.puppycrawl.tools.checkstyle.api.AbstractFileSetCheck.process(AbstractFileSetCheck.java:78)
	at com.puppycrawl.tools.checkstyle.Checker.processFile(Checker.java:307)
	at com.puppycrawl.tools.checkstyle.Checker.processFiles(Checker.java:278)
	... 16 more
Caused by: /Users/Frithjof/Documents/git/projects/MatchThree/src/edu/kit/informatik/matchthree/MaximumDeltaMatcher.java:58:5: expecting EOF, found '}'
	at antlr.Parser.match(Parser.java:211)
	at com.puppycrawl.tools.checkstyle.grammars.GeneratedJavaRecognizer.compilationUnit(GeneratedJavaRecognizer.java:211)
	at com.puppycrawl.tools.checkstyle.TreeWalker.parse(TreeWalker.java:439)
	at com.puppycrawl.tools.checkstyle.TreeWalker.processFiltered(TreeWalker.java:174)
	... 19 more

!ENTRY net.sf.eclipsecs.core 4 0 2017-02-26 09:12:36.526
!MESSAGE Checkstyle-Plugin: Exception was thrown while processing /Users/Frithjof/Documents/git/projects/MatchThree/src/edu/kit/informatik/matchthree/MaximumDeltaMatcher.java
!STACK 0
com.puppycrawl.tools.checkstyle.api.CheckstyleException: Exception was thrown while processing /Users/Frithjof/Documents/git/projects/MatchThree/src/edu/kit/informatik/matchthree/MaximumDeltaMatcher.java
	at com.puppycrawl.tools.checkstyle.Checker.processFiles(Checker.java:287)
	at com.puppycrawl.tools.checkstyle.Checker.process(Checker.java:205)
	at net.sf.eclipsecs.core.builder.Auditor.runAudit(Auditor.java:157)
	at net.sf.eclipsecs.core.builder.CheckstyleBuilder.handleBuildSelection(CheckstyleBuilder.java:300)
	at net.sf.eclipsecs.core.builder.CheckstyleBuilder.build(CheckstyleBuilder.java:171)
	at org.eclipse.core.internal.events.BuildManager$2.run(BuildManager.java:735)
	at org.eclipse.core.runtime.SafeRunner.run(SafeRunner.java:42)
	at org.eclipse.core.internal.events.BuildManager.basicBuild(BuildManager.java:206)
	at org.eclipse.core.internal.events.BuildManager.basicBuild(BuildManager.java:246)
	at org.eclipse.core.internal.events.BuildManager$1.run(BuildManager.java:301)
	at org.eclipse.core.runtime.SafeRunner.run(SafeRunner.java:42)
	at org.eclipse.core.internal.events.BuildManager.basicBuild(BuildManager.java:304)
	at org.eclipse.core.internal.events.BuildManager.basicBuildLoop(BuildManager.java:360)
	at org.eclipse.core.internal.events.BuildManager.build(BuildManager.java:383)
	at org.eclipse.core.internal.events.AutoBuildJob.doBuild(AutoBuildJob.java:144)
	at org.eclipse.core.internal.events.AutoBuildJob.run(AutoBuildJob.java:235)
	at org.eclipse.core.internal.jobs.Worker.run(Worker.java:55)
Caused by: com.puppycrawl.tools.checkstyle.api.CheckstyleException: MismatchedTokenException occurred during the analysis of file /Users/Frithjof/Documents/git/projects/MatchThree/src/edu/kit/informatik/matchthree/MaximumDeltaMatcher.java.
	at com.puppycrawl.tools.checkstyle.TreeWalker.processFiltered(TreeWalker.java:192)
	at com.puppycrawl.tools.checkstyle.api.AbstractFileSetCheck.process(AbstractFileSetCheck.java:78)
	at com.puppycrawl.tools.checkstyle.Checker.processFile(Checker.java:307)
	at com.puppycrawl.tools.checkstyle.Checker.processFiles(Checker.java:278)
	... 16 more
Caused by: /Users/Frithjof/Documents/git/projects/MatchThree/src/edu/kit/informatik/matchthree/MaximumDeltaMatcher.java:57:9: expecting EOF, found 'result'
	at antlr.Parser.match(Parser.java:211)
	at com.puppycrawl.tools.checkstyle.grammars.GeneratedJavaRecognizer.compilationUnit(GeneratedJavaRecognizer.java:211)
	at com.puppycrawl.tools.checkstyle.TreeWalker.parse(TreeWalker.java:439)
	at com.puppycrawl.tools.checkstyle.TreeWalker.processFiltered(TreeWalker.java:174)
	... 19 more

!ENTRY net.sf.eclipsecs.core 4 0 2017-02-26 09:21:17.834
!MESSAGE Checkstyle-Plugin: Exception was thrown while processing /Users/Frithjof/Documents/git/projects/MatchThree/src/edu/kit/informatik/matchthree/MaximumDeltaMatcher.java
!STACK 0
com.puppycrawl.tools.checkstyle.api.CheckstyleException: Exception was thrown while processing /Users/Frithjof/Documents/git/projects/MatchThree/src/edu/kit/informatik/matchthree/MaximumDeltaMatcher.java
	at com.puppycrawl.tools.checkstyle.Checker.processFiles(Checker.java:287)
	at com.puppycrawl.tools.checkstyle.Checker.process(Checker.java:205)
	at net.sf.eclipsecs.core.builder.Auditor.runAudit(Auditor.java:157)
	at net.sf.eclipsecs.core.builder.CheckstyleBuilder.handleBuildSelection(CheckstyleBuilder.java:300)
	at net.sf.eclipsecs.core.builder.CheckstyleBuilder.build(CheckstyleBuilder.java:171)
	at org.eclipse.core.internal.events.BuildManager$2.run(BuildManager.java:735)
	at org.eclipse.core.runtime.SafeRunner.run(SafeRunner.java:42)
	at org.eclipse.core.internal.events.BuildManager.basicBuild(BuildManager.java:206)
	at org.eclipse.core.internal.events.BuildManager.basicBuild(BuildManager.java:246)
	at org.eclipse.core.internal.events.BuildManager$1.run(BuildManager.java:301)
	at org.eclipse.core.runtime.SafeRunner.run(SafeRunner.java:42)
	at org.eclipse.core.internal.events.BuildManager.basicBuild(BuildManager.java:304)
	at org.eclipse.core.internal.events.BuildManager.basicBuildLoop(BuildManager.java:360)
	at org.eclipse.core.internal.events.BuildManager.build(BuildManager.java:383)
	at org.eclipse.core.internal.events.AutoBuildJob.doBuild(AutoBuildJob.java:144)
	at org.eclipse.core.internal.events.AutoBuildJob.run(AutoBuildJob.java:235)
	at org.eclipse.core.internal.jobs.Worker.run(Worker.java:55)
Caused by: com.puppycrawl.tools.checkstyle.api.CheckstyleException: MismatchedTokenException occurred during the analysis of file /Users/Frithjof/Documents/git/projects/MatchThree/src/edu/kit/informatik/matchthree/MaximumDeltaMatcher.java.
	at com.puppycrawl.tools.checkstyle.TreeWalker.processFiltered(TreeWalker.java:192)
	at com.puppycrawl.tools.checkstyle.api.AbstractFileSetCheck.process(AbstractFileSetCheck.java:78)
	at com.puppycrawl.tools.checkstyle.Checker.processFile(Checker.java:307)
	at com.puppycrawl.tools.checkstyle.Checker.processFiles(Checker.java:278)
	... 16 more
Caused by: /Users/Frithjof/Documents/git/projects/MatchThree/src/edu/kit/informatik/matchthree/MaximumDeltaMatcher.java:57:9: expecting EOF, found 'result'
	at antlr.Parser.match(Parser.java:211)
	at com.puppycrawl.tools.checkstyle.grammars.GeneratedJavaRecognizer.compilationUnit(GeneratedJavaRecognizer.java:211)
	at com.puppycrawl.tools.checkstyle.TreeWalker.parse(TreeWalker.java:439)
	at com.puppycrawl.tools.checkstyle.TreeWalker.processFiltered(TreeWalker.java:174)
	... 19 more

!ENTRY net.sf.eclipsecs.core 4 0 2017-02-26 09:21:37.084
!MESSAGE Checkstyle-Plugin: Exception was thrown while processing /Users/Frithjof/Documents/git/projects/MatchThree/src/edu/kit/informatik/matchthree/MaximumDeltaMatcher.java
!STACK 0
com.puppycrawl.tools.checkstyle.api.CheckstyleException: Exception was thrown while processing /Users/Frithjof/Documents/git/projects/MatchThree/src/edu/kit/informatik/matchthree/MaximumDeltaMatcher.java
	at com.puppycrawl.tools.checkstyle.Checker.processFiles(Checker.java:287)
	at com.puppycrawl.tools.checkstyle.Checker.process(Checker.java:205)
	at net.sf.eclipsecs.core.builder.Auditor.runAudit(Auditor.java:157)
	at net.sf.eclipsecs.core.builder.CheckstyleBuilder.handleBuildSelection(CheckstyleBuilder.java:300)
	at net.sf.eclipsecs.core.builder.CheckstyleBuilder.build(CheckstyleBuilder.java:171)
	at org.eclipse.core.internal.events.BuildManager$2.run(BuildManager.java:735)
	at org.eclipse.core.runtime.SafeRunner.run(SafeRunner.java:42)
	at org.eclipse.core.internal.events.BuildManager.basicBuild(BuildManager.java:206)
	at org.eclipse.core.internal.events.BuildManager.basicBuild(BuildManager.java:246)
	at org.eclipse.core.internal.events.BuildManager$1.run(BuildManager.java:301)
	at org.eclipse.core.runtime.SafeRunner.run(SafeRunner.java:42)
	at org.eclipse.core.internal.events.BuildManager.basicBuild(BuildManager.java:304)
	at org.eclipse.core.internal.events.BuildManager.basicBuildLoop(BuildManager.java:360)
	at org.eclipse.core.internal.events.BuildManager.build(BuildManager.java:383)
	at org.eclipse.core.internal.events.AutoBuildJob.doBuild(AutoBuildJob.java:144)
	at org.eclipse.core.internal.events.AutoBuildJob.run(AutoBuildJob.java:235)
	at org.eclipse.core.internal.jobs.Worker.run(Worker.java:55)
Caused by: com.puppycrawl.tools.checkstyle.api.CheckstyleException: MismatchedTokenException occurred during the analysis of file /Users/Frithjof/Documents/git/projects/MatchThree/src/edu/kit/informatik/matchthree/MaximumDeltaMatcher.java.
	at com.puppycrawl.tools.checkstyle.TreeWalker.processFiltered(TreeWalker.java:192)
	at com.puppycrawl.tools.checkstyle.api.AbstractFileSetCheck.process(AbstractFileSetCheck.java:78)
	at com.puppycrawl.tools.checkstyle.Checker.processFile(Checker.java:307)
	at com.puppycrawl.tools.checkstyle.Checker.processFiles(Checker.java:278)
	... 16 more
Caused by: /Users/Frithjof/Documents/git/projects/MatchThree/src/edu/kit/informatik/matchthree/MaximumDeltaMatcher.java:57:9: expecting EOF, found 'result'
	at antlr.Parser.match(Parser.java:211)
	at com.puppycrawl.tools.checkstyle.grammars.GeneratedJavaRecognizer.compilationUnit(GeneratedJavaRecognizer.java:211)
	at com.puppycrawl.tools.checkstyle.TreeWalker.parse(TreeWalker.java:439)
	at com.puppycrawl.tools.checkstyle.TreeWalker.processFiltered(TreeWalker.java:174)
	... 19 more

!ENTRY org.eclipse.core.resources 4 2 2017-02-26 09:40:14.138
!MESSAGE Problems occurred when invoking code from plug-in: "org.eclipse.core.resources".
!STACK 1
org.eclipse.core.runtime.CoreException: Read timed out
	at net.sf.eclipsecs.core.builder.CheckstyleBuilder.handleBuildSelection(CheckstyleBuilder.java:307)
	at net.sf.eclipsecs.core.builder.CheckstyleBuilder.build(CheckstyleBuilder.java:171)
	at org.eclipse.core.internal.events.BuildManager$2.run(BuildManager.java:735)
	at org.eclipse.core.runtime.SafeRunner.run(SafeRunner.java:42)
	at org.eclipse.core.internal.events.BuildManager.basicBuild(BuildManager.java:206)
	at org.eclipse.core.internal.events.BuildManager.basicBuild(BuildManager.java:246)
	at org.eclipse.core.internal.events.BuildManager$1.run(BuildManager.java:301)
	at org.eclipse.core.runtime.SafeRunner.run(SafeRunner.java:42)
	at org.eclipse.core.internal.events.BuildManager.basicBuild(BuildManager.java:304)
	at org.eclipse.core.internal.events.BuildManager.basicBuildLoop(BuildManager.java:360)
	at org.eclipse.core.internal.events.BuildManager.build(BuildManager.java:383)
	at org.eclipse.core.internal.events.AutoBuildJob.doBuild(AutoBuildJob.java:144)
	at org.eclipse.core.internal.events.AutoBuildJob.run(AutoBuildJob.java:235)
	at org.eclipse.core.internal.jobs.Worker.run(Worker.java:55)
Caused by: net.sf.eclipsecs.core.util.CheckstylePluginException: Read timed out
	at net.sf.eclipsecs.core.util.CheckstylePluginException.rethrow(CheckstylePluginException.java:68)
	at net.sf.eclipsecs.core.util.CheckstylePluginException.rethrow(CheckstylePluginException.java:81)
	at net.sf.eclipsecs.core.config.configtypes.RemoteConfigurationType.getCheckstyleConfiguration(RemoteConfigurationType.java:165)
	at net.sf.eclipsecs.core.config.CheckConfiguration.getCheckstyleConfiguration(CheckConfiguration.java:161)
	at net.sf.eclipsecs.core.builder.CheckerFactory.getCacheKey(CheckerFactory.java:210)
	at net.sf.eclipsecs.core.builder.CheckerFactory.createChecker(CheckerFactory.java:105)
	at net.sf.eclipsecs.core.builder.Auditor.runAudit(Auditor.java:140)
	at net.sf.eclipsecs.core.builder.CheckstyleBuilder.handleBuildSelection(CheckstyleBuilder.java:300)
	... 13 more
Caused by: java.net.SocketTimeoutException: Read timed out
	at java.net.SocketInputStream.socketRead0(Native Method)
	at java.net.SocketInputStream.socketRead(SocketInputStream.java:116)
	at java.net.SocketInputStream.read(SocketInputStream.java:171)
	at java.net.SocketInputStream.read(SocketInputStream.java:141)
	at sun.security.ssl.InputRecord.readFully(InputRecord.java:465)
	at sun.security.ssl.InputRecord.readV3Record(InputRecord.java:593)
	at sun.security.ssl.InputRecord.read(InputRecord.java:532)
	at sun.security.ssl.SSLSocketImpl.readRecord(SSLSocketImpl.java:973)
	at sun.security.ssl.SSLSocketImpl.readDataRecord(SSLSocketImpl.java:930)
	at sun.security.ssl.AppInputStream.read(AppInputStream.java:105)
	at java.io.BufferedInputStream.fill(BufferedInputStream.java:246)
	at java.io.BufferedInputStream.read1(BufferedInputStream.java:286)
	at java.io.BufferedInputStream.read(BufferedInputStream.java:345)
	at sun.net.www.MeteredStream.read(MeteredStream.java:134)
	at java.io.FilterInputStream.read(FilterInputStream.java:133)
	at sun.net.www.protocol.http.HttpURLConnection$HttpInputStream.read(HttpURLConnection.java:3375)
	at sun.net.www.protocol.http.HttpURLConnection$HttpInputStream.read(HttpURLConnection.java:3368)
	at com.google.common.io.ByteStreams.copy(ByteStreams.java:110)
	at com.google.common.io.ByteStreams.toByteArray(ByteStreams.java:168)
	at net.sf.eclipsecs.core.config.configtypes.RemoteConfigurationType.getBytesFromURLConnection(RemoteConfigurationType.java:343)
	at net.sf.eclipsecs.core.config.configtypes.RemoteConfigurationType.getCheckstyleConfiguration(RemoteConfigurationType.java:117)
	... 18 more
!SUBENTRY 1 net.sf.eclipsecs.core 4 4 2017-02-26 09:40:14.148
!MESSAGE Read timed out
!STACK 0
net.sf.eclipsecs.core.util.CheckstylePluginException: Read timed out
	at net.sf.eclipsecs.core.util.CheckstylePluginException.rethrow(CheckstylePluginException.java:68)
	at net.sf.eclipsecs.core.util.CheckstylePluginException.rethrow(CheckstylePluginException.java:81)
	at net.sf.eclipsecs.core.config.configtypes.RemoteConfigurationType.getCheckstyleConfiguration(RemoteConfigurationType.java:165)
	at net.sf.eclipsecs.core.config.CheckConfiguration.getCheckstyleConfiguration(CheckConfiguration.java:161)
	at net.sf.eclipsecs.core.builder.CheckerFactory.getCacheKey(CheckerFactory.java:210)
	at net.sf.eclipsecs.core.builder.CheckerFactory.createChecker(CheckerFactory.java:105)
	at net.sf.eclipsecs.core.builder.Auditor.runAudit(Auditor.java:140)
	at net.sf.eclipsecs.core.builder.CheckstyleBuilder.handleBuildSelection(CheckstyleBuilder.java:300)
	at net.sf.eclipsecs.core.builder.CheckstyleBuilder.build(CheckstyleBuilder.java:171)
	at org.eclipse.core.internal.events.BuildManager$2.run(BuildManager.java:735)
	at org.eclipse.core.runtime.SafeRunner.run(SafeRunner.java:42)
	at org.eclipse.core.internal.events.BuildManager.basicBuild(BuildManager.java:206)
	at org.eclipse.core.internal.events.BuildManager.basicBuild(BuildManager.java:246)
	at org.eclipse.core.internal.events.BuildManager$1.run(BuildManager.java:301)
	at org.eclipse.core.runtime.SafeRunner.run(SafeRunner.java:42)
	at org.eclipse.core.internal.events.BuildManager.basicBuild(BuildManager.java:304)
	at org.eclipse.core.internal.events.BuildManager.basicBuildLoop(BuildManager.java:360)
	at org.eclipse.core.internal.events.BuildManager.build(BuildManager.java:383)
	at org.eclipse.core.internal.events.AutoBuildJob.doBuild(AutoBuildJob.java:144)
	at org.eclipse.core.internal.events.AutoBuildJob.run(AutoBuildJob.java:235)
	at org.eclipse.core.internal.jobs.Worker.run(Worker.java:55)
Caused by: java.net.SocketTimeoutException: Read timed out
	at java.net.SocketInputStream.socketRead0(Native Method)
	at java.net.SocketInputStream.socketRead(SocketInputStream.java:116)
	at java.net.SocketInputStream.read(SocketInputStream.java:171)
	at java.net.SocketInputStream.read(SocketInputStream.java:141)
	at sun.security.ssl.InputRecord.readFully(InputRecord.java:465)
	at sun.security.ssl.InputRecord.readV3Record(InputRecord.java:593)
	at sun.security.ssl.InputRecord.read(InputRecord.java:532)
	at sun.security.ssl.SSLSocketImpl.readRecord(SSLSocketImpl.java:973)
	at sun.security.ssl.SSLSocketImpl.readDataRecord(SSLSocketImpl.java:930)
	at sun.security.ssl.AppInputStream.read(AppInputStream.java:105)
	at java.io.BufferedInputStream.fill(BufferedInputStream.java:246)
	at java.io.BufferedInputStream.read1(BufferedInputStream.java:286)
	at java.io.BufferedInputStream.read(BufferedInputStream.java:345)
	at sun.net.www.MeteredStream.read(MeteredStream.java:134)
	at java.io.FilterInputStream.read(FilterInputStream.java:133)
	at sun.net.www.protocol.http.HttpURLConnection$HttpInputStream.read(HttpURLConnection.java:3375)
	at sun.net.www.protocol.http.HttpURLConnection$HttpInputStream.read(HttpURLConnection.java:3368)
	at com.google.common.io.ByteStreams.copy(ByteStreams.java:110)
	at com.google.common.io.ByteStreams.toByteArray(ByteStreams.java:168)
	at net.sf.eclipsecs.core.config.configtypes.RemoteConfigurationType.getBytesFromURLConnection(RemoteConfigurationType.java:343)
	at net.sf.eclipsecs.core.config.configtypes.RemoteConfigurationType.getCheckstyleConfiguration(RemoteConfigurationType.java:117)
	... 18 more
!SUBENTRY 1 net.sf.eclipsecs.core 4 4 2017-02-26 09:40:14.148
!MESSAGE Read timed out
!STACK 0
net.sf.eclipsecs.core.util.CheckstylePluginException: Read timed out
	at net.sf.eclipsecs.core.util.CheckstylePluginException.rethrow(CheckstylePluginException.java:68)
	at net.sf.eclipsecs.core.util.CheckstylePluginException.rethrow(CheckstylePluginException.java:81)
	at net.sf.eclipsecs.core.config.configtypes.RemoteConfigurationType.getCheckstyleConfiguration(RemoteConfigurationType.java:165)
	at net.sf.eclipsecs.core.config.CheckConfiguration.getCheckstyleConfiguration(CheckConfiguration.java:161)
	at net.sf.eclipsecs.core.builder.CheckerFactory.getCacheKey(CheckerFactory.java:210)
	at net.sf.eclipsecs.core.builder.CheckerFactory.createChecker(CheckerFactory.java:105)
	at net.sf.eclipsecs.core.builder.Auditor.runAudit(Auditor.java:140)
	at net.sf.eclipsecs.core.builder.CheckstyleBuilder.handleBuildSelection(CheckstyleBuilder.java:300)
	at net.sf.eclipsecs.core.builder.CheckstyleBuilder.build(CheckstyleBuilder.java:171)
	at org.eclipse.core.internal.events.BuildManager$2.run(BuildManager.java:735)
	at org.eclipse.core.runtime.SafeRunner.run(SafeRunner.java:42)
	at org.eclipse.core.internal.events.BuildManager.basicBuild(BuildManager.java:206)
	at org.eclipse.core.internal.events.BuildManager.basicBuild(BuildManager.java:246)
	at org.eclipse.core.internal.events.BuildManager$1.run(BuildManager.java:301)
	at org.eclipse.core.runtime.SafeRunner.run(SafeRunner.java:42)
	at org.eclipse.core.internal.events.BuildManager.basicBuild(BuildManager.java:304)
	at org.eclipse.core.internal.events.BuildManager.basicBuildLoop(BuildManager.java:360)
	at org.eclipse.core.internal.events.BuildManager.build(BuildManager.java:383)
	at org.eclipse.core.internal.events.AutoBuildJob.doBuild(AutoBuildJob.java:144)
	at org.eclipse.core.internal.events.AutoBuildJob.run(AutoBuildJob.java:235)
	at org.eclipse.core.internal.jobs.Worker.run(Worker.java:55)
Caused by: java.net.SocketTimeoutException: Read timed out
	at java.net.SocketInputStream.socketRead0(Native Method)
	at java.net.SocketInputStream.socketRead(SocketInputStream.java:116)
	at java.net.SocketInputStream.read(SocketInputStream.java:171)
	at java.net.SocketInputStream.read(SocketInputStream.java:141)
	at sun.security.ssl.InputRecord.readFully(InputRecord.java:465)
	at sun.security.ssl.InputRecord.readV3Record(InputRecord.java:593)
	at sun.security.ssl.InputRecord.read(InputRecord.java:532)
	at sun.security.ssl.SSLSocketImpl.readRecord(SSLSocketImpl.java:973)
	at sun.security.ssl.SSLSocketImpl.readDataRecord(SSLSocketImpl.java:930)
	at sun.security.ssl.AppInputStream.read(AppInputStream.java:105)
	at java.io.BufferedInputStream.fill(BufferedInputStream.java:246)
	at java.io.BufferedInputStream.read1(BufferedInputStream.java:286)
	at java.io.BufferedInputStream.read(BufferedInputStream.java:345)
	at sun.net.www.MeteredStream.read(MeteredStream.java:134)
	at java.io.FilterInputStream.read(FilterInputStream.java:133)
	at sun.net.www.protocol.http.HttpURLConnection$HttpInputStream.read(HttpURLConnection.java:3375)
	at sun.net.www.protocol.http.HttpURLConnection$HttpInputStream.read(HttpURLConnection.java:3368)
	at com.google.common.io.ByteStreams.copy(ByteStreams.java:110)
	at com.google.common.io.ByteStreams.toByteArray(ByteStreams.java:168)
	at net.sf.eclipsecs.core.config.configtypes.RemoteConfigurationType.getBytesFromURLConnection(RemoteConfigurationType.java:343)
	at net.sf.eclipsecs.core.config.configtypes.RemoteConfigurationType.getCheckstyleConfiguration(RemoteConfigurationType.java:117)
	... 18 more

!ENTRY org.eclipse.core.resources 4 75 2017-02-26 09:40:14.153
!MESSAGE Errors occurred during the build.
!SUBENTRY 1 net.sf.eclipsecs.core 4 75 2017-02-26 09:40:14.153
!MESSAGE Errors running builder 'Checkstyle Builder' on project 'MatchThree'.
!STACK 1
org.eclipse.core.runtime.CoreException: Read timed out
	at net.sf.eclipsecs.core.builder.CheckstyleBuilder.handleBuildSelection(CheckstyleBuilder.java:307)
	at net.sf.eclipsecs.core.builder.CheckstyleBuilder.build(CheckstyleBuilder.java:171)
	at org.eclipse.core.internal.events.BuildManager$2.run(BuildManager.java:735)
	at org.eclipse.core.runtime.SafeRunner.run(SafeRunner.java:42)
	at org.eclipse.core.internal.events.BuildManager.basicBuild(BuildManager.java:206)
	at org.eclipse.core.internal.events.BuildManager.basicBuild(BuildManager.java:246)
	at org.eclipse.core.internal.events.BuildManager$1.run(BuildManager.java:301)
	at org.eclipse.core.runtime.SafeRunner.run(SafeRunner.java:42)
	at org.eclipse.core.internal.events.BuildManager.basicBuild(BuildManager.java:304)
	at org.eclipse.core.internal.events.BuildManager.basicBuildLoop(BuildManager.java:360)
	at org.eclipse.core.internal.events.BuildManager.build(BuildManager.java:383)
	at org.eclipse.core.internal.events.AutoBuildJob.doBuild(AutoBuildJob.java:144)
	at org.eclipse.core.internal.events.AutoBuildJob.run(AutoBuildJob.java:235)
	at org.eclipse.core.internal.jobs.Worker.run(Worker.java:55)
Caused by: net.sf.eclipsecs.core.util.CheckstylePluginException: Read timed out
	at net.sf.eclipsecs.core.util.CheckstylePluginException.rethrow(CheckstylePluginException.java:68)
	at net.sf.eclipsecs.core.util.CheckstylePluginException.rethrow(CheckstylePluginException.java:81)
	at net.sf.eclipsecs.core.config.configtypes.RemoteConfigurationType.getCheckstyleConfiguration(RemoteConfigurationType.java:165)
	at net.sf.eclipsecs.core.config.CheckConfiguration.getCheckstyleConfiguration(CheckConfiguration.java:161)
	at net.sf.eclipsecs.core.builder.CheckerFactory.getCacheKey(CheckerFactory.java:210)
	at net.sf.eclipsecs.core.builder.CheckerFactory.createChecker(CheckerFactory.java:105)
	at net.sf.eclipsecs.core.builder.Auditor.runAudit(Auditor.java:140)
	at net.sf.eclipsecs.core.builder.CheckstyleBuilder.handleBuildSelection(CheckstyleBuilder.java:300)
	... 13 more
Caused by: java.net.SocketTimeoutException: Read timed out
	at java.net.SocketInputStream.socketRead0(Native Method)
	at java.net.SocketInputStream.socketRead(SocketInputStream.java:116)
	at java.net.SocketInputStream.read(SocketInputStream.java:171)
	at java.net.SocketInputStream.read(SocketInputStream.java:141)
	at sun.security.ssl.InputRecord.readFully(InputRecord.java:465)
	at sun.security.ssl.InputRecord.readV3Record(InputRecord.java:593)
	at sun.security.ssl.InputRecord.read(InputRecord.java:532)
	at sun.security.ssl.SSLSocketImpl.readRecord(SSLSocketImpl.java:973)
	at sun.security.ssl.SSLSocketImpl.readDataRecord(SSLSocketImpl.java:930)
	at sun.security.ssl.AppInputStream.read(AppInputStream.java:105)
	at java.io.BufferedInputStream.fill(BufferedInputStream.java:246)
	at java.io.BufferedInputStream.read1(BufferedInputStream.java:286)
	at java.io.BufferedInputStream.read(BufferedInputStream.java:345)
	at sun.net.www.MeteredStream.read(MeteredStream.java:134)
	at java.io.FilterInputStream.read(FilterInputStream.java:133)
	at sun.net.www.protocol.http.HttpURLConnection$HttpInputStream.read(HttpURLConnection.java:3375)
	at sun.net.www.protocol.http.HttpURLConnection$HttpInputStream.read(HttpURLConnection.java:3368)
	at com.google.common.io.ByteStreams.copy(ByteStreams.java:110)
	at com.google.common.io.ByteStreams.toByteArray(ByteStreams.java:168)
	at net.sf.eclipsecs.core.config.configtypes.RemoteConfigurationType.getBytesFromURLConnection(RemoteConfigurationType.java:343)
	at net.sf.eclipsecs.core.config.configtypes.RemoteConfigurationType.getCheckstyleConfiguration(RemoteConfigurationType.java:117)
	... 18 more
!SUBENTRY 2 net.sf.eclipsecs.core 4 4 2017-02-26 09:40:14.154
!MESSAGE Read timed out
!STACK 0
net.sf.eclipsecs.core.util.CheckstylePluginException: Read timed out
	at net.sf.eclipsecs.core.util.CheckstylePluginException.rethrow(CheckstylePluginException.java:68)
	at net.sf.eclipsecs.core.util.CheckstylePluginException.rethrow(CheckstylePluginException.java:81)
	at net.sf.eclipsecs.core.config.configtypes.RemoteConfigurationType.getCheckstyleConfiguration(RemoteConfigurationType.java:165)
	at net.sf.eclipsecs.core.config.CheckConfiguration.getCheckstyleConfiguration(CheckConfiguration.java:161)
	at net.sf.eclipsecs.core.builder.CheckerFactory.getCacheKey(CheckerFactory.java:210)
	at net.sf.eclipsecs.core.builder.CheckerFactory.createChecker(CheckerFactory.java:105)
	at net.sf.eclipsecs.core.builder.Auditor.runAudit(Auditor.java:140)
	at net.sf.eclipsecs.core.builder.CheckstyleBuilder.handleBuildSelection(CheckstyleBuilder.java:300)
	at net.sf.eclipsecs.core.builder.CheckstyleBuilder.build(CheckstyleBuilder.java:171)
	at org.eclipse.core.internal.events.BuildManager$2.run(BuildManager.java:735)
	at org.eclipse.core.runtime.SafeRunner.run(SafeRunner.java:42)
	at org.eclipse.core.internal.events.BuildManager.basicBuild(BuildManager.java:206)
	at org.eclipse.core.internal.events.BuildManager.basicBuild(BuildManager.java:246)
	at org.eclipse.core.internal.events.BuildManager$1.run(BuildManager.java:301)
	at org.eclipse.core.runtime.SafeRunner.run(SafeRunner.java:42)
	at org.eclipse.core.internal.events.BuildManager.basicBuild(BuildManager.java:304)
	at org.eclipse.core.internal.events.BuildManager.basicBuildLoop(BuildManager.java:360)
	at org.eclipse.core.internal.events.BuildManager.build(BuildManager.java:383)
	at org.eclipse.core.internal.events.AutoBuildJob.doBuild(AutoBuildJob.java:144)
	at org.eclipse.core.internal.events.AutoBuildJob.run(AutoBuildJob.java:235)
	at org.eclipse.core.internal.jobs.Worker.run(Worker.java:55)
Caused by: java.net.SocketTimeoutException: Read timed out
	at java.net.SocketInputStream.socketRead0(Native Method)
	at java.net.SocketInputStream.socketRead(SocketInputStream.java:116)
	at java.net.SocketInputStream.read(SocketInputStream.java:171)
	at java.net.SocketInputStream.read(SocketInputStream.java:141)
	at sun.security.ssl.InputRecord.readFully(InputRecord.java:465)
	at sun.security.ssl.InputRecord.readV3Record(InputRecord.java:593)
	at sun.security.ssl.InputRecord.read(InputRecord.java:532)
	at sun.security.ssl.SSLSocketImpl.readRecord(SSLSocketImpl.java:973)
	at sun.security.ssl.SSLSocketImpl.readDataRecord(SSLSocketImpl.java:930)
	at sun.security.ssl.AppInputStream.read(AppInputStream.java:105)
	at java.io.BufferedInputStream.fill(BufferedInputStream.java:246)
	at java.io.BufferedInputStream.read1(BufferedInputStream.java:286)
	at java.io.BufferedInputStream.read(BufferedInputStream.java:345)
	at sun.net.www.MeteredStream.read(MeteredStream.java:134)
	at java.io.FilterInputStream.read(FilterInputStream.java:133)
	at sun.net.www.protocol.http.HttpURLConnection$HttpInputStream.read(HttpURLConnection.java:3375)
	at sun.net.www.protocol.http.HttpURLConnection$HttpInputStream.read(HttpURLConnection.java:3368)
	at com.google.common.io.ByteStreams.copy(ByteStreams.java:110)
	at com.google.common.io.ByteStreams.toByteArray(ByteStreams.java:168)
	at net.sf.eclipsecs.core.config.configtypes.RemoteConfigurationType.getBytesFromURLConnection(RemoteConfigurationType.java:343)
	at net.sf.eclipsecs.core.config.configtypes.RemoteConfigurationType.getCheckstyleConfiguration(RemoteConfigurationType.java:117)
	... 18 more
!SUBENTRY 1 net.sf.eclipsecs.core 4 4 2017-02-26 09:40:14.154
!MESSAGE Read timed out
!STACK 0
net.sf.eclipsecs.core.util.CheckstylePluginException: Read timed out
	at net.sf.eclipsecs.core.util.CheckstylePluginException.rethrow(CheckstylePluginException.java:68)
	at net.sf.eclipsecs.core.util.CheckstylePluginException.rethrow(CheckstylePluginException.java:81)
	at net.sf.eclipsecs.core.config.configtypes.RemoteConfigurationType.getCheckstyleConfiguration(RemoteConfigurationType.java:165)
	at net.sf.eclipsecs.core.config.CheckConfiguration.getCheckstyleConfiguration(CheckConfiguration.java:161)
	at net.sf.eclipsecs.core.builder.CheckerFactory.getCacheKey(CheckerFactory.java:210)
	at net.sf.eclipsecs.core.builder.CheckerFactory.createChecker(CheckerFactory.java:105)
	at net.sf.eclipsecs.core.builder.Auditor.runAudit(Auditor.java:140)
	at net.sf.eclipsecs.core.builder.CheckstyleBuilder.handleBuildSelection(CheckstyleBuilder.java:300)
	at net.sf.eclipsecs.core.builder.CheckstyleBuilder.build(CheckstyleBuilder.java:171)
	at org.eclipse.core.internal.events.BuildManager$2.run(BuildManager.java:735)
	at org.eclipse.core.runtime.SafeRunner.run(SafeRunner.java:42)
	at org.eclipse.core.internal.events.BuildManager.basicBuild(BuildManager.java:206)
	at org.eclipse.core.internal.events.BuildManager.basicBuild(BuildManager.java:246)
	at org.eclipse.core.internal.events.BuildManager$1.run(BuildManager.java:301)
	at org.eclipse.core.runtime.SafeRunner.run(SafeRunner.java:42)
	at org.eclipse.core.internal.events.BuildManager.basicBuild(BuildManager.java:304)
	at org.eclipse.core.internal.events.BuildManager.basicBuildLoop(BuildManager.java:360)
	at org.eclipse.core.internal.events.BuildManager.build(BuildManager.java:383)
	at org.eclipse.core.internal.events.AutoBuildJob.doBuild(AutoBuildJob.java:144)
	at org.eclipse.core.internal.events.AutoBuildJob.run(AutoBuildJob.java:235)
	at org.eclipse.core.internal.jobs.Worker.run(Worker.java:55)
Caused by: java.net.SocketTimeoutException: Read timed out
	at java.net.SocketInputStream.socketRead0(Native Method)
	at java.net.SocketInputStream.socketRead(SocketInputStream.java:116)
	at java.net.SocketInputStream.read(SocketInputStream.java:171)
	at java.net.SocketInputStream.read(SocketInputStream.java:141)
	at sun.security.ssl.InputRecord.readFully(InputRecord.java:465)
	at sun.security.ssl.InputRecord.readV3Record(InputRecord.java:593)
	at sun.security.ssl.InputRecord.read(InputRecord.java:532)
	at sun.security.ssl.SSLSocketImpl.readRecord(SSLSocketImpl.java:973)
	at sun.security.ssl.SSLSocketImpl.readDataRecord(SSLSocketImpl.java:930)
	at sun.security.ssl.AppInputStream.read(AppInputStream.java:105)
	at java.io.BufferedInputStream.fill(BufferedInputStream.java:246)
	at java.io.BufferedInputStream.read1(BufferedInputStream.java:286)
	at java.io.BufferedInputStream.read(BufferedInputStream.java:345)
	at sun.net.www.MeteredStream.read(MeteredStream.java:134)
	at java.io.FilterInputStream.read(FilterInputStream.java:133)
	at sun.net.www.protocol.http.HttpURLConnection$HttpInputStream.read(HttpURLConnection.java:3375)
	at sun.net.www.protocol.http.HttpURLConnection$HttpInputStream.read(HttpURLConnection.java:3368)
	at com.google.common.io.ByteStreams.copy(ByteStreams.java:110)
	at com.google.common.io.ByteStreams.toByteArray(ByteStreams.java:168)
	at net.sf.eclipsecs.core.config.configtypes.RemoteConfigurationType.getBytesFromURLConnection(RemoteConfigurationType.java:343)
	at net.sf.eclipsecs.core.config.configtypes.RemoteConfigurationType.getCheckstyleConfiguration(RemoteConfigurationType.java:117)
	... 18 more

!ENTRY org.eclipse.core.resources 4 2 2017-02-26 09:43:40.124
!MESSAGE Problems occurred when invoking code from plug-in: "org.eclipse.core.resources".
!STACK 1
org.eclipse.core.runtime.CoreException: No route to host (connect failed)
	at net.sf.eclipsecs.core.builder.CheckstyleBuilder.handleBuildSelection(CheckstyleBuilder.java:307)
	at net.sf.eclipsecs.core.builder.CheckstyleBuilder.build(CheckstyleBuilder.java:171)
	at org.eclipse.core.internal.events.BuildManager$2.run(BuildManager.java:735)
	at org.eclipse.core.runtime.SafeRunner.run(SafeRunner.java:42)
	at org.eclipse.core.internal.events.BuildManager.basicBuild(BuildManager.java:206)
	at org.eclipse.core.internal.events.BuildManager.basicBuild(BuildManager.java:246)
	at org.eclipse.core.internal.events.BuildManager$1.run(BuildManager.java:301)
	at org.eclipse.core.runtime.SafeRunner.run(SafeRunner.java:42)
	at org.eclipse.core.internal.events.BuildManager.basicBuild(BuildManager.java:304)
	at org.eclipse.core.internal.events.BuildManager.basicBuildLoop(BuildManager.java:360)
	at org.eclipse.core.internal.events.BuildManager.build(BuildManager.java:383)
	at org.eclipse.core.internal.events.AutoBuildJob.doBuild(AutoBuildJob.java:144)
	at org.eclipse.core.internal.events.AutoBuildJob.run(AutoBuildJob.java:235)
	at org.eclipse.core.internal.jobs.Worker.run(Worker.java:55)
Caused by: net.sf.eclipsecs.core.util.CheckstylePluginException: No route to host (connect failed)
	at net.sf.eclipsecs.core.util.CheckstylePluginException.rethrow(CheckstylePluginException.java:68)
	at net.sf.eclipsecs.core.util.CheckstylePluginException.rethrow(CheckstylePluginException.java:81)
	at net.sf.eclipsecs.core.config.configtypes.RemoteConfigurationType.getCheckstyleConfiguration(RemoteConfigurationType.java:165)
	at net.sf.eclipsecs.core.config.CheckConfiguration.getCheckstyleConfiguration(CheckConfiguration.java:161)
	at net.sf.eclipsecs.core.builder.CheckerFactory.getCacheKey(CheckerFactory.java:210)
	at net.sf.eclipsecs.core.builder.CheckerFactory.createChecker(CheckerFactory.java:105)
	at net.sf.eclipsecs.core.builder.Auditor.runAudit(Auditor.java:140)
	at net.sf.eclipsecs.core.builder.CheckstyleBuilder.handleBuildSelection(CheckstyleBuilder.java:300)
	... 13 more
Caused by: java.net.ConnectException: No route to host (connect failed)
	at java.net.PlainSocketImpl.socketConnect(Native Method)
	at java.net.AbstractPlainSocketImpl.doConnect(AbstractPlainSocketImpl.java:350)
	at java.net.AbstractPlainSocketImpl.connectToAddress(AbstractPlainSocketImpl.java:206)
	at java.net.AbstractPlainSocketImpl.connect(AbstractPlainSocketImpl.java:188)
	at java.net.SocksSocketImpl.connect(SocksSocketImpl.java:392)
	at java.net.Socket.connect(Socket.java:589)
	at sun.security.ssl.SSLSocketImpl.connect(SSLSocketImpl.java:668)
	at sun.net.NetworkClient.doConnect(NetworkClient.java:175)
	at sun.net.www.http.HttpClient.openServer(HttpClient.java:432)
	at sun.net.www.http.HttpClient.openServer(HttpClient.java:527)
	at sun.net.www.protocol.https.HttpsClient.<init>(HttpsClient.java:264)
	at sun.net.www.protocol.https.HttpsClient.New(HttpsClient.java:367)
	at sun.net.www.protocol.https.AbstractDelegateHttpsURLConnection.getNewHttpClient(AbstractDelegateHttpsURLConnection.java:191)
	at sun.net.www.protocol.http.HttpURLConnection.plainConnect0(HttpURLConnection.java:1138)
	at sun.net.www.protocol.http.HttpURLConnection.plainConnect(HttpURLConnection.java:1032)
	at sun.net.www.protocol.https.AbstractDelegateHttpsURLConnection.connect(AbstractDelegateHttpsURLConnection.java:177)
	at sun.net.www.protocol.https.HttpsURLConnectionImpl.connect(HttpsURLConnectionImpl.java:153)
	at net.sf.eclipsecs.core.config.configtypes.RemoteConfigurationType.getBytesFromURLConnection(RemoteConfigurationType.java:322)
	at net.sf.eclipsecs.core.config.configtypes.RemoteConfigurationType.getCheckstyleConfiguration(RemoteConfigurationType.java:117)
	... 18 more
!SUBENTRY 1 net.sf.eclipsecs.core 4 4 2017-02-26 09:43:40.124
!MESSAGE No route to host (connect failed)
!STACK 0
net.sf.eclipsecs.core.util.CheckstylePluginException: No route to host (connect failed)
	at net.sf.eclipsecs.core.util.CheckstylePluginException.rethrow(CheckstylePluginException.java:68)
	at net.sf.eclipsecs.core.util.CheckstylePluginException.rethrow(CheckstylePluginException.java:81)
	at net.sf.eclipsecs.core.config.configtypes.RemoteConfigurationType.getCheckstyleConfiguration(RemoteConfigurationType.java:165)
	at net.sf.eclipsecs.core.config.CheckConfiguration.getCheckstyleConfiguration(CheckConfiguration.java:161)
	at net.sf.eclipsecs.core.builder.CheckerFactory.getCacheKey(CheckerFactory.java:210)
	at net.sf.eclipsecs.core.builder.CheckerFactory.createChecker(CheckerFactory.java:105)
	at net.sf.eclipsecs.core.builder.Auditor.runAudit(Auditor.java:140)
	at net.sf.eclipsecs.core.builder.CheckstyleBuilder.handleBuildSelection(CheckstyleBuilder.java:300)
	at net.sf.eclipsecs.core.builder.CheckstyleBuilder.build(CheckstyleBuilder.java:171)
	at org.eclipse.core.internal.events.BuildManager$2.run(BuildManager.java:735)
	at org.eclipse.core.runtime.SafeRunner.run(SafeRunner.java:42)
	at org.eclipse.core.internal.events.BuildManager.basicBuild(BuildManager.java:206)
	at org.eclipse.core.internal.events.BuildManager.basicBuild(BuildManager.java:246)
	at org.eclipse.core.internal.events.BuildManager$1.run(BuildManager.java:301)
	at org.eclipse.core.runtime.SafeRunner.run(SafeRunner.java:42)
	at org.eclipse.core.internal.events.BuildManager.basicBuild(BuildManager.java:304)
	at org.eclipse.core.internal.events.BuildManager.basicBuildLoop(BuildManager.java:360)
	at org.eclipse.core.internal.events.BuildManager.build(BuildManager.java:383)
	at org.eclipse.core.internal.events.AutoBuildJob.doBuild(AutoBuildJob.java:144)
	at org.eclipse.core.internal.events.AutoBuildJob.run(AutoBuildJob.java:235)
	at org.eclipse.core.internal.jobs.Worker.run(Worker.java:55)
Caused by: java.net.ConnectException: No route to host (connect failed)
	at java.net.PlainSocketImpl.socketConnect(Native Method)
	at java.net.AbstractPlainSocketImpl.doConnect(AbstractPlainSocketImpl.java:350)
	at java.net.AbstractPlainSocketImpl.connectToAddress(AbstractPlainSocketImpl.java:206)
	at java.net.AbstractPlainSocketImpl.connect(AbstractPlainSocketImpl.java:188)
	at java.net.SocksSocketImpl.connect(SocksSocketImpl.java:392)
	at java.net.Socket.connect(Socket.java:589)
	at sun.security.ssl.SSLSocketImpl.connect(SSLSocketImpl.java:668)
	at sun.net.NetworkClient.doConnect(NetworkClient.java:175)
	at sun.net.www.http.HttpClient.openServer(HttpClient.java:432)
	at sun.net.www.http.HttpClient.openServer(HttpClient.java:527)
	at sun.net.www.protocol.https.HttpsClient.<init>(HttpsClient.java:264)
	at sun.net.www.protocol.https.HttpsClient.New(HttpsClient.java:367)
	at sun.net.www.protocol.https.AbstractDelegateHttpsURLConnection.getNewHttpClient(AbstractDelegateHttpsURLConnection.java:191)
	at sun.net.www.protocol.http.HttpURLConnection.plainConnect0(HttpURLConnection.java:1138)
	at sun.net.www.protocol.http.HttpURLConnection.plainConnect(HttpURLConnection.java:1032)
	at sun.net.www.protocol.https.AbstractDelegateHttpsURLConnection.connect(AbstractDelegateHttpsURLConnection.java:177)
	at sun.net.www.protocol.https.HttpsURLConnectionImpl.connect(HttpsURLConnectionImpl.java:153)
	at net.sf.eclipsecs.core.config.configtypes.RemoteConfigurationType.getBytesFromURLConnection(RemoteConfigurationType.java:322)
	at net.sf.eclipsecs.core.config.configtypes.RemoteConfigurationType.getCheckstyleConfiguration(RemoteConfigurationType.java:117)
	... 18 more
!SUBENTRY 1 net.sf.eclipsecs.core 4 4 2017-02-26 09:43:40.124
!MESSAGE No route to host (connect failed)
!STACK 0
net.sf.eclipsecs.core.util.CheckstylePluginException: No route to host (connect failed)
	at net.sf.eclipsecs.core.util.CheckstylePluginException.rethrow(CheckstylePluginException.java:68)
	at net.sf.eclipsecs.core.util.CheckstylePluginException.rethrow(CheckstylePluginException.java:81)
	at net.sf.eclipsecs.core.config.configtypes.RemoteConfigurationType.getCheckstyleConfiguration(RemoteConfigurationType.java:165)
	at net.sf.eclipsecs.core.config.CheckConfiguration.getCheckstyleConfiguration(CheckConfiguration.java:161)
	at net.sf.eclipsecs.core.builder.CheckerFactory.getCacheKey(CheckerFactory.java:210)
	at net.sf.eclipsecs.core.builder.CheckerFactory.createChecker(CheckerFactory.java:105)
	at net.sf.eclipsecs.core.builder.Auditor.runAudit(Auditor.java:140)
	at net.sf.eclipsecs.core.builder.CheckstyleBuilder.handleBuildSelection(CheckstyleBuilder.java:300)
	at net.sf.eclipsecs.core.builder.CheckstyleBuilder.build(CheckstyleBuilder.java:171)
	at org.eclipse.core.internal.events.BuildManager$2.run(BuildManager.java:735)
	at org.eclipse.core.runtime.SafeRunner.run(SafeRunner.java:42)
	at org.eclipse.core.internal.events.BuildManager.basicBuild(BuildManager.java:206)
	at org.eclipse.core.internal.events.BuildManager.basicBuild(BuildManager.java:246)
	at org.eclipse.core.internal.events.BuildManager$1.run(BuildManager.java:301)
	at org.eclipse.core.runtime.SafeRunner.run(SafeRunner.java:42)
	at org.eclipse.core.internal.events.BuildManager.basicBuild(BuildManager.java:304)
	at org.eclipse.core.internal.events.BuildManager.basicBuildLoop(BuildManager.java:360)
	at org.eclipse.core.internal.events.BuildManager.build(BuildManager.java:383)
	at org.eclipse.core.internal.events.AutoBuildJob.doBuild(AutoBuildJob.java:144)
	at org.eclipse.core.internal.events.AutoBuildJob.run(AutoBuildJob.java:235)
	at org.eclipse.core.internal.jobs.Worker.run(Worker.java:55)
Caused by: java.net.ConnectException: No route to host (connect failed)
	at java.net.PlainSocketImpl.socketConnect(Native Method)
	at java.net.AbstractPlainSocketImpl.doConnect(AbstractPlainSocketImpl.java:350)
	at java.net.AbstractPlainSocketImpl.connectToAddress(AbstractPlainSocketImpl.java:206)
	at java.net.AbstractPlainSocketImpl.connect(AbstractPlainSocketImpl.java:188)
	at java.net.SocksSocketImpl.connect(SocksSocketImpl.java:392)
	at java.net.Socket.connect(Socket.java:589)
	at sun.security.ssl.SSLSocketImpl.connect(SSLSocketImpl.java:668)
	at sun.net.NetworkClient.doConnect(NetworkClient.java:175)
	at sun.net.www.http.HttpClient.openServer(HttpClient.java:432)
	at sun.net.www.http.HttpClient.openServer(HttpClient.java:527)
	at sun.net.www.protocol.https.HttpsClient.<init>(HttpsClient.java:264)
	at sun.net.www.protocol.https.HttpsClient.New(HttpsClient.java:367)
	at sun.net.www.protocol.https.AbstractDelegateHttpsURLConnection.getNewHttpClient(AbstractDelegateHttpsURLConnection.java:191)
	at sun.net.www.protocol.http.HttpURLConnection.plainConnect0(HttpURLConnection.java:1138)
	at sun.net.www.protocol.http.HttpURLConnection.plainConnect(HttpURLConnection.java:1032)
	at sun.net.www.protocol.https.AbstractDelegateHttpsURLConnection.connect(AbstractDelegateHttpsURLConnection.java:177)
	at sun.net.www.protocol.https.HttpsURLConnectionImpl.connect(HttpsURLConnectionImpl.java:153)
	at net.sf.eclipsecs.core.config.configtypes.RemoteConfigurationType.getBytesFromURLConnection(RemoteConfigurationType.java:322)
	at net.sf.eclipsecs.core.config.configtypes.RemoteConfigurationType.getCheckstyleConfiguration(RemoteConfigurationType.java:117)
	... 18 more

!ENTRY org.eclipse.core.resources 4 75 2017-02-26 09:43:40.129
!MESSAGE Errors occurred during the build.
!SUBENTRY 1 net.sf.eclipsecs.core 4 75 2017-02-26 09:43:40.130
!MESSAGE Errors running builder 'Checkstyle Builder' on project 'MatchThree'.
!STACK 1
org.eclipse.core.runtime.CoreException: No route to host (connect failed)
	at net.sf.eclipsecs.core.builder.CheckstyleBuilder.handleBuildSelection(CheckstyleBuilder.java:307)
	at net.sf.eclipsecs.core.builder.CheckstyleBuilder.build(CheckstyleBuilder.java:171)
	at org.eclipse.core.internal.events.BuildManager$2.run(BuildManager.java:735)
	at org.eclipse.core.runtime.SafeRunner.run(SafeRunner.java:42)
	at org.eclipse.core.internal.events.BuildManager.basicBuild(BuildManager.java:206)
	at org.eclipse.core.internal.events.BuildManager.basicBuild(BuildManager.java:246)
	at org.eclipse.core.internal.events.BuildManager$1.run(BuildManager.java:301)
	at org.eclipse.core.runtime.SafeRunner.run(SafeRunner.java:42)
	at org.eclipse.core.internal.events.BuildManager.basicBuild(BuildManager.java:304)
	at org.eclipse.core.internal.events.BuildManager.basicBuildLoop(BuildManager.java:360)
	at org.eclipse.core.internal.events.BuildManager.build(BuildManager.java:383)
	at org.eclipse.core.internal.events.AutoBuildJob.doBuild(AutoBuildJob.java:144)
	at org.eclipse.core.internal.events.AutoBuildJob.run(AutoBuildJob.java:235)
	at org.eclipse.core.internal.jobs.Worker.run(Worker.java:55)
Caused by: net.sf.eclipsecs.core.util.CheckstylePluginException: No route to host (connect failed)
	at net.sf.eclipsecs.core.util.CheckstylePluginException.rethrow(CheckstylePluginException.java:68)
	at net.sf.eclipsecs.core.util.CheckstylePluginException.rethrow(CheckstylePluginException.java:81)
	at net.sf.eclipsecs.core.config.configtypes.RemoteConfigurationType.getCheckstyleConfiguration(RemoteConfigurationType.java:165)
	at net.sf.eclipsecs.core.config.CheckConfiguration.getCheckstyleConfiguration(CheckConfiguration.java:161)
	at net.sf.eclipsecs.core.builder.CheckerFactory.getCacheKey(CheckerFactory.java:210)
	at net.sf.eclipsecs.core.builder.CheckerFactory.createChecker(CheckerFactory.java:105)
	at net.sf.eclipsecs.core.builder.Auditor.runAudit(Auditor.java:140)
	at net.sf.eclipsecs.core.builder.CheckstyleBuilder.handleBuildSelection(CheckstyleBuilder.java:300)
	... 13 more
Caused by: java.net.ConnectException: No route to host (connect failed)
	at java.net.PlainSocketImpl.socketConnect(Native Method)
	at java.net.AbstractPlainSocketImpl.doConnect(AbstractPlainSocketImpl.java:350)
	at java.net.AbstractPlainSocketImpl.connectToAddress(AbstractPlainSocketImpl.java:206)
	at java.net.AbstractPlainSocketImpl.connect(AbstractPlainSocketImpl.java:188)
	at java.net.SocksSocketImpl.connect(SocksSocketImpl.java:392)
	at java.net.Socket.connect(Socket.java:589)
	at sun.security.ssl.SSLSocketImpl.connect(SSLSocketImpl.java:668)
	at sun.net.NetworkClient.doConnect(NetworkClient.java:175)
	at sun.net.www.http.HttpClient.openServer(HttpClient.java:432)
	at sun.net.www.http.HttpClient.openServer(HttpClient.java:527)
	at sun.net.www.protocol.https.HttpsClient.<init>(HttpsClient.java:264)
	at sun.net.www.protocol.https.HttpsClient.New(HttpsClient.java:367)
	at sun.net.www.protocol.https.AbstractDelegateHttpsURLConnection.getNewHttpClient(AbstractDelegateHttpsURLConnection.java:191)
	at sun.net.www.protocol.http.HttpURLConnection.plainConnect0(HttpURLConnection.java:1138)
	at sun.net.www.protocol.http.HttpURLConnection.plainConnect(HttpURLConnection.java:1032)
	at sun.net.www.protocol.https.AbstractDelegateHttpsURLConnection.connect(AbstractDelegateHttpsURLConnection.java:177)
	at sun.net.www.protocol.https.HttpsURLConnectionImpl.connect(HttpsURLConnectionImpl.java:153)
	at net.sf.eclipsecs.core.config.configtypes.RemoteConfigurationType.getBytesFromURLConnection(RemoteConfigurationType.java:322)
	at net.sf.eclipsecs.core.config.configtypes.RemoteConfigurationType.getCheckstyleConfiguration(RemoteConfigurationType.java:117)
	... 18 more
!SUBENTRY 2 net.sf.eclipsecs.core 4 4 2017-02-26 09:43:40.130
!MESSAGE No route to host (connect failed)
!STACK 0
net.sf.eclipsecs.core.util.CheckstylePluginException: No route to host (connect failed)
	at net.sf.eclipsecs.core.util.CheckstylePluginException.rethrow(CheckstylePluginException.java:68)
	at net.sf.eclipsecs.core.util.CheckstylePluginException.rethrow(CheckstylePluginException.java:81)
	at net.sf.eclipsecs.core.config.configtypes.RemoteConfigurationType.getCheckstyleConfiguration(RemoteConfigurationType.java:165)
	at net.sf.eclipsecs.core.config.CheckConfiguration.getCheckstyleConfiguration(CheckConfiguration.java:161)
	at net.sf.eclipsecs.core.builder.CheckerFactory.getCacheKey(CheckerFactory.java:210)
	at net.sf.eclipsecs.core.builder.CheckerFactory.createChecker(CheckerFactory.java:105)
	at net.sf.eclipsecs.core.builder.Auditor.runAudit(Auditor.java:140)
	at net.sf.eclipsecs.core.builder.CheckstyleBuilder.handleBuildSelection(CheckstyleBuilder.java:300)
	at net.sf.eclipsecs.core.builder.CheckstyleBuilder.build(CheckstyleBuilder.java:171)
	at org.eclipse.core.internal.events.BuildManager$2.run(BuildManager.java:735)
	at org.eclipse.core.runtime.SafeRunner.run(SafeRunner.java:42)
	at org.eclipse.core.internal.events.BuildManager.basicBuild(BuildManager.java:206)
	at org.eclipse.core.internal.events.BuildManager.basicBuild(BuildManager.java:246)
	at org.eclipse.core.internal.events.BuildManager$1.run(BuildManager.java:301)
	at org.eclipse.core.runtime.SafeRunner.run(SafeRunner.java:42)
	at org.eclipse.core.internal.events.BuildManager.basicBuild(BuildManager.java:304)
	at org.eclipse.core.internal.events.BuildManager.basicBuildLoop(BuildManager.java:360)
	at org.eclipse.core.internal.events.BuildManager.build(BuildManager.java:383)
	at org.eclipse.core.internal.events.AutoBuildJob.doBuild(AutoBuildJob.java:144)
	at org.eclipse.core.internal.events.AutoBuildJob.run(AutoBuildJob.java:235)
	at org.eclipse.core.internal.jobs.Worker.run(Worker.java:55)
Caused by: java.net.ConnectException: No route to host (connect failed)
	at java.net.PlainSocketImpl.socketConnect(Native Method)
	at java.net.AbstractPlainSocketImpl.doConnect(AbstractPlainSocketImpl.java:350)
	at java.net.AbstractPlainSocketImpl.connectToAddress(AbstractPlainSocketImpl.java:206)
	at java.net.AbstractPlainSocketImpl.connect(AbstractPlainSocketImpl.java:188)
	at java.net.SocksSocketImpl.connect(SocksSocketImpl.java:392)
	at java.net.Socket.connect(Socket.java:589)
	at sun.security.ssl.SSLSocketImpl.connect(SSLSocketImpl.java:668)
	at sun.net.NetworkClient.doConnect(NetworkClient.java:175)
	at sun.net.www.http.HttpClient.openServer(HttpClient.java:432)
	at sun.net.www.http.HttpClient.openServer(HttpClient.java:527)
	at sun.net.www.protocol.https.HttpsClient.<init>(HttpsClient.java:264)
	at sun.net.www.protocol.https.HttpsClient.New(HttpsClient.java:367)
	at sun.net.www.protocol.https.AbstractDelegateHttpsURLConnection.getNewHttpClient(AbstractDelegateHttpsURLConnection.java:191)
	at sun.net.www.protocol.http.HttpURLConnection.plainConnect0(HttpURLConnection.java:1138)
	at sun.net.www.protocol.http.HttpURLConnection.plainConnect(HttpURLConnection.java:1032)
	at sun.net.www.protocol.https.AbstractDelegateHttpsURLConnection.connect(AbstractDelegateHttpsURLConnection.java:177)
	at sun.net.www.protocol.https.HttpsURLConnectionImpl.connect(HttpsURLConnectionImpl.java:153)
	at net.sf.eclipsecs.core.config.configtypes.RemoteConfigurationType.getBytesFromURLConnection(RemoteConfigurationType.java:322)
	at net.sf.eclipsecs.core.config.configtypes.RemoteConfigurationType.getCheckstyleConfiguration(RemoteConfigurationType.java:117)
	... 18 more
!SUBENTRY 1 net.sf.eclipsecs.core 4 4 2017-02-26 09:43:40.130
!MESSAGE No route to host (connect failed)
!STACK 0
net.sf.eclipsecs.core.util.CheckstylePluginException: No route to host (connect failed)
	at net.sf.eclipsecs.core.util.CheckstylePluginException.rethrow(CheckstylePluginException.java:68)
	at net.sf.eclipsecs.core.util.CheckstylePluginException.rethrow(CheckstylePluginException.java:81)
	at net.sf.eclipsecs.core.config.configtypes.RemoteConfigurationType.getCheckstyleConfiguration(RemoteConfigurationType.java:165)
	at net.sf.eclipsecs.core.config.CheckConfiguration.getCheckstyleConfiguration(CheckConfiguration.java:161)
	at net.sf.eclipsecs.core.builder.CheckerFactory.getCacheKey(CheckerFactory.java:210)
	at net.sf.eclipsecs.core.builder.CheckerFactory.createChecker(CheckerFactory.java:105)
	at net.sf.eclipsecs.core.builder.Auditor.runAudit(Auditor.java:140)
	at net.sf.eclipsecs.core.builder.CheckstyleBuilder.handleBuildSelection(CheckstyleBuilder.java:300)
	at net.sf.eclipsecs.core.builder.CheckstyleBuilder.build(CheckstyleBuilder.java:171)
	at org.eclipse.core.internal.events.BuildManager$2.run(BuildManager.java:735)
	at org.eclipse.core.runtime.SafeRunner.run(SafeRunner.java:42)
	at org.eclipse.core.internal.events.BuildManager.basicBuild(BuildManager.java:206)
	at org.eclipse.core.internal.events.BuildManager.basicBuild(BuildManager.java:246)
	at org.eclipse.core.internal.events.BuildManager$1.run(BuildManager.java:301)
	at org.eclipse.core.runtime.SafeRunner.run(SafeRunner.java:42)
	at org.eclipse.core.internal.events.BuildManager.basicBuild(BuildManager.java:304)
	at org.eclipse.core.internal.events.BuildManager.basicBuildLoop(BuildManager.java:360)
	at org.eclipse.core.internal.events.BuildManager.build(BuildManager.java:383)
	at org.eclipse.core.internal.events.AutoBuildJob.doBuild(AutoBuildJob.java:144)
	at org.eclipse.core.internal.events.AutoBuildJob.run(AutoBuildJob.java:235)
	at org.eclipse.core.internal.jobs.Worker.run(Worker.java:55)
Caused by: java.net.ConnectException: No route to host (connect failed)
	at java.net.PlainSocketImpl.socketConnect(Native Method)
	at java.net.AbstractPlainSocketImpl.doConnect(AbstractPlainSocketImpl.java:350)
	at java.net.AbstractPlainSocketImpl.connectToAddress(AbstractPlainSocketImpl.java:206)
	at java.net.AbstractPlainSocketImpl.connect(AbstractPlainSocketImpl.java:188)
	at java.net.SocksSocketImpl.connect(SocksSocketImpl.java:392)
	at java.net.Socket.connect(Socket.java:589)
	at sun.security.ssl.SSLSocketImpl.connect(SSLSocketImpl.java:668)
	at sun.net.NetworkClient.doConnect(NetworkClient.java:175)
	at sun.net.www.http.HttpClient.openServer(HttpClient.java:432)
	at sun.net.www.http.HttpClient.openServer(HttpClient.java:527)
	at sun.net.www.protocol.https.HttpsClient.<init>(HttpsClient.java:264)
	at sun.net.www.protocol.https.HttpsClient.New(HttpsClient.java:367)
	at sun.net.www.protocol.https.AbstractDelegateHttpsURLConnection.getNewHttpClient(AbstractDelegateHttpsURLConnection.java:191)
	at sun.net.www.protocol.http.HttpURLConnection.plainConnect0(HttpURLConnection.java:1138)
	at sun.net.www.protocol.http.HttpURLConnection.plainConnect(HttpURLConnection.java:1032)
	at sun.net.www.protocol.https.AbstractDelegateHttpsURLConnection.connect(AbstractDelegateHttpsURLConnection.java:177)
	at sun.net.www.protocol.https.HttpsURLConnectionImpl.connect(HttpsURLConnectionImpl.java:153)
	at net.sf.eclipsecs.core.config.configtypes.RemoteConfigurationType.getBytesFromURLConnection(RemoteConfigurationType.java:322)
	at net.sf.eclipsecs.core.config.configtypes.RemoteConfigurationType.getCheckstyleConfiguration(RemoteConfigurationType.java:117)
	... 18 more

!ENTRY net.sf.eclipsecs.core 4 0 2017-02-26 10:19:11.573
!MESSAGE Checkstyle-Plugin: Exception was thrown while processing /Users/Frithjof/Documents/git/projects/MatchThree/src/edu/kit/informatik/matchthree/MatchThreeGame.java
!STACK 0
com.puppycrawl.tools.checkstyle.api.CheckstyleException: Exception was thrown while processing /Users/Frithjof/Documents/git/projects/MatchThree/src/edu/kit/informatik/matchthree/MatchThreeGame.java
	at com.puppycrawl.tools.checkstyle.Checker.processFiles(Checker.java:287)
	at com.puppycrawl.tools.checkstyle.Checker.process(Checker.java:205)
	at net.sf.eclipsecs.core.builder.Auditor.runAudit(Auditor.java:157)
	at net.sf.eclipsecs.core.builder.CheckstyleBuilder.handleBuildSelection(CheckstyleBuilder.java:300)
	at net.sf.eclipsecs.core.builder.CheckstyleBuilder.build(CheckstyleBuilder.java:171)
	at org.eclipse.core.internal.events.BuildManager$2.run(BuildManager.java:735)
	at org.eclipse.core.runtime.SafeRunner.run(SafeRunner.java:42)
	at org.eclipse.core.internal.events.BuildManager.basicBuild(BuildManager.java:206)
	at org.eclipse.core.internal.events.BuildManager.basicBuild(BuildManager.java:246)
	at org.eclipse.core.internal.events.BuildManager$1.run(BuildManager.java:301)
	at org.eclipse.core.runtime.SafeRunner.run(SafeRunner.java:42)
	at org.eclipse.core.internal.events.BuildManager.basicBuild(BuildManager.java:304)
	at org.eclipse.core.internal.events.BuildManager.basicBuildLoop(BuildManager.java:360)
	at org.eclipse.core.internal.events.BuildManager.build(BuildManager.java:383)
	at org.eclipse.core.internal.events.AutoBuildJob.doBuild(AutoBuildJob.java:144)
	at org.eclipse.core.internal.events.AutoBuildJob.run(AutoBuildJob.java:235)
	at org.eclipse.core.internal.jobs.Worker.run(Worker.java:55)
Caused by: com.puppycrawl.tools.checkstyle.api.CheckstyleException: MismatchedTokenException occurred during the analysis of file /Users/Frithjof/Documents/git/projects/MatchThree/src/edu/kit/informatik/matchthree/MatchThreeGame.java.
	at com.puppycrawl.tools.checkstyle.TreeWalker.processFiltered(TreeWalker.java:192)
	at com.puppycrawl.tools.checkstyle.api.AbstractFileSetCheck.process(AbstractFileSetCheck.java:78)
	at com.puppycrawl.tools.checkstyle.Checker.processFile(Checker.java:307)
	at com.puppycrawl.tools.checkstyle.Checker.processFiles(Checker.java:278)
	... 16 more
Caused by: /Users/Frithjof/Documents/git/projects/MatchThree/src/edu/kit/informatik/matchthree/MatchThreeGame.java:61:5: expecting EOF, found '}'
	at antlr.Parser.match(Parser.java:211)
	at com.puppycrawl.tools.checkstyle.grammars.GeneratedJavaRecognizer.compilationUnit(GeneratedJavaRecognizer.java:211)
	at com.puppycrawl.tools.checkstyle.TreeWalker.parse(TreeWalker.java:439)
	at com.puppycrawl.tools.checkstyle.TreeWalker.processFiltered(TreeWalker.java:174)
	... 19 more

!ENTRY net.sf.eclipsecs.core 4 0 2017-02-26 11:37:55.733
!MESSAGE Checkstyle-Plugin: Exception was thrown while processing /Users/Frithjof/Documents/git/projects/MatchThree/src/edu/kit/informatik/Command.java
!STACK 0
com.puppycrawl.tools.checkstyle.api.CheckstyleException: Exception was thrown while processing /Users/Frithjof/Documents/git/projects/MatchThree/src/edu/kit/informatik/Command.java
	at com.puppycrawl.tools.checkstyle.Checker.processFiles(Checker.java:287)
	at com.puppycrawl.tools.checkstyle.Checker.process(Checker.java:205)
	at net.sf.eclipsecs.core.builder.Auditor.runAudit(Auditor.java:157)
	at net.sf.eclipsecs.core.builder.CheckstyleBuilder.handleBuildSelection(CheckstyleBuilder.java:300)
	at net.sf.eclipsecs.core.builder.CheckstyleBuilder.build(CheckstyleBuilder.java:171)
	at org.eclipse.core.internal.events.BuildManager$2.run(BuildManager.java:735)
	at org.eclipse.core.runtime.SafeRunner.run(SafeRunner.java:42)
	at org.eclipse.core.internal.events.BuildManager.basicBuild(BuildManager.java:206)
	at org.eclipse.core.internal.events.BuildManager.basicBuild(BuildManager.java:246)
	at org.eclipse.core.internal.events.BuildManager$1.run(BuildManager.java:301)
	at org.eclipse.core.runtime.SafeRunner.run(SafeRunner.java:42)
	at org.eclipse.core.internal.events.BuildManager.basicBuild(BuildManager.java:304)
	at org.eclipse.core.internal.events.BuildManager.basicBuildLoop(BuildManager.java:360)
	at org.eclipse.core.internal.events.BuildManager.build(BuildManager.java:383)
	at org.eclipse.core.internal.events.AutoBuildJob.doBuild(AutoBuildJob.java:144)
	at org.eclipse.core.internal.events.AutoBuildJob.run(AutoBuildJob.java:235)
	at org.eclipse.core.internal.jobs.Worker.run(Worker.java:55)
Caused by: com.puppycrawl.tools.checkstyle.api.CheckstyleException: MismatchedTokenException occurred during the analysis of file /Users/Frithjof/Documents/git/projects/MatchThree/src/edu/kit/informatik/Command.java.
	at com.puppycrawl.tools.checkstyle.TreeWalker.processFiltered(TreeWalker.java:192)
	at com.puppycrawl.tools.checkstyle.api.AbstractFileSetCheck.process(AbstractFileSetCheck.java:78)
	at com.puppycrawl.tools.checkstyle.Checker.processFile(Checker.java:307)
	at com.puppycrawl.tools.checkstyle.Checker.processFiles(Checker.java:278)
	... 16 more
Caused by: /Users/Frithjof/Documents/git/projects/MatchThree/src/edu/kit/informatik/Command.java:47:5: expecting EOF, found 'Command'
	at antlr.Parser.match(Parser.java:211)
	at com.puppycrawl.tools.checkstyle.grammars.GeneratedJavaRecognizer.compilationUnit(GeneratedJavaRecognizer.java:211)
	at com.puppycrawl.tools.checkstyle.TreeWalker.parse(TreeWalker.java:439)
	at com.puppycrawl.tools.checkstyle.TreeWalker.processFiltered(TreeWalker.java:174)
	... 19 more

!ENTRY net.sf.eclipsecs.core 4 0 2017-02-26 11:38:34.794
!MESSAGE Checkstyle-Plugin: Exception was thrown while processing /Users/Frithjof/Documents/git/projects/MatchThree/src/edu/kit/informatik/Command.java
!STACK 0
com.puppycrawl.tools.checkstyle.api.CheckstyleException: Exception was thrown while processing /Users/Frithjof/Documents/git/projects/MatchThree/src/edu/kit/informatik/Command.java
	at com.puppycrawl.tools.checkstyle.Checker.processFiles(Checker.java:287)
	at com.puppycrawl.tools.checkstyle.Checker.process(Checker.java:205)
	at net.sf.eclipsecs.core.builder.Auditor.runAudit(Auditor.java:157)
	at net.sf.eclipsecs.core.builder.CheckstyleBuilder.handleBuildSelection(CheckstyleBuilder.java:300)
	at net.sf.eclipsecs.core.builder.CheckstyleBuilder.build(CheckstyleBuilder.java:171)
	at org.eclipse.core.internal.events.BuildManager$2.run(BuildManager.java:735)
	at org.eclipse.core.runtime.SafeRunner.run(SafeRunner.java:42)
	at org.eclipse.core.internal.events.BuildManager.basicBuild(BuildManager.java:206)
	at org.eclipse.core.internal.events.BuildManager.basicBuild(BuildManager.java:246)
	at org.eclipse.core.internal.events.BuildManager$1.run(BuildManager.java:301)
	at org.eclipse.core.runtime.SafeRunner.run(SafeRunner.java:42)
	at org.eclipse.core.internal.events.BuildManager.basicBuild(BuildManager.java:304)
	at org.eclipse.core.internal.events.BuildManager.basicBuildLoop(BuildManager.java:360)
	at org.eclipse.core.internal.events.BuildManager.build(BuildManager.java:383)
	at org.eclipse.core.internal.events.AutoBuildJob.doBuild(AutoBuildJob.java:144)
	at org.eclipse.core.internal.events.AutoBuildJob.run(AutoBuildJob.java:235)
	at org.eclipse.core.internal.jobs.Worker.run(Worker.java:55)
Caused by: com.puppycrawl.tools.checkstyle.api.CheckstyleException: MismatchedTokenException occurred during the analysis of file /Users/Frithjof/Documents/git/projects/MatchThree/src/edu/kit/informatik/Command.java.
	at com.puppycrawl.tools.checkstyle.TreeWalker.processFiltered(TreeWalker.java:192)
	at com.puppycrawl.tools.checkstyle.api.AbstractFileSetCheck.process(AbstractFileSetCheck.java:78)
	at com.puppycrawl.tools.checkstyle.Checker.processFile(Checker.java:307)
	at com.puppycrawl.tools.checkstyle.Checker.processFiles(Checker.java:278)
	... 16 more
Caused by: /Users/Frithjof/Documents/git/projects/MatchThree/src/edu/kit/informatik/Command.java:47:5: expecting EOF, found 'Command'
	at antlr.Parser.match(Parser.java:211)
	at com.puppycrawl.tools.checkstyle.grammars.GeneratedJavaRecognizer.compilationUnit(GeneratedJavaRecognizer.java:211)
	at com.puppycrawl.tools.checkstyle.TreeWalker.parse(TreeWalker.java:439)
	at com.puppycrawl.tools.checkstyle.TreeWalker.processFiltered(TreeWalker.java:174)
	... 19 more

!ENTRY net.sf.eclipsecs.core 4 0 2017-02-26 11:41:58.346
!MESSAGE Checkstyle-Plugin: Exception was thrown while processing /Users/Frithjof/Documents/git/projects/MatchThree/src/edu/kit/informatik/Command.java
!STACK 0
com.puppycrawl.tools.checkstyle.api.CheckstyleException: Exception was thrown while processing /Users/Frithjof/Documents/git/projects/MatchThree/src/edu/kit/informatik/Command.java
	at com.puppycrawl.tools.checkstyle.Checker.processFiles(Checker.java:287)
	at com.puppycrawl.tools.checkstyle.Checker.process(Checker.java:205)
	at net.sf.eclipsecs.core.builder.Auditor.runAudit(Auditor.java:157)
	at net.sf.eclipsecs.core.builder.CheckstyleBuilder.handleBuildSelection(CheckstyleBuilder.java:300)
	at net.sf.eclipsecs.core.builder.CheckstyleBuilder.build(CheckstyleBuilder.java:171)
	at org.eclipse.core.internal.events.BuildManager$2.run(BuildManager.java:735)
	at org.eclipse.core.runtime.SafeRunner.run(SafeRunner.java:42)
	at org.eclipse.core.internal.events.BuildManager.basicBuild(BuildManager.java:206)
	at org.eclipse.core.internal.events.BuildManager.basicBuild(BuildManager.java:246)
	at org.eclipse.core.internal.events.BuildManager$1.run(BuildManager.java:301)
	at org.eclipse.core.runtime.SafeRunner.run(SafeRunner.java:42)
	at org.eclipse.core.internal.events.BuildManager.basicBuild(BuildManager.java:304)
	at org.eclipse.core.internal.events.BuildManager.basicBuildLoop(BuildManager.java:360)
	at org.eclipse.core.internal.events.BuildManager.build(BuildManager.java:383)
	at org.eclipse.core.internal.events.AutoBuildJob.doBuild(AutoBuildJob.java:144)
	at org.eclipse.core.internal.events.AutoBuildJob.run(AutoBuildJob.java:235)
	at org.eclipse.core.internal.jobs.Worker.run(Worker.java:55)
Caused by: com.puppycrawl.tools.checkstyle.api.CheckstyleException: MismatchedTokenException occurred during the analysis of file /Users/Frithjof/Documents/git/projects/MatchThree/src/edu/kit/informatik/Command.java.
	at com.puppycrawl.tools.checkstyle.TreeWalker.processFiltered(TreeWalker.java:192)
	at com.puppycrawl.tools.checkstyle.api.AbstractFileSetCheck.process(AbstractFileSetCheck.java:78)
	at com.puppycrawl.tools.checkstyle.Checker.processFile(Checker.java:307)
	at com.puppycrawl.tools.checkstyle.Checker.processFiles(Checker.java:278)
	... 16 more
Caused by: /Users/Frithjof/Documents/git/projects/MatchThree/src/edu/kit/informatik/Command.java:50:5: expecting EOF, found 'Command'
	at antlr.Parser.match(Parser.java:211)
	at com.puppycrawl.tools.checkstyle.grammars.GeneratedJavaRecognizer.compilationUnit(GeneratedJavaRecognizer.java:211)
	at com.puppycrawl.tools.checkstyle.TreeWalker.parse(TreeWalker.java:439)
	at com.puppycrawl.tools.checkstyle.TreeWalker.processFiltered(TreeWalker.java:174)
	... 19 more

!ENTRY net.sf.eclipsecs.core 4 0 2017-02-26 11:42:01.226
!MESSAGE Checkstyle-Plugin: Exception was thrown while processing /Users/Frithjof/Documents/git/projects/MatchThree/src/edu/kit/informatik/Command.java
!STACK 0
com.puppycrawl.tools.checkstyle.api.CheckstyleException: Exception was thrown while processing /Users/Frithjof/Documents/git/projects/MatchThree/src/edu/kit/informatik/Command.java
	at com.puppycrawl.tools.checkstyle.Checker.processFiles(Checker.java:287)
	at com.puppycrawl.tools.checkstyle.Checker.process(Checker.java:205)
	at net.sf.eclipsecs.core.builder.Auditor.runAudit(Auditor.java:157)
	at net.sf.eclipsecs.core.builder.CheckstyleBuilder.handleBuildSelection(CheckstyleBuilder.java:300)
	at net.sf.eclipsecs.core.builder.CheckstyleBuilder.build(CheckstyleBuilder.java:171)
	at org.eclipse.core.internal.events.BuildManager$2.run(BuildManager.java:735)
	at org.eclipse.core.runtime.SafeRunner.run(SafeRunner.java:42)
	at org.eclipse.core.internal.events.BuildManager.basicBuild(BuildManager.java:206)
	at org.eclipse.core.internal.events.BuildManager.basicBuild(BuildManager.java:246)
	at org.eclipse.core.internal.events.BuildManager$1.run(BuildManager.java:301)
	at org.eclipse.core.runtime.SafeRunner.run(SafeRunner.java:42)
	at org.eclipse.core.internal.events.BuildManager.basicBuild(BuildManager.java:304)
	at org.eclipse.core.internal.events.BuildManager.basicBuildLoop(BuildManager.java:360)
	at org.eclipse.core.internal.events.BuildManager.build(BuildManager.java:383)
	at org.eclipse.core.internal.events.AutoBuildJob.doBuild(AutoBuildJob.java:144)
	at org.eclipse.core.internal.events.AutoBuildJob.run(AutoBuildJob.java:235)
	at org.eclipse.core.internal.jobs.Worker.run(Worker.java:55)
Caused by: com.puppycrawl.tools.checkstyle.api.CheckstyleException: MismatchedTokenException occurred during the analysis of file /Users/Frithjof/Documents/git/projects/MatchThree/src/edu/kit/informatik/Command.java.
	at com.puppycrawl.tools.checkstyle.TreeWalker.processFiltered(TreeWalker.java:192)
	at com.puppycrawl.tools.checkstyle.api.AbstractFileSetCheck.process(AbstractFileSetCheck.java:78)
	at com.puppycrawl.tools.checkstyle.Checker.processFile(Checker.java:307)
	at com.puppycrawl.tools.checkstyle.Checker.processFiles(Checker.java:278)
	... 16 more
Caused by: /Users/Frithjof/Documents/git/projects/MatchThree/src/edu/kit/informatik/Command.java:50:5: expecting EOF, found 'Command'
	at antlr.Parser.match(Parser.java:211)
	at com.puppycrawl.tools.checkstyle.grammars.GeneratedJavaRecognizer.compilationUnit(GeneratedJavaRecognizer.java:211)
	at com.puppycrawl.tools.checkstyle.TreeWalker.parse(TreeWalker.java:439)
	at com.puppycrawl.tools.checkstyle.TreeWalker.processFiltered(TreeWalker.java:174)
	... 19 more

!ENTRY net.sf.eclipsecs.core 4 0 2017-02-26 11:42:37.145
!MESSAGE Checkstyle-Plugin: Exception was thrown while processing /Users/Frithjof/Documents/git/projects/MatchThree/src/edu/kit/informatik/Command.java
!STACK 0
com.puppycrawl.tools.checkstyle.api.CheckstyleException: Exception was thrown while processing /Users/Frithjof/Documents/git/projects/MatchThree/src/edu/kit/informatik/Command.java
	at com.puppycrawl.tools.checkstyle.Checker.processFiles(Checker.java:287)
	at com.puppycrawl.tools.checkstyle.Checker.process(Checker.java:205)
	at net.sf.eclipsecs.core.builder.Auditor.runAudit(Auditor.java:157)
	at net.sf.eclipsecs.core.builder.CheckstyleBuilder.handleBuildSelection(CheckstyleBuilder.java:300)
	at net.sf.eclipsecs.core.builder.CheckstyleBuilder.build(CheckstyleBuilder.java:171)
	at org.eclipse.core.internal.events.BuildManager$2.run(BuildManager.java:735)
	at org.eclipse.core.runtime.SafeRunner.run(SafeRunner.java:42)
	at org.eclipse.core.internal.events.BuildManager.basicBuild(BuildManager.java:206)
	at org.eclipse.core.internal.events.BuildManager.basicBuild(BuildManager.java:246)
	at org.eclipse.core.internal.events.BuildManager$1.run(BuildManager.java:301)
	at org.eclipse.core.runtime.SafeRunner.run(SafeRunner.java:42)
	at org.eclipse.core.internal.events.BuildManager.basicBuild(BuildManager.java:304)
	at org.eclipse.core.internal.events.BuildManager.basicBuildLoop(BuildManager.java:360)
	at org.eclipse.core.internal.events.BuildManager.build(BuildManager.java:383)
	at org.eclipse.core.internal.events.AutoBuildJob.doBuild(AutoBuildJob.java:144)
	at org.eclipse.core.internal.events.AutoBuildJob.run(AutoBuildJob.java:235)
	at org.eclipse.core.internal.jobs.Worker.run(Worker.java:55)
Caused by: com.puppycrawl.tools.checkstyle.api.CheckstyleException: MismatchedTokenException occurred during the analysis of file /Users/Frithjof/Documents/git/projects/MatchThree/src/edu/kit/informatik/Command.java.
	at com.puppycrawl.tools.checkstyle.TreeWalker.processFiltered(TreeWalker.java:192)
	at com.puppycrawl.tools.checkstyle.api.AbstractFileSetCheck.process(AbstractFileSetCheck.java:78)
	at com.puppycrawl.tools.checkstyle.Checker.processFile(Checker.java:307)
	at com.puppycrawl.tools.checkstyle.Checker.processFiles(Checker.java:278)
	... 16 more
Caused by: /Users/Frithjof/Documents/git/projects/MatchThree/src/edu/kit/informatik/Command.java:50:5: expecting EOF, found 'Command'
	at antlr.Parser.match(Parser.java:211)
	at com.puppycrawl.tools.checkstyle.grammars.GeneratedJavaRecognizer.compilationUnit(GeneratedJavaRecognizer.java:211)
	at com.puppycrawl.tools.checkstyle.TreeWalker.parse(TreeWalker.java:439)
	at com.puppycrawl.tools.checkstyle.TreeWalker.processFiltered(TreeWalker.java:174)
	... 19 more

!ENTRY net.sf.eclipsecs.core 4 0 2017-02-26 11:42:48.061
!MESSAGE Checkstyle-Plugin: Exception was thrown while processing /Users/Frithjof/Documents/git/projects/MatchThree/src/edu/kit/informatik/Command.java
!STACK 0
com.puppycrawl.tools.checkstyle.api.CheckstyleException: Exception was thrown while processing /Users/Frithjof/Documents/git/projects/MatchThree/src/edu/kit/informatik/Command.java
	at com.puppycrawl.tools.checkstyle.Checker.processFiles(Checker.java:287)
	at com.puppycrawl.tools.checkstyle.Checker.process(Checker.java:205)
	at net.sf.eclipsecs.core.builder.Auditor.runAudit(Auditor.java:157)
	at net.sf.eclipsecs.core.builder.CheckstyleBuilder.handleBuildSelection(CheckstyleBuilder.java:300)
	at net.sf.eclipsecs.core.builder.CheckstyleBuilder.build(CheckstyleBuilder.java:171)
	at org.eclipse.core.internal.events.BuildManager$2.run(BuildManager.java:735)
	at org.eclipse.core.runtime.SafeRunner.run(SafeRunner.java:42)
	at org.eclipse.core.internal.events.BuildManager.basicBuild(BuildManager.java:206)
	at org.eclipse.core.internal.events.BuildManager.basicBuild(BuildManager.java:246)
	at org.eclipse.core.internal.events.BuildManager$1.run(BuildManager.java:301)
	at org.eclipse.core.runtime.SafeRunner.run(SafeRunner.java:42)
	at org.eclipse.core.internal.events.BuildManager.basicBuild(BuildManager.java:304)
	at org.eclipse.core.internal.events.BuildManager.basicBuildLoop(BuildManager.java:360)
	at org.eclipse.core.internal.events.BuildManager.build(BuildManager.java:383)
	at org.eclipse.core.internal.events.AutoBuildJob.doBuild(AutoBuildJob.java:144)
	at org.eclipse.core.internal.events.AutoBuildJob.run(AutoBuildJob.java:235)
	at org.eclipse.core.internal.jobs.Worker.run(Worker.java:55)
Caused by: com.puppycrawl.tools.checkstyle.api.CheckstyleException: MismatchedTokenException occurred during the analysis of file /Users/Frithjof/Documents/git/projects/MatchThree/src/edu/kit/informatik/Command.java.
	at com.puppycrawl.tools.checkstyle.TreeWalker.processFiltered(TreeWalker.java:192)
	at com.puppycrawl.tools.checkstyle.api.AbstractFileSetCheck.process(AbstractFileSetCheck.java:78)
	at com.puppycrawl.tools.checkstyle.Checker.processFile(Checker.java:307)
	at com.puppycrawl.tools.checkstyle.Checker.processFiles(Checker.java:278)
	... 16 more
Caused by: /Users/Frithjof/Documents/git/projects/MatchThree/src/edu/kit/informatik/Command.java:50:5: expecting EOF, found 'Command'
	at antlr.Parser.match(Parser.java:211)
	at com.puppycrawl.tools.checkstyle.grammars.GeneratedJavaRecognizer.compilationUnit(GeneratedJavaRecognizer.java:211)
	at com.puppycrawl.tools.checkstyle.TreeWalker.parse(TreeWalker.java:439)
	at com.puppycrawl.tools.checkstyle.TreeWalker.processFiltered(TreeWalker.java:174)
	... 19 more

!ENTRY net.sf.eclipsecs.core 4 0 2017-02-26 11:43:02.515
!MESSAGE Checkstyle-Plugin: Exception was thrown while processing /Users/Frithjof/Documents/git/projects/MatchThree/src/edu/kit/informatik/Command.java
!STACK 0
com.puppycrawl.tools.checkstyle.api.CheckstyleException: Exception was thrown while processing /Users/Frithjof/Documents/git/projects/MatchThree/src/edu/kit/informatik/Command.java
	at com.puppycrawl.tools.checkstyle.Checker.processFiles(Checker.java:287)
	at com.puppycrawl.tools.checkstyle.Checker.process(Checker.java:205)
	at net.sf.eclipsecs.core.builder.Auditor.runAudit(Auditor.java:157)
	at net.sf.eclipsecs.core.builder.CheckstyleBuilder.handleBuildSelection(CheckstyleBuilder.java:300)
	at net.sf.eclipsecs.core.builder.CheckstyleBuilder.build(CheckstyleBuilder.java:171)
	at org.eclipse.core.internal.events.BuildManager$2.run(BuildManager.java:735)
	at org.eclipse.core.runtime.SafeRunner.run(SafeRunner.java:42)
	at org.eclipse.core.internal.events.BuildManager.basicBuild(BuildManager.java:206)
	at org.eclipse.core.internal.events.BuildManager.basicBuild(BuildManager.java:246)
	at org.eclipse.core.internal.events.BuildManager$1.run(BuildManager.java:301)
	at org.eclipse.core.runtime.SafeRunner.run(SafeRunner.java:42)
	at org.eclipse.core.internal.events.BuildManager.basicBuild(BuildManager.java:304)
	at org.eclipse.core.internal.events.BuildManager.basicBuildLoop(BuildManager.java:360)
	at org.eclipse.core.internal.events.BuildManager.build(BuildManager.java:383)
	at org.eclipse.core.internal.events.AutoBuildJob.doBuild(AutoBuildJob.java:144)
	at org.eclipse.core.internal.events.AutoBuildJob.run(AutoBuildJob.java:235)
	at org.eclipse.core.internal.jobs.Worker.run(Worker.java:55)
Caused by: com.puppycrawl.tools.checkstyle.api.CheckstyleException: MismatchedTokenException occurred during the analysis of file /Users/Frithjof/Documents/git/projects/MatchThree/src/edu/kit/informatik/Command.java.
	at com.puppycrawl.tools.checkstyle.TreeWalker.processFiltered(TreeWalker.java:192)
	at com.puppycrawl.tools.checkstyle.api.AbstractFileSetCheck.process(AbstractFileSetCheck.java:78)
	at com.puppycrawl.tools.checkstyle.Checker.processFile(Checker.java:307)
	at com.puppycrawl.tools.checkstyle.Checker.processFiles(Checker.java:278)
	... 16 more
Caused by: /Users/Frithjof/Documents/git/projects/MatchThree/src/edu/kit/informatik/Command.java:50:5: expecting EOF, found 'Command'
	at antlr.Parser.match(Parser.java:211)
	at com.puppycrawl.tools.checkstyle.grammars.GeneratedJavaRecognizer.compilationUnit(GeneratedJavaRecognizer.java:211)
	at com.puppycrawl.tools.checkstyle.TreeWalker.parse(TreeWalker.java:439)
	at com.puppycrawl.tools.checkstyle.TreeWalker.processFiltered(TreeWalker.java:174)
	... 19 more

!ENTRY net.sf.eclipsecs.core 4 0 2017-02-26 11:43:32.544
!MESSAGE Checkstyle-Plugin: Exception was thrown while processing /Users/Frithjof/Documents/git/projects/MatchThree/src/edu/kit/informatik/Command.java
!STACK 0
com.puppycrawl.tools.checkstyle.api.CheckstyleException: Exception was thrown while processing /Users/Frithjof/Documents/git/projects/MatchThree/src/edu/kit/informatik/Command.java
	at com.puppycrawl.tools.checkstyle.Checker.processFiles(Checker.java:287)
	at com.puppycrawl.tools.checkstyle.Checker.process(Checker.java:205)
	at net.sf.eclipsecs.core.builder.Auditor.runAudit(Auditor.java:157)
	at net.sf.eclipsecs.core.builder.CheckstyleBuilder.handleBuildSelection(CheckstyleBuilder.java:300)
	at net.sf.eclipsecs.core.builder.CheckstyleBuilder.build(CheckstyleBuilder.java:171)
	at org.eclipse.core.internal.events.BuildManager$2.run(BuildManager.java:735)
	at org.eclipse.core.runtime.SafeRunner.run(SafeRunner.java:42)
	at org.eclipse.core.internal.events.BuildManager.basicBuild(BuildManager.java:206)
	at org.eclipse.core.internal.events.BuildManager.basicBuild(BuildManager.java:246)
	at org.eclipse.core.internal.events.BuildManager$1.run(BuildManager.java:301)
	at org.eclipse.core.runtime.SafeRunner.run(SafeRunner.java:42)
	at org.eclipse.core.internal.events.BuildManager.basicBuild(BuildManager.java:304)
	at org.eclipse.core.internal.events.BuildManager.basicBuildLoop(BuildManager.java:360)
	at org.eclipse.core.internal.events.BuildManager.build(BuildManager.java:383)
	at org.eclipse.core.internal.events.AutoBuildJob.doBuild(AutoBuildJob.java:144)
	at org.eclipse.core.internal.events.AutoBuildJob.run(AutoBuildJob.java:235)
	at org.eclipse.core.internal.jobs.Worker.run(Worker.java:55)
Caused by: com.puppycrawl.tools.checkstyle.api.CheckstyleException: MismatchedTokenException occurred during the analysis of file /Users/Frithjof/Documents/git/projects/MatchThree/src/edu/kit/informatik/Command.java.
	at com.puppycrawl.tools.checkstyle.TreeWalker.processFiltered(TreeWalker.java:192)
	at com.puppycrawl.tools.checkstyle.api.AbstractFileSetCheck.process(AbstractFileSetCheck.java:78)
	at com.puppycrawl.tools.checkstyle.Checker.processFile(Checker.java:307)
	at com.puppycrawl.tools.checkstyle.Checker.processFiles(Checker.java:278)
	... 16 more
Caused by: /Users/Frithjof/Documents/git/projects/MatchThree/src/edu/kit/informatik/Command.java:50:5: expecting EOF, found 'Command'
	at antlr.Parser.match(Parser.java:211)
	at com.puppycrawl.tools.checkstyle.grammars.GeneratedJavaRecognizer.compilationUnit(GeneratedJavaRecognizer.java:211)
	at com.puppycrawl.tools.checkstyle.TreeWalker.parse(TreeWalker.java:439)
	at com.puppycrawl.tools.checkstyle.TreeWalker.processFiltered(TreeWalker.java:174)
	... 19 more

!ENTRY net.sf.eclipsecs.core 4 0 2017-02-26 11:44:34.319
!MESSAGE Checkstyle-Plugin: Exception was thrown while processing /Users/Frithjof/Documents/git/projects/MatchThree/src/edu/kit/informatik/Command.java
!STACK 0
com.puppycrawl.tools.checkstyle.api.CheckstyleException: Exception was thrown while processing /Users/Frithjof/Documents/git/projects/MatchThree/src/edu/kit/informatik/Command.java
	at com.puppycrawl.tools.checkstyle.Checker.processFiles(Checker.java:287)
	at com.puppycrawl.tools.checkstyle.Checker.process(Checker.java:205)
	at net.sf.eclipsecs.core.builder.Auditor.runAudit(Auditor.java:157)
	at net.sf.eclipsecs.core.builder.CheckstyleBuilder.handleBuildSelection(CheckstyleBuilder.java:300)
	at net.sf.eclipsecs.core.builder.CheckstyleBuilder.build(CheckstyleBuilder.java:171)
	at org.eclipse.core.internal.events.BuildManager$2.run(BuildManager.java:735)
	at org.eclipse.core.runtime.SafeRunner.run(SafeRunner.java:42)
	at org.eclipse.core.internal.events.BuildManager.basicBuild(BuildManager.java:206)
	at org.eclipse.core.internal.events.BuildManager.basicBuild(BuildManager.java:246)
	at org.eclipse.core.internal.events.BuildManager$1.run(BuildManager.java:301)
	at org.eclipse.core.runtime.SafeRunner.run(SafeRunner.java:42)
	at org.eclipse.core.internal.events.BuildManager.basicBuild(BuildManager.java:304)
	at org.eclipse.core.internal.events.BuildManager.basicBuildLoop(BuildManager.java:360)
	at org.eclipse.core.internal.events.BuildManager.build(BuildManager.java:383)
	at org.eclipse.core.internal.events.AutoBuildJob.doBuild(AutoBuildJob.java:144)
	at org.eclipse.core.internal.events.AutoBuildJob.run(AutoBuildJob.java:235)
	at org.eclipse.core.internal.jobs.Worker.run(Worker.java:55)
Caused by: com.puppycrawl.tools.checkstyle.api.CheckstyleException: MismatchedTokenException occurred during the analysis of file /Users/Frithjof/Documents/git/projects/MatchThree/src/edu/kit/informatik/Command.java.
	at com.puppycrawl.tools.checkstyle.TreeWalker.processFiltered(TreeWalker.java:192)
	at com.puppycrawl.tools.checkstyle.api.AbstractFileSetCheck.process(AbstractFileSetCheck.java:78)
	at com.puppycrawl.tools.checkstyle.Checker.processFile(Checker.java:307)
	at com.puppycrawl.tools.checkstyle.Checker.processFiles(Checker.java:278)
	... 16 more
Caused by: /Users/Frithjof/Documents/git/projects/MatchThree/src/edu/kit/informatik/Command.java:52:5: expecting EOF, found 'Command'
	at antlr.Parser.match(Parser.java:211)
	at com.puppycrawl.tools.checkstyle.grammars.GeneratedJavaRecognizer.compilationUnit(GeneratedJavaRecognizer.java:211)
	at com.puppycrawl.tools.checkstyle.TreeWalker.parse(TreeWalker.java:439)
	at com.puppycrawl.tools.checkstyle.TreeWalker.processFiltered(TreeWalker.java:174)
	... 19 more

!ENTRY net.sf.eclipsecs.core 4 0 2017-02-26 11:44:44.351
!MESSAGE Checkstyle-Plugin: Exception was thrown while processing /Users/Frithjof/Documents/git/projects/MatchThree/src/edu/kit/informatik/Command.java
!STACK 0
com.puppycrawl.tools.checkstyle.api.CheckstyleException: Exception was thrown while processing /Users/Frithjof/Documents/git/projects/MatchThree/src/edu/kit/informatik/Command.java
	at com.puppycrawl.tools.checkstyle.Checker.processFiles(Checker.java:287)
	at com.puppycrawl.tools.checkstyle.Checker.process(Checker.java:205)
	at net.sf.eclipsecs.core.builder.Auditor.runAudit(Auditor.java:157)
	at net.sf.eclipsecs.core.builder.CheckstyleBuilder.handleBuildSelection(CheckstyleBuilder.java:300)
	at net.sf.eclipsecs.core.builder.CheckstyleBuilder.build(CheckstyleBuilder.java:171)
	at org.eclipse.core.internal.events.BuildManager$2.run(BuildManager.java:735)
	at org.eclipse.core.runtime.SafeRunner.run(SafeRunner.java:42)
	at org.eclipse.core.internal.events.BuildManager.basicBuild(BuildManager.java:206)
	at org.eclipse.core.internal.events.BuildManager.basicBuild(BuildManager.java:246)
	at org.eclipse.core.internal.events.BuildManager$1.run(BuildManager.java:301)
	at org.eclipse.core.runtime.SafeRunner.run(SafeRunner.java:42)
	at org.eclipse.core.internal.events.BuildManager.basicBuild(BuildManager.java:304)
	at org.eclipse.core.internal.events.BuildManager.basicBuildLoop(BuildManager.java:360)
	at org.eclipse.core.internal.events.BuildManager.build(BuildManager.java:383)
	at org.eclipse.core.internal.events.AutoBuildJob.doBuild(AutoBuildJob.java:144)
	at org.eclipse.core.internal.events.AutoBuildJob.run(AutoBuildJob.java:235)
	at org.eclipse.core.internal.jobs.Worker.run(Worker.java:55)
Caused by: com.puppycrawl.tools.checkstyle.api.CheckstyleException: MismatchedTokenException occurred during the analysis of file /Users/Frithjof/Documents/git/projects/MatchThree/src/edu/kit/informatik/Command.java.
	at com.puppycrawl.tools.checkstyle.TreeWalker.processFiltered(TreeWalker.java:192)
	at com.puppycrawl.tools.checkstyle.api.AbstractFileSetCheck.process(AbstractFileSetCheck.java:78)
	at com.puppycrawl.tools.checkstyle.Checker.processFile(Checker.java:307)
	at com.puppycrawl.tools.checkstyle.Checker.processFiles(Checker.java:278)
	... 16 more
Caused by: /Users/Frithjof/Documents/git/projects/MatchThree/src/edu/kit/informatik/Command.java:52:5: expecting EOF, found 'Command'
	at antlr.Parser.match(Parser.java:211)
	at com.puppycrawl.tools.checkstyle.grammars.GeneratedJavaRecognizer.compilationUnit(GeneratedJavaRecognizer.java:211)
	at com.puppycrawl.tools.checkstyle.TreeWalker.parse(TreeWalker.java:439)
	at com.puppycrawl.tools.checkstyle.TreeWalker.processFiltered(TreeWalker.java:174)
	... 19 more

!ENTRY net.sf.eclipsecs.core 4 0 2017-02-26 11:46:19.949
!MESSAGE Checkstyle-Plugin: Exception was thrown while processing /Users/Frithjof/Documents/git/projects/MatchThree/src/edu/kit/informatik/Command.java
!STACK 0
com.puppycrawl.tools.checkstyle.api.CheckstyleException: Exception was thrown while processing /Users/Frithjof/Documents/git/projects/MatchThree/src/edu/kit/informatik/Command.java
	at com.puppycrawl.tools.checkstyle.Checker.processFiles(Checker.java:287)
	at com.puppycrawl.tools.checkstyle.Checker.process(Checker.java:205)
	at net.sf.eclipsecs.core.builder.Auditor.runAudit(Auditor.java:157)
	at net.sf.eclipsecs.core.builder.CheckstyleBuilder.handleBuildSelection(CheckstyleBuilder.java:300)
	at net.sf.eclipsecs.core.builder.CheckstyleBuilder.build(CheckstyleBuilder.java:171)
	at org.eclipse.core.internal.events.BuildManager$2.run(BuildManager.java:735)
	at org.eclipse.core.runtime.SafeRunner.run(SafeRunner.java:42)
	at org.eclipse.core.internal.events.BuildManager.basicBuild(BuildManager.java:206)
	at org.eclipse.core.internal.events.BuildManager.basicBuild(BuildManager.java:246)
	at org.eclipse.core.internal.events.BuildManager$1.run(BuildManager.java:301)
	at org.eclipse.core.runtime.SafeRunner.run(SafeRunner.java:42)
	at org.eclipse.core.internal.events.BuildManager.basicBuild(BuildManager.java:304)
	at org.eclipse.core.internal.events.BuildManager.basicBuildLoop(BuildManager.java:360)
	at org.eclipse.core.internal.events.BuildManager.build(BuildManager.java:383)
	at org.eclipse.core.internal.events.AutoBuildJob.doBuild(AutoBuildJob.java:144)
	at org.eclipse.core.internal.events.AutoBuildJob.run(AutoBuildJob.java:235)
	at org.eclipse.core.internal.jobs.Worker.run(Worker.java:55)
Caused by: com.puppycrawl.tools.checkstyle.api.CheckstyleException: TokenStreamRecognitionException occurred during the analysis of file /Users/Frithjof/Documents/git/projects/MatchThree/src/edu/kit/informatik/Command.java.
	at com.puppycrawl.tools.checkstyle.TreeWalker.processFiltered(TreeWalker.java:187)
	at com.puppycrawl.tools.checkstyle.api.AbstractFileSetCheck.process(AbstractFileSetCheck.java:78)
	at com.puppycrawl.tools.checkstyle.Checker.processFile(Checker.java:307)
	at com.puppycrawl.tools.checkstyle.Checker.processFiles(Checker.java:278)
	... 16 more
Caused by: /Users/Frithjof/Documents/git/projects/MatchThree/src/edu/kit/informatik/Command.java:38:20: unexpected char: 'd'
	at com.puppycrawl.tools.checkstyle.grammars.GeneratedJavaLexer.nextToken(GeneratedJavaLexer.java:405)
	at antlr.TokenStreamHiddenTokenFilter.consume(TokenStreamHiddenTokenFilter.java:38)
	at antlr.TokenStreamHiddenTokenFilter.nextToken(TokenStreamHiddenTokenFilter.java:134)
	at antlr.TokenBuffer.fill(TokenBuffer.java:69)
	at antlr.TokenBuffer.LA(TokenBuffer.java:80)
	at antlr.LLkParser.LA(LLkParser.java:52)
	at com.puppycrawl.tools.checkstyle.grammars.GeneratedJavaRecognizer.enumConstant(GeneratedJavaRecognizer.java:3149)
	at com.puppycrawl.tools.checkstyle.grammars.GeneratedJavaRecognizer.enumBlock(GeneratedJavaRecognizer.java:2656)
	at com.puppycrawl.tools.checkstyle.grammars.GeneratedJavaRecognizer.enumDefinition(GeneratedJavaRecognizer.java:720)
	at com.puppycrawl.tools.checkstyle.grammars.GeneratedJavaRecognizer.typeDefinitionInternal(GeneratedJavaRecognizer.java:570)
	at com.puppycrawl.tools.checkstyle.grammars.GeneratedJavaRecognizer.typeDefinition(GeneratedJavaRecognizer.java:389)
	at com.puppycrawl.tools.checkstyle.grammars.GeneratedJavaRecognizer.compilationUnit(GeneratedJavaRecognizer.java:202)
	at com.puppycrawl.tools.checkstyle.TreeWalker.parse(TreeWalker.java:439)
	at com.puppycrawl.tools.checkstyle.TreeWalker.processFiltered(TreeWalker.java:174)
	... 19 more

!ENTRY net.sf.eclipsecs.core 4 0 2017-02-26 11:48:33.671
!MESSAGE Checkstyle-Plugin: Exception was thrown while processing /Users/Frithjof/Documents/git/projects/MatchThree/src/edu/kit/informatik/Command.java
!STACK 0
com.puppycrawl.tools.checkstyle.api.CheckstyleException: Exception was thrown while processing /Users/Frithjof/Documents/git/projects/MatchThree/src/edu/kit/informatik/Command.java
	at com.puppycrawl.tools.checkstyle.Checker.processFiles(Checker.java:287)
	at com.puppycrawl.tools.checkstyle.Checker.process(Checker.java:205)
	at net.sf.eclipsecs.core.builder.Auditor.runAudit(Auditor.java:157)
	at net.sf.eclipsecs.core.builder.CheckstyleBuilder.handleBuildSelection(CheckstyleBuilder.java:300)
	at net.sf.eclipsecs.core.builder.CheckstyleBuilder.build(CheckstyleBuilder.java:171)
	at org.eclipse.core.internal.events.BuildManager$2.run(BuildManager.java:735)
	at org.eclipse.core.runtime.SafeRunner.run(SafeRunner.java:42)
	at org.eclipse.core.internal.events.BuildManager.basicBuild(BuildManager.java:206)
	at org.eclipse.core.internal.events.BuildManager.basicBuild(BuildManager.java:246)
	at org.eclipse.core.internal.events.BuildManager$1.run(BuildManager.java:301)
	at org.eclipse.core.runtime.SafeRunner.run(SafeRunner.java:42)
	at org.eclipse.core.internal.events.BuildManager.basicBuild(BuildManager.java:304)
	at org.eclipse.core.internal.events.BuildManager.basicBuildLoop(BuildManager.java:360)
	at org.eclipse.core.internal.events.BuildManager.build(BuildManager.java:383)
	at org.eclipse.core.internal.events.AutoBuildJob.doBuild(AutoBuildJob.java:144)
	at org.eclipse.core.internal.events.AutoBuildJob.run(AutoBuildJob.java:235)
	at org.eclipse.core.internal.jobs.Worker.run(Worker.java:55)
Caused by: com.puppycrawl.tools.checkstyle.api.CheckstyleException: MismatchedTokenException occurred during the analysis of file /Users/Frithjof/Documents/git/projects/MatchThree/src/edu/kit/informatik/Command.java.
	at com.puppycrawl.tools.checkstyle.TreeWalker.processFiltered(TreeWalker.java:192)
	at com.puppycrawl.tools.checkstyle.api.AbstractFileSetCheck.process(AbstractFileSetCheck.java:78)
	at com.puppycrawl.tools.checkstyle.Checker.processFile(Checker.java:307)
	at com.puppycrawl.tools.checkstyle.Checker.processFiles(Checker.java:278)
	... 16 more
Caused by: /Users/Frithjof/Documents/git/projects/MatchThree/src/edu/kit/informatik/Command.java:55:5: expecting EOF, found 'Command'
	at antlr.Parser.match(Parser.java:211)
	at com.puppycrawl.tools.checkstyle.grammars.GeneratedJavaRecognizer.compilationUnit(GeneratedJavaRecognizer.java:211)
	at com.puppycrawl.tools.checkstyle.TreeWalker.parse(TreeWalker.java:439)
	at com.puppycrawl.tools.checkstyle.TreeWalker.processFiltered(TreeWalker.java:174)
	... 19 more

!ENTRY net.sf.eclipsecs.core 4 0 2017-02-26 11:51:04.361
!MESSAGE Checkstyle-Plugin: Exception was thrown while processing /Users/Frithjof/Documents/git/projects/MatchThree/src/edu/kit/informatik/Command.java
!STACK 0
com.puppycrawl.tools.checkstyle.api.CheckstyleException: Exception was thrown while processing /Users/Frithjof/Documents/git/projects/MatchThree/src/edu/kit/informatik/Command.java
	at com.puppycrawl.tools.checkstyle.Checker.processFiles(Checker.java:287)
	at com.puppycrawl.tools.checkstyle.Checker.process(Checker.java:205)
	at net.sf.eclipsecs.core.builder.Auditor.runAudit(Auditor.java:157)
	at net.sf.eclipsecs.core.builder.CheckstyleBuilder.handleBuildSelection(CheckstyleBuilder.java:300)
	at net.sf.eclipsecs.core.builder.CheckstyleBuilder.build(CheckstyleBuilder.java:171)
	at org.eclipse.core.internal.events.BuildManager$2.run(BuildManager.java:735)
	at org.eclipse.core.runtime.SafeRunner.run(SafeRunner.java:42)
	at org.eclipse.core.internal.events.BuildManager.basicBuild(BuildManager.java:206)
	at org.eclipse.core.internal.events.BuildManager.basicBuild(BuildManager.java:246)
	at org.eclipse.core.internal.events.BuildManager$1.run(BuildManager.java:301)
	at org.eclipse.core.runtime.SafeRunner.run(SafeRunner.java:42)
	at org.eclipse.core.internal.events.BuildManager.basicBuild(BuildManager.java:304)
	at org.eclipse.core.internal.events.BuildManager.basicBuildLoop(BuildManager.java:360)
	at org.eclipse.core.internal.events.BuildManager.build(BuildManager.java:383)
	at org.eclipse.core.internal.events.AutoBuildJob.doBuild(AutoBuildJob.java:144)
	at org.eclipse.core.internal.events.AutoBuildJob.run(AutoBuildJob.java:235)
	at org.eclipse.core.internal.jobs.Worker.run(Worker.java:55)
Caused by: com.puppycrawl.tools.checkstyle.api.CheckstyleException: MismatchedTokenException occurred during the analysis of file /Users/Frithjof/Documents/git/projects/MatchThree/src/edu/kit/informatik/Command.java.
	at com.puppycrawl.tools.checkstyle.TreeWalker.processFiltered(TreeWalker.java:192)
	at com.puppycrawl.tools.checkstyle.api.AbstractFileSetCheck.process(AbstractFileSetCheck.java:78)
	at com.puppycrawl.tools.checkstyle.Checker.processFile(Checker.java:307)
	at com.puppycrawl.tools.checkstyle.Checker.processFiles(Checker.java:278)
	... 16 more
Caused by: /Users/Frithjof/Documents/git/projects/MatchThree/src/edu/kit/informatik/Command.java:47:9: expecting EOF, found '}'
	at antlr.Parser.match(Parser.java:211)
	at com.puppycrawl.tools.checkstyle.grammars.GeneratedJavaRecognizer.compilationUnit(GeneratedJavaRecognizer.java:211)
	at com.puppycrawl.tools.checkstyle.TreeWalker.parse(TreeWalker.java:439)
	at com.puppycrawl.tools.checkstyle.TreeWalker.processFiltered(TreeWalker.java:174)
	... 19 more

!ENTRY net.sf.eclipsecs.core 4 0 2017-02-26 12:18:20.179
!MESSAGE Checkstyle-Plugin: Exception was thrown while processing /Users/Frithjof/Documents/git/projects/MatchThree/src/edu/kit/informatik/matchthree/framework/Delta.java
!STACK 0
com.puppycrawl.tools.checkstyle.api.CheckstyleException: Exception was thrown while processing /Users/Frithjof/Documents/git/projects/MatchThree/src/edu/kit/informatik/matchthree/framework/Delta.java
	at com.puppycrawl.tools.checkstyle.Checker.processFiles(Checker.java:287)
	at com.puppycrawl.tools.checkstyle.Checker.process(Checker.java:205)
	at net.sf.eclipsecs.core.builder.Auditor.runAudit(Auditor.java:157)
	at net.sf.eclipsecs.core.builder.CheckstyleBuilder.handleBuildSelection(CheckstyleBuilder.java:300)
	at net.sf.eclipsecs.core.builder.CheckstyleBuilder.build(CheckstyleBuilder.java:171)
	at org.eclipse.core.internal.events.BuildManager$2.run(BuildManager.java:735)
	at org.eclipse.core.runtime.SafeRunner.run(SafeRunner.java:42)
	at org.eclipse.core.internal.events.BuildManager.basicBuild(BuildManager.java:206)
	at org.eclipse.core.internal.events.BuildManager.basicBuild(BuildManager.java:246)
	at org.eclipse.core.internal.events.BuildManager$1.run(BuildManager.java:301)
	at org.eclipse.core.runtime.SafeRunner.run(SafeRunner.java:42)
	at org.eclipse.core.internal.events.BuildManager.basicBuild(BuildManager.java:304)
	at org.eclipse.core.internal.events.BuildManager.basicBuildLoop(BuildManager.java:360)
	at org.eclipse.core.internal.events.BuildManager.build(BuildManager.java:383)
	at org.eclipse.core.internal.events.AutoBuildJob.doBuild(AutoBuildJob.java:144)
	at org.eclipse.core.internal.events.AutoBuildJob.run(AutoBuildJob.java:235)
	at org.eclipse.core.internal.jobs.Worker.run(Worker.java:55)
Caused by: java.lang.NullPointerException
	at com.puppycrawl.tools.checkstyle.checks.coding.InnerAssignmentCheck.isInNoBraceControlStatement(InnerAssignmentCheck.java:178)
	at com.puppycrawl.tools.checkstyle.checks.coding.InnerAssignmentCheck.visitToken(InnerAssignmentCheck.java:137)
	at com.puppycrawl.tools.checkstyle.TreeWalker.notifyVisit(TreeWalker.java:361)
	at com.puppycrawl.tools.checkstyle.TreeWalker.processIter(TreeWalker.java:498)
	at com.puppycrawl.tools.checkstyle.TreeWalker.walk(TreeWalker.java:303)
	at com.puppycrawl.tools.checkstyle.TreeWalker.processFiltered(TreeWalker.java:178)
	at com.puppycrawl.tools.checkstyle.api.AbstractFileSetCheck.process(AbstractFileSetCheck.java:78)
	at com.puppycrawl.tools.checkstyle.Checker.processFile(Checker.java:307)
	at com.puppycrawl.tools.checkstyle.Checker.processFiles(Checker.java:278)
	... 16 more

!ENTRY net.sf.eclipsecs.core 4 0 2017-02-26 14:08:23.742
!MESSAGE Checkstyle-Plugin: Exception was thrown while processing /Users/Frithjof/Documents/git/projects/MatchThree/src/edu/kit/informatik/Command.java
!STACK 0
com.puppycrawl.tools.checkstyle.api.CheckstyleException: Exception was thrown while processing /Users/Frithjof/Documents/git/projects/MatchThree/src/edu/kit/informatik/Command.java
	at com.puppycrawl.tools.checkstyle.Checker.processFiles(Checker.java:287)
	at com.puppycrawl.tools.checkstyle.Checker.process(Checker.java:205)
	at net.sf.eclipsecs.core.builder.Auditor.runAudit(Auditor.java:157)
	at net.sf.eclipsecs.core.builder.CheckstyleBuilder.handleBuildSelection(CheckstyleBuilder.java:300)
	at net.sf.eclipsecs.core.builder.CheckstyleBuilder.build(CheckstyleBuilder.java:171)
	at org.eclipse.core.internal.events.BuildManager$2.run(BuildManager.java:735)
	at org.eclipse.core.runtime.SafeRunner.run(SafeRunner.java:42)
	at org.eclipse.core.internal.events.BuildManager.basicBuild(BuildManager.java:206)
	at org.eclipse.core.internal.events.BuildManager.basicBuild(BuildManager.java:246)
	at org.eclipse.core.internal.events.BuildManager$1.run(BuildManager.java:301)
	at org.eclipse.core.runtime.SafeRunner.run(SafeRunner.java:42)
	at org.eclipse.core.internal.events.BuildManager.basicBuild(BuildManager.java:304)
	at org.eclipse.core.internal.events.BuildManager.basicBuildLoop(BuildManager.java:360)
	at org.eclipse.core.internal.events.BuildManager.build(BuildManager.java:383)
	at org.eclipse.core.internal.events.AutoBuildJob.doBuild(AutoBuildJob.java:144)
	at org.eclipse.core.internal.events.AutoBuildJob.run(AutoBuildJob.java:235)
	at org.eclipse.core.internal.jobs.Worker.run(Worker.java:55)
Caused by: com.puppycrawl.tools.checkstyle.api.CheckstyleException: MismatchedTokenException occurred during the analysis of file /Users/Frithjof/Documents/git/projects/MatchThree/src/edu/kit/informatik/Command.java.
	at com.puppycrawl.tools.checkstyle.TreeWalker.processFiltered(TreeWalker.java:192)
	at com.puppycrawl.tools.checkstyle.api.AbstractFileSetCheck.process(AbstractFileSetCheck.java:78)
	at com.puppycrawl.tools.checkstyle.Checker.processFile(Checker.java:307)
	at com.puppycrawl.tools.checkstyle.Checker.processFiles(Checker.java:278)
	... 16 more
Caused by: /Users/Frithjof/Documents/git/projects/MatchThree/src/edu/kit/informatik/Command.java:182:13: expecting EOF, found '}'
	at antlr.Parser.match(Parser.java:211)
	at com.puppycrawl.tools.checkstyle.grammars.GeneratedJavaRecognizer.compilationUnit(GeneratedJavaRecognizer.java:211)
	at com.puppycrawl.tools.checkstyle.TreeWalker.parse(TreeWalker.java:439)
	at com.puppycrawl.tools.checkstyle.TreeWalker.processFiltered(TreeWalker.java:174)
	... 19 more

!ENTRY net.sf.eclipsecs.core 4 0 2017-02-26 14:10:04.910
!MESSAGE Checkstyle-Plugin: Exception was thrown while processing /Users/Frithjof/Documents/git/projects/MatchThree/src/edu/kit/informatik/Command.java
!STACK 0
com.puppycrawl.tools.checkstyle.api.CheckstyleException: Exception was thrown while processing /Users/Frithjof/Documents/git/projects/MatchThree/src/edu/kit/informatik/Command.java
	at com.puppycrawl.tools.checkstyle.Checker.processFiles(Checker.java:287)
	at com.puppycrawl.tools.checkstyle.Checker.process(Checker.java:205)
	at net.sf.eclipsecs.core.builder.Auditor.runAudit(Auditor.java:157)
	at net.sf.eclipsecs.core.builder.CheckstyleBuilder.handleBuildSelection(CheckstyleBuilder.java:300)
	at net.sf.eclipsecs.core.builder.CheckstyleBuilder.build(CheckstyleBuilder.java:171)
	at org.eclipse.core.internal.events.BuildManager$2.run(BuildManager.java:735)
	at org.eclipse.core.runtime.SafeRunner.run(SafeRunner.java:42)
	at org.eclipse.core.internal.events.BuildManager.basicBuild(BuildManager.java:206)
	at org.eclipse.core.internal.events.BuildManager.basicBuild(BuildManager.java:246)
	at org.eclipse.core.internal.events.BuildManager$1.run(BuildManager.java:301)
	at org.eclipse.core.runtime.SafeRunner.run(SafeRunner.java:42)
	at org.eclipse.core.internal.events.BuildManager.basicBuild(BuildManager.java:304)
	at org.eclipse.core.internal.events.BuildManager.basicBuildLoop(BuildManager.java:360)
	at org.eclipse.core.internal.events.BuildManager.build(BuildManager.java:383)
	at org.eclipse.core.internal.events.AutoBuildJob.doBuild(AutoBuildJob.java:144)
	at org.eclipse.core.internal.events.AutoBuildJob.run(AutoBuildJob.java:235)
	at org.eclipse.core.internal.jobs.Worker.run(Worker.java:55)
Caused by: com.puppycrawl.tools.checkstyle.api.CheckstyleException: MismatchedTokenException occurred during the analysis of file /Users/Frithjof/Documents/git/projects/MatchThree/src/edu/kit/informatik/Command.java.
	at com.puppycrawl.tools.checkstyle.TreeWalker.processFiltered(TreeWalker.java:192)
	at com.puppycrawl.tools.checkstyle.api.AbstractFileSetCheck.process(AbstractFileSetCheck.java:78)
	at com.puppycrawl.tools.checkstyle.Checker.processFile(Checker.java:307)
	at com.puppycrawl.tools.checkstyle.Checker.processFiles(Checker.java:278)
	... 16 more
Caused by: /Users/Frithjof/Documents/git/projects/MatchThree/src/edu/kit/informatik/Command.java:176:9: expecting EOF, found 'Command'
	at antlr.Parser.match(Parser.java:211)
	at com.puppycrawl.tools.checkstyle.grammars.GeneratedJavaRecognizer.compilationUnit(GeneratedJavaRecognizer.java:211)
	at com.puppycrawl.tools.checkstyle.TreeWalker.parse(TreeWalker.java:439)
	at com.puppycrawl.tools.checkstyle.TreeWalker.processFiltered(TreeWalker.java:174)
	... 19 more

!ENTRY net.sf.eclipsecs.core 4 0 2017-02-26 14:10:08.511
!MESSAGE Checkstyle-Plugin: Exception was thrown while processing /Users/Frithjof/Documents/git/projects/MatchThree/src/edu/kit/informatik/Command.java
!STACK 0
com.puppycrawl.tools.checkstyle.api.CheckstyleException: Exception was thrown while processing /Users/Frithjof/Documents/git/projects/MatchThree/src/edu/kit/informatik/Command.java
	at com.puppycrawl.tools.checkstyle.Checker.processFiles(Checker.java:287)
	at com.puppycrawl.tools.checkstyle.Checker.process(Checker.java:205)
	at net.sf.eclipsecs.core.builder.Auditor.runAudit(Auditor.java:157)
	at net.sf.eclipsecs.core.builder.CheckstyleBuilder.handleBuildSelection(CheckstyleBuilder.java:300)
	at net.sf.eclipsecs.core.builder.CheckstyleBuilder.build(CheckstyleBuilder.java:171)
	at org.eclipse.core.internal.events.BuildManager$2.run(BuildManager.java:735)
	at org.eclipse.core.runtime.SafeRunner.run(SafeRunner.java:42)
	at org.eclipse.core.internal.events.BuildManager.basicBuild(BuildManager.java:206)
	at org.eclipse.core.internal.events.BuildManager.basicBuild(BuildManager.java:246)
	at org.eclipse.core.internal.events.BuildManager$1.run(BuildManager.java:301)
	at org.eclipse.core.runtime.SafeRunner.run(SafeRunner.java:42)
	at org.eclipse.core.internal.events.BuildManager.basicBuild(BuildManager.java:304)
	at org.eclipse.core.internal.events.BuildManager.basicBuildLoop(BuildManager.java:360)
	at org.eclipse.core.internal.events.BuildManager.build(BuildManager.java:383)
	at org.eclipse.core.internal.events.AutoBuildJob.doBuild(AutoBuildJob.java:144)
	at org.eclipse.core.internal.events.AutoBuildJob.run(AutoBuildJob.java:235)
	at org.eclipse.core.internal.jobs.Worker.run(Worker.java:55)
Caused by: com.puppycrawl.tools.checkstyle.api.CheckstyleException: MismatchedTokenException occurred during the analysis of file /Users/Frithjof/Documents/git/projects/MatchThree/src/edu/kit/informatik/Command.java.
	at com.puppycrawl.tools.checkstyle.TreeWalker.processFiltered(TreeWalker.java:192)
	at com.puppycrawl.tools.checkstyle.api.AbstractFileSetCheck.process(AbstractFileSetCheck.java:78)
	at com.puppycrawl.tools.checkstyle.Checker.processFile(Checker.java:307)
	at com.puppycrawl.tools.checkstyle.Checker.processFiles(Checker.java:278)
	... 16 more
Caused by: /Users/Frithjof/Documents/git/projects/MatchThree/src/edu/kit/informatik/Command.java:176:9: expecting EOF, found 'Command'
	at antlr.Parser.match(Parser.java:211)
	at com.puppycrawl.tools.checkstyle.grammars.GeneratedJavaRecognizer.compilationUnit(GeneratedJavaRecognizer.java:211)
	at com.puppycrawl.tools.checkstyle.TreeWalker.parse(TreeWalker.java:439)
	at com.puppycrawl.tools.checkstyle.TreeWalker.processFiltered(TreeWalker.java:174)
	... 19 more

!ENTRY net.sf.eclipsecs.core 4 0 2017-02-26 14:10:43.987
!MESSAGE Checkstyle-Plugin: Exception was thrown while processing /Users/Frithjof/Documents/git/projects/MatchThree/src/edu/kit/informatik/Command.java
!STACK 0
com.puppycrawl.tools.checkstyle.api.CheckstyleException: Exception was thrown while processing /Users/Frithjof/Documents/git/projects/MatchThree/src/edu/kit/informatik/Command.java
	at com.puppycrawl.tools.checkstyle.Checker.processFiles(Checker.java:287)
	at com.puppycrawl.tools.checkstyle.Checker.process(Checker.java:205)
	at net.sf.eclipsecs.core.builder.Auditor.runAudit(Auditor.java:157)
	at net.sf.eclipsecs.core.builder.CheckstyleBuilder.handleBuildSelection(CheckstyleBuilder.java:300)
	at net.sf.eclipsecs.core.builder.CheckstyleBuilder.build(CheckstyleBuilder.java:171)
	at org.eclipse.core.internal.events.BuildManager$2.run(BuildManager.java:735)
	at org.eclipse.core.runtime.SafeRunner.run(SafeRunner.java:42)
	at org.eclipse.core.internal.events.BuildManager.basicBuild(BuildManager.java:206)
	at org.eclipse.core.internal.events.BuildManager.basicBuild(BuildManager.java:246)
	at org.eclipse.core.internal.events.BuildManager$1.run(BuildManager.java:301)
	at org.eclipse.core.runtime.SafeRunner.run(SafeRunner.java:42)
	at org.eclipse.core.internal.events.BuildManager.basicBuild(BuildManager.java:304)
	at org.eclipse.core.internal.events.BuildManager.basicBuildLoop(BuildManager.java:360)
	at org.eclipse.core.internal.events.BuildManager.build(BuildManager.java:383)
	at org.eclipse.core.internal.events.AutoBuildJob.doBuild(AutoBuildJob.java:144)
	at org.eclipse.core.internal.events.AutoBuildJob.run(AutoBuildJob.java:235)
	at org.eclipse.core.internal.jobs.Worker.run(Worker.java:55)
Caused by: com.puppycrawl.tools.checkstyle.api.CheckstyleException: MismatchedTokenException occurred during the analysis of file /Users/Frithjof/Documents/git/projects/MatchThree/src/edu/kit/informatik/Command.java.
	at com.puppycrawl.tools.checkstyle.TreeWalker.processFiltered(TreeWalker.java:192)
	at com.puppycrawl.tools.checkstyle.api.AbstractFileSetCheck.process(AbstractFileSetCheck.java:78)
	at com.puppycrawl.tools.checkstyle.Checker.processFile(Checker.java:307)
	at com.puppycrawl.tools.checkstyle.Checker.processFiles(Checker.java:278)
	... 16 more
Caused by: /Users/Frithjof/Documents/git/projects/MatchThree/src/edu/kit/informatik/Command.java:176:9: expecting EOF, found 'Command'
	at antlr.Parser.match(Parser.java:211)
	at com.puppycrawl.tools.checkstyle.grammars.GeneratedJavaRecognizer.compilationUnit(GeneratedJavaRecognizer.java:211)
	at com.puppycrawl.tools.checkstyle.TreeWalker.parse(TreeWalker.java:439)
	at com.puppycrawl.tools.checkstyle.TreeWalker.processFiltered(TreeWalker.java:174)
	... 19 more

!ENTRY net.sf.eclipsecs.core 4 0 2017-02-26 14:10:53.723
!MESSAGE Checkstyle-Plugin: Exception was thrown while processing /Users/Frithjof/Documents/git/projects/MatchThree/src/edu/kit/informatik/Command.java
!STACK 0
com.puppycrawl.tools.checkstyle.api.CheckstyleException: Exception was thrown while processing /Users/Frithjof/Documents/git/projects/MatchThree/src/edu/kit/informatik/Command.java
	at com.puppycrawl.tools.checkstyle.Checker.processFiles(Checker.java:287)
	at com.puppycrawl.tools.checkstyle.Checker.process(Checker.java:205)
	at net.sf.eclipsecs.core.builder.Auditor.runAudit(Auditor.java:157)
	at net.sf.eclipsecs.core.builder.CheckstyleBuilder.handleBuildSelection(CheckstyleBuilder.java:300)
	at net.sf.eclipsecs.core.builder.CheckstyleBuilder.build(CheckstyleBuilder.java:171)
	at org.eclipse.core.internal.events.BuildManager$2.run(BuildManager.java:735)
	at org.eclipse.core.runtime.SafeRunner.run(SafeRunner.java:42)
	at org.eclipse.core.internal.events.BuildManager.basicBuild(BuildManager.java:206)
	at org.eclipse.core.internal.events.BuildManager.basicBuild(BuildManager.java:246)
	at org.eclipse.core.internal.events.BuildManager$1.run(BuildManager.java:301)
	at org.eclipse.core.runtime.SafeRunner.run(SafeRunner.java:42)
	at org.eclipse.core.internal.events.BuildManager.basicBuild(BuildManager.java:304)
	at org.eclipse.core.internal.events.BuildManager.basicBuildLoop(BuildManager.java:360)
	at org.eclipse.core.internal.events.BuildManager.build(BuildManager.java:383)
	at org.eclipse.core.internal.events.AutoBuildJob.doBuild(AutoBuildJob.java:144)
	at org.eclipse.core.internal.events.AutoBuildJob.run(AutoBuildJob.java:235)
	at org.eclipse.core.internal.jobs.Worker.run(Worker.java:55)
Caused by: com.puppycrawl.tools.checkstyle.api.CheckstyleException: MismatchedTokenException occurred during the analysis of file /Users/Frithjof/Documents/git/projects/MatchThree/src/edu/kit/informatik/Command.java.
	at com.puppycrawl.tools.checkstyle.TreeWalker.processFiltered(TreeWalker.java:192)
	at com.puppycrawl.tools.checkstyle.api.AbstractFileSetCheck.process(AbstractFileSetCheck.java:78)
	at com.puppycrawl.tools.checkstyle.Checker.processFile(Checker.java:307)
	at com.puppycrawl.tools.checkstyle.Checker.processFiles(Checker.java:278)
	... 16 more
Caused by: /Users/Frithjof/Documents/git/projects/MatchThree/src/edu/kit/informatik/Command.java:176:9: expecting EOF, found 'Command'
	at antlr.Parser.match(Parser.java:211)
	at com.puppycrawl.tools.checkstyle.grammars.GeneratedJavaRecognizer.compilationUnit(GeneratedJavaRecognizer.java:211)
	at com.puppycrawl.tools.checkstyle.TreeWalker.parse(TreeWalker.java:439)
	at com.puppycrawl.tools.checkstyle.TreeWalker.processFiltered(TreeWalker.java:174)
	... 19 more

!ENTRY net.sf.eclipsecs.core 4 0 2017-02-26 14:10:59.286
!MESSAGE Checkstyle-Plugin: Exception was thrown while processing /Users/Frithjof/Documents/git/projects/MatchThree/src/edu/kit/informatik/Command.java
!STACK 0
com.puppycrawl.tools.checkstyle.api.CheckstyleException: Exception was thrown while processing /Users/Frithjof/Documents/git/projects/MatchThree/src/edu/kit/informatik/Command.java
	at com.puppycrawl.tools.checkstyle.Checker.processFiles(Checker.java:287)
	at com.puppycrawl.tools.checkstyle.Checker.process(Checker.java:205)
	at net.sf.eclipsecs.core.builder.Auditor.runAudit(Auditor.java:157)
	at net.sf.eclipsecs.core.builder.CheckstyleBuilder.handleBuildSelection(CheckstyleBuilder.java:300)
	at net.sf.eclipsecs.core.builder.CheckstyleBuilder.build(CheckstyleBuilder.java:171)
	at org.eclipse.core.internal.events.BuildManager$2.run(BuildManager.java:735)
	at org.eclipse.core.runtime.SafeRunner.run(SafeRunner.java:42)
	at org.eclipse.core.internal.events.BuildManager.basicBuild(BuildManager.java:206)
	at org.eclipse.core.internal.events.BuildManager.basicBuild(BuildManager.java:246)
	at org.eclipse.core.internal.events.BuildManager$1.run(BuildManager.java:301)
	at org.eclipse.core.runtime.SafeRunner.run(SafeRunner.java:42)
	at org.eclipse.core.internal.events.BuildManager.basicBuild(BuildManager.java:304)
	at org.eclipse.core.internal.events.BuildManager.basicBuildLoop(BuildManager.java:360)
	at org.eclipse.core.internal.events.BuildManager.build(BuildManager.java:383)
	at org.eclipse.core.internal.events.AutoBuildJob.doBuild(AutoBuildJob.java:144)
	at org.eclipse.core.internal.events.AutoBuildJob.run(AutoBuildJob.java:235)
	at org.eclipse.core.internal.jobs.Worker.run(Worker.java:55)
Caused by: com.puppycrawl.tools.checkstyle.api.CheckstyleException: MismatchedTokenException occurred during the analysis of file /Users/Frithjof/Documents/git/projects/MatchThree/src/edu/kit/informatik/Command.java.
	at com.puppycrawl.tools.checkstyle.TreeWalker.processFiltered(TreeWalker.java:192)
	at com.puppycrawl.tools.checkstyle.api.AbstractFileSetCheck.process(AbstractFileSetCheck.java:78)
	at com.puppycrawl.tools.checkstyle.Checker.processFile(Checker.java:307)
	at com.puppycrawl.tools.checkstyle.Checker.processFiles(Checker.java:278)
	... 16 more
Caused by: /Users/Frithjof/Documents/git/projects/MatchThree/src/edu/kit/informatik/Command.java:177:9: expecting EOF, found 'Command'
	at antlr.Parser.match(Parser.java:211)
	at com.puppycrawl.tools.checkstyle.grammars.GeneratedJavaRecognizer.compilationUnit(GeneratedJavaRecognizer.java:211)
	at com.puppycrawl.tools.checkstyle.TreeWalker.parse(TreeWalker.java:439)
	at com.puppycrawl.tools.checkstyle.TreeWalker.processFiltered(TreeWalker.java:174)
	... 19 more

!ENTRY net.sf.eclipsecs.core 4 0 2017-02-26 14:11:11.124
!MESSAGE Checkstyle-Plugin: Exception was thrown while processing /Users/Frithjof/Documents/git/projects/MatchThree/src/edu/kit/informatik/Command.java
!STACK 0
com.puppycrawl.tools.checkstyle.api.CheckstyleException: Exception was thrown while processing /Users/Frithjof/Documents/git/projects/MatchThree/src/edu/kit/informatik/Command.java
	at com.puppycrawl.tools.checkstyle.Checker.processFiles(Checker.java:287)
	at com.puppycrawl.tools.checkstyle.Checker.process(Checker.java:205)
	at net.sf.eclipsecs.core.builder.Auditor.runAudit(Auditor.java:157)
	at net.sf.eclipsecs.core.builder.CheckstyleBuilder.handleBuildSelection(CheckstyleBuilder.java:300)
	at net.sf.eclipsecs.core.builder.CheckstyleBuilder.build(CheckstyleBuilder.java:171)
	at org.eclipse.core.internal.events.BuildManager$2.run(BuildManager.java:735)
	at org.eclipse.core.runtime.SafeRunner.run(SafeRunner.java:42)
	at org.eclipse.core.internal.events.BuildManager.basicBuild(BuildManager.java:206)
	at org.eclipse.core.internal.events.BuildManager.basicBuild(BuildManager.java:246)
	at org.eclipse.core.internal.events.BuildManager$1.run(BuildManager.java:301)
	at org.eclipse.core.runtime.SafeRunner.run(SafeRunner.java:42)
	at org.eclipse.core.internal.events.BuildManager.basicBuild(BuildManager.java:304)
	at org.eclipse.core.internal.events.BuildManager.basicBuildLoop(BuildManager.java:360)
	at org.eclipse.core.internal.events.BuildManager.build(BuildManager.java:383)
	at org.eclipse.core.internal.events.AutoBuildJob.doBuild(AutoBuildJob.java:144)
	at org.eclipse.core.internal.events.AutoBuildJob.run(AutoBuildJob.java:235)
	at org.eclipse.core.internal.jobs.Worker.run(Worker.java:55)
Caused by: com.puppycrawl.tools.checkstyle.api.CheckstyleException: MismatchedTokenException occurred during the analysis of file /Users/Frithjof/Documents/git/projects/MatchThree/src/edu/kit/informatik/Command.java.
	at com.puppycrawl.tools.checkstyle.TreeWalker.processFiltered(TreeWalker.java:192)
	at com.puppycrawl.tools.checkstyle.api.AbstractFileSetCheck.process(AbstractFileSetCheck.java:78)
	at com.puppycrawl.tools.checkstyle.Checker.processFile(Checker.java:307)
	at com.puppycrawl.tools.checkstyle.Checker.processFiles(Checker.java:278)
	... 16 more
Caused by: /Users/Frithjof/Documents/git/projects/MatchThree/src/edu/kit/informatik/Command.java:177:9: expecting EOF, found 'Command'
	at antlr.Parser.match(Parser.java:211)
	at com.puppycrawl.tools.checkstyle.grammars.GeneratedJavaRecognizer.compilationUnit(GeneratedJavaRecognizer.java:211)
	at com.puppycrawl.tools.checkstyle.TreeWalker.parse(TreeWalker.java:439)
	at com.puppycrawl.tools.checkstyle.TreeWalker.processFiltered(TreeWalker.java:174)
	... 19 more

!ENTRY net.sf.eclipsecs.core 4 0 2017-02-26 14:13:23.432
!MESSAGE Checkstyle-Plugin: Exception was thrown while processing /Users/Frithjof/Documents/git/projects/MatchThree/src/edu/kit/informatik/Command.java
!STACK 0
com.puppycrawl.tools.checkstyle.api.CheckstyleException: Exception was thrown while processing /Users/Frithjof/Documents/git/projects/MatchThree/src/edu/kit/informatik/Command.java
	at com.puppycrawl.tools.checkstyle.Checker.processFiles(Checker.java:287)
	at com.puppycrawl.tools.checkstyle.Checker.process(Checker.java:205)
	at net.sf.eclipsecs.core.builder.Auditor.runAudit(Auditor.java:157)
	at net.sf.eclipsecs.core.builder.CheckstyleBuilder.handleBuildSelection(CheckstyleBuilder.java:300)
	at net.sf.eclipsecs.core.builder.CheckstyleBuilder.build(CheckstyleBuilder.java:171)
	at org.eclipse.core.internal.events.BuildManager$2.run(BuildManager.java:735)
	at org.eclipse.core.runtime.SafeRunner.run(SafeRunner.java:42)
	at org.eclipse.core.internal.events.BuildManager.basicBuild(BuildManager.java:206)
	at org.eclipse.core.internal.events.BuildManager.basicBuild(BuildManager.java:246)
	at org.eclipse.core.internal.events.BuildManager$1.run(BuildManager.java:301)
	at org.eclipse.core.runtime.SafeRunner.run(SafeRunner.java:42)
	at org.eclipse.core.internal.events.BuildManager.basicBuild(BuildManager.java:304)
	at org.eclipse.core.internal.events.BuildManager.basicBuildLoop(BuildManager.java:360)
	at org.eclipse.core.internal.events.BuildManager.build(BuildManager.java:383)
	at org.eclipse.core.internal.events.AutoBuildJob.doBuild(AutoBuildJob.java:144)
	at org.eclipse.core.internal.events.AutoBuildJob.run(AutoBuildJob.java:235)
	at org.eclipse.core.internal.jobs.Worker.run(Worker.java:55)
Caused by: com.puppycrawl.tools.checkstyle.api.CheckstyleException: MismatchedTokenException occurred during the analysis of file /Users/Frithjof/Documents/git/projects/MatchThree/src/edu/kit/informatik/Command.java.
	at com.puppycrawl.tools.checkstyle.TreeWalker.processFiltered(TreeWalker.java:192)
	at com.puppycrawl.tools.checkstyle.api.AbstractFileSetCheck.process(AbstractFileSetCheck.java:78)
	at com.puppycrawl.tools.checkstyle.Checker.processFile(Checker.java:307)
	at com.puppycrawl.tools.checkstyle.Checker.processFiles(Checker.java:278)
	... 16 more
Caused by: /Users/Frithjof/Documents/git/projects/MatchThree/src/edu/kit/informatik/Command.java:179:9: expecting EOF, found 'Command'
	at antlr.Parser.match(Parser.java:211)
	at com.puppycrawl.tools.checkstyle.grammars.GeneratedJavaRecognizer.compilationUnit(GeneratedJavaRecognizer.java:211)
	at com.puppycrawl.tools.checkstyle.TreeWalker.parse(TreeWalker.java:439)
	at com.puppycrawl.tools.checkstyle.TreeWalker.processFiltered(TreeWalker.java:174)
	... 19 more

!ENTRY net.sf.eclipsecs.core 4 0 2017-02-26 14:20:35.436
!MESSAGE Checkstyle-Plugin: Exception was thrown while processing /Users/Frithjof/Documents/git/projects/MatchThree/src/edu/kit/informatik/matchthree/MatchThreeGame.java
!STACK 0
com.puppycrawl.tools.checkstyle.api.CheckstyleException: Exception was thrown while processing /Users/Frithjof/Documents/git/projects/MatchThree/src/edu/kit/informatik/matchthree/MatchThreeGame.java
	at com.puppycrawl.tools.checkstyle.Checker.processFiles(Checker.java:287)
	at com.puppycrawl.tools.checkstyle.Checker.process(Checker.java:205)
	at net.sf.eclipsecs.core.builder.Auditor.runAudit(Auditor.java:157)
	at net.sf.eclipsecs.core.builder.CheckstyleBuilder.handleBuildSelection(CheckstyleBuilder.java:300)
	at net.sf.eclipsecs.core.builder.CheckstyleBuilder.build(CheckstyleBuilder.java:171)
	at org.eclipse.core.internal.events.BuildManager$2.run(BuildManager.java:735)
	at org.eclipse.core.runtime.SafeRunner.run(SafeRunner.java:42)
	at org.eclipse.core.internal.events.BuildManager.basicBuild(BuildManager.java:206)
	at org.eclipse.core.internal.events.BuildManager.basicBuild(BuildManager.java:246)
	at org.eclipse.core.internal.events.BuildManager$1.run(BuildManager.java:301)
	at org.eclipse.core.runtime.SafeRunner.run(SafeRunner.java:42)
	at org.eclipse.core.internal.events.BuildManager.basicBuild(BuildManager.java:304)
	at org.eclipse.core.internal.events.BuildManager.basicBuildLoop(BuildManager.java:360)
	at org.eclipse.core.internal.events.BuildManager.build(BuildManager.java:383)
	at org.eclipse.core.internal.events.AutoBuildJob.doBuild(AutoBuildJob.java:144)
	at org.eclipse.core.internal.events.AutoBuildJob.run(AutoBuildJob.java:235)
	at org.eclipse.core.internal.jobs.Worker.run(Worker.java:55)
Caused by: com.puppycrawl.tools.checkstyle.api.CheckstyleException: MismatchedTokenException occurred during the analysis of file /Users/Frithjof/Documents/git/projects/MatchThree/src/edu/kit/informatik/matchthree/MatchThreeGame.java.
	at com.puppycrawl.tools.checkstyle.TreeWalker.processFiltered(TreeWalker.java:192)
	at com.puppycrawl.tools.checkstyle.api.AbstractFileSetCheck.process(AbstractFileSetCheck.java:78)
	at com.puppycrawl.tools.checkstyle.Checker.processFile(Checker.java:307)
	at com.puppycrawl.tools.checkstyle.Checker.processFiles(Checker.java:278)
	... 16 more
Caused by: /Users/Frithjof/Documents/git/projects/MatchThree/src/edu/kit/informatik/matchthree/MatchThreeGame.java:44:5: expecting EOF, found '}'
	at antlr.Parser.match(Parser.java:211)
	at com.puppycrawl.tools.checkstyle.grammars.GeneratedJavaRecognizer.compilationUnit(GeneratedJavaRecognizer.java:211)
	at com.puppycrawl.tools.checkstyle.TreeWalker.parse(TreeWalker.java:439)
	at com.puppycrawl.tools.checkstyle.TreeWalker.processFiltered(TreeWalker.java:174)
	... 19 more

!ENTRY net.sf.eclipsecs.core 4 0 2017-02-26 14:25:04.570
!MESSAGE Checkstyle-Plugin: Exception was thrown while processing /Users/Frithjof/Documents/git/projects/MatchThree/src/edu/kit/informatik/matchthree/MatchThreeGame.java
!STACK 0
com.puppycrawl.tools.checkstyle.api.CheckstyleException: Exception was thrown while processing /Users/Frithjof/Documents/git/projects/MatchThree/src/edu/kit/informatik/matchthree/MatchThreeGame.java
	at com.puppycrawl.tools.checkstyle.Checker.processFiles(Checker.java:287)
	at com.puppycrawl.tools.checkstyle.Checker.process(Checker.java:205)
	at net.sf.eclipsecs.core.builder.Auditor.runAudit(Auditor.java:157)
	at net.sf.eclipsecs.core.builder.CheckstyleBuilder.handleBuildSelection(CheckstyleBuilder.java:300)
	at net.sf.eclipsecs.core.builder.CheckstyleBuilder.build(CheckstyleBuilder.java:171)
	at org.eclipse.core.internal.events.BuildManager$2.run(BuildManager.java:735)
	at org.eclipse.core.runtime.SafeRunner.run(SafeRunner.java:42)
	at org.eclipse.core.internal.events.BuildManager.basicBuild(BuildManager.java:206)
	at org.eclipse.core.internal.events.BuildManager.basicBuild(BuildManager.java:246)
	at org.eclipse.core.internal.events.BuildManager$1.run(BuildManager.java:301)
	at org.eclipse.core.runtime.SafeRunner.run(SafeRunner.java:42)
	at org.eclipse.core.internal.events.BuildManager.basicBuild(BuildManager.java:304)
	at org.eclipse.core.internal.events.BuildManager.basicBuildLoop(BuildManager.java:360)
	at org.eclipse.core.internal.events.BuildManager.build(BuildManager.java:383)
	at org.eclipse.core.internal.events.AutoBuildJob.doBuild(AutoBuildJob.java:144)
	at org.eclipse.core.internal.events.AutoBuildJob.run(AutoBuildJob.java:235)
	at org.eclipse.core.internal.jobs.Worker.run(Worker.java:55)
Caused by: com.puppycrawl.tools.checkstyle.api.CheckstyleException: MismatchedTokenException occurred during the analysis of file /Users/Frithjof/Documents/git/projects/MatchThree/src/edu/kit/informatik/matchthree/MatchThreeGame.java.
	at com.puppycrawl.tools.checkstyle.TreeWalker.processFiltered(TreeWalker.java:192)
	at com.puppycrawl.tools.checkstyle.api.AbstractFileSetCheck.process(AbstractFileSetCheck.java:78)
	at com.puppycrawl.tools.checkstyle.Checker.processFile(Checker.java:307)
	at com.puppycrawl.tools.checkstyle.Checker.processFiles(Checker.java:278)
	... 16 more
Caused by: /Users/Frithjof/Documents/git/projects/MatchThree/src/edu/kit/informatik/matchthree/MatchThreeGame.java:44:9: expecting EOF, found 'Set'
	at antlr.Parser.match(Parser.java:211)
	at com.puppycrawl.tools.checkstyle.grammars.GeneratedJavaRecognizer.compilationUnit(GeneratedJavaRecognizer.java:211)
	at com.puppycrawl.tools.checkstyle.TreeWalker.parse(TreeWalker.java:439)
	at com.puppycrawl.tools.checkstyle.TreeWalker.processFiltered(TreeWalker.java:174)
	... 19 more

!ENTRY net.sf.eclipsecs.core 4 0 2017-02-26 16:14:31.081
!MESSAGE Checkstyle-Plugin: Exception was thrown while processing /Users/Frithjof/Documents/git/projects/MatchThree/src/edu/kit/informatik/matchthree/MatchThreeGame.java
!STACK 0
com.puppycrawl.tools.checkstyle.api.CheckstyleException: Exception was thrown while processing /Users/Frithjof/Documents/git/projects/MatchThree/src/edu/kit/informatik/matchthree/MatchThreeGame.java
	at com.puppycrawl.tools.checkstyle.Checker.processFiles(Checker.java:287)
	at com.puppycrawl.tools.checkstyle.Checker.process(Checker.java:205)
	at net.sf.eclipsecs.core.builder.Auditor.runAudit(Auditor.java:157)
	at net.sf.eclipsecs.core.builder.CheckstyleBuilder.handleBuildSelection(CheckstyleBuilder.java:300)
	at net.sf.eclipsecs.core.builder.CheckstyleBuilder.build(CheckstyleBuilder.java:171)
	at org.eclipse.core.internal.events.BuildManager$2.run(BuildManager.java:735)
	at org.eclipse.core.runtime.SafeRunner.run(SafeRunner.java:42)
	at org.eclipse.core.internal.events.BuildManager.basicBuild(BuildManager.java:206)
	at org.eclipse.core.internal.events.BuildManager.basicBuild(BuildManager.java:246)
	at org.eclipse.core.internal.events.BuildManager$1.run(BuildManager.java:301)
	at org.eclipse.core.runtime.SafeRunner.run(SafeRunner.java:42)
	at org.eclipse.core.internal.events.BuildManager.basicBuild(BuildManager.java:304)
	at org.eclipse.core.internal.events.BuildManager.basicBuildLoop(BuildManager.java:360)
	at org.eclipse.core.internal.events.BuildManager.build(BuildManager.java:383)
	at org.eclipse.core.internal.events.AutoBuildJob.doBuild(AutoBuildJob.java:144)
	at org.eclipse.core.internal.events.AutoBuildJob.run(AutoBuildJob.java:235)
	at org.eclipse.core.internal.jobs.Worker.run(Worker.java:55)
Caused by: com.puppycrawl.tools.checkstyle.api.CheckstyleException: MismatchedTokenException occurred during the analysis of file /Users/Frithjof/Documents/git/projects/MatchThree/src/edu/kit/informatik/matchthree/MatchThreeGame.java.
	at com.puppycrawl.tools.checkstyle.TreeWalker.processFiltered(TreeWalker.java:192)
	at com.puppycrawl.tools.checkstyle.api.AbstractFileSetCheck.process(AbstractFileSetCheck.java:78)
	at com.puppycrawl.tools.checkstyle.Checker.processFile(Checker.java:307)
	at com.puppycrawl.tools.checkstyle.Checker.processFiles(Checker.java:278)
	... 16 more
Caused by: /Users/Frithjof/Documents/git/projects/MatchThree/src/edu/kit/informatik/matchthree/MatchThreeGame.java:84:13: expecting EOF, found 'affected'
	at antlr.Parser.match(Parser.java:211)
	at com.puppycrawl.tools.checkstyle.grammars.GeneratedJavaRecognizer.compilationUnit(GeneratedJavaRecognizer.java:211)
	at com.puppycrawl.tools.checkstyle.TreeWalker.parse(TreeWalker.java:439)
	at com.puppycrawl.tools.checkstyle.TreeWalker.processFiltered(TreeWalker.java:174)
	... 19 more

!ENTRY net.sf.eclipsecs.core 4 0 2017-03-01 15:00:56.129
!MESSAGE Checkstyle-Plugin: Exception was thrown while processing /Users/Frithjof/Documents/git/projects/MatchThree/src/edu/kit/informatik/matchthree/MatchThreeGame.java
!STACK 0
com.puppycrawl.tools.checkstyle.api.CheckstyleException: Exception was thrown while processing /Users/Frithjof/Documents/git/projects/MatchThree/src/edu/kit/informatik/matchthree/MatchThreeGame.java
	at com.puppycrawl.tools.checkstyle.Checker.processFiles(Checker.java:287)
	at com.puppycrawl.tools.checkstyle.Checker.process(Checker.java:205)
	at net.sf.eclipsecs.core.builder.Auditor.runAudit(Auditor.java:157)
	at net.sf.eclipsecs.core.builder.CheckstyleBuilder.handleBuildSelection(CheckstyleBuilder.java:300)
	at net.sf.eclipsecs.core.builder.CheckstyleBuilder.build(CheckstyleBuilder.java:171)
	at org.eclipse.core.internal.events.BuildManager$2.run(BuildManager.java:735)
	at org.eclipse.core.runtime.SafeRunner.run(SafeRunner.java:42)
	at org.eclipse.core.internal.events.BuildManager.basicBuild(BuildManager.java:206)
	at org.eclipse.core.internal.events.BuildManager.basicBuild(BuildManager.java:246)
	at org.eclipse.core.internal.events.BuildManager$1.run(BuildManager.java:301)
	at org.eclipse.core.runtime.SafeRunner.run(SafeRunner.java:42)
	at org.eclipse.core.internal.events.BuildManager.basicBuild(BuildManager.java:304)
	at org.eclipse.core.internal.events.BuildManager.basicBuildLoop(BuildManager.java:360)
	at org.eclipse.core.internal.events.BuildManager.build(BuildManager.java:383)
	at org.eclipse.core.internal.events.AutoBuildJob.doBuild(AutoBuildJob.java:144)
	at org.eclipse.core.internal.events.AutoBuildJob.run(AutoBuildJob.java:235)
	at org.eclipse.core.internal.jobs.Worker.run(Worker.java:55)
Caused by: com.puppycrawl.tools.checkstyle.api.CheckstyleException: MismatchedTokenException occurred during the analysis of file /Users/Frithjof/Documents/git/projects/MatchThree/src/edu/kit/informatik/matchthree/MatchThreeGame.java.
	at com.puppycrawl.tools.checkstyle.TreeWalker.processFiltered(TreeWalker.java:192)
	at com.puppycrawl.tools.checkstyle.api.AbstractFileSetCheck.process(AbstractFileSetCheck.java:78)
	at com.puppycrawl.tools.checkstyle.Checker.processFile(Checker.java:307)
	at com.puppycrawl.tools.checkstyle.Checker.processFiles(Checker.java:278)
	... 16 more
Caused by: /Users/Frithjof/Documents/git/projects/MatchThree/src/edu/kit/informatik/matchthree/MatchThreeGame.java:87:33: expecting EOF, found 'j'
	at antlr.Parser.match(Parser.java:211)
	at com.puppycrawl.tools.checkstyle.grammars.GeneratedJavaRecognizer.compilationUnit(GeneratedJavaRecognizer.java:211)
	at com.puppycrawl.tools.checkstyle.TreeWalker.parse(TreeWalker.java:439)
	at com.puppycrawl.tools.checkstyle.TreeWalker.processFiltered(TreeWalker.java:174)
	... 19 more

!ENTRY net.sf.eclipsecs.core 4 0 2017-03-01 15:01:01.927
!MESSAGE Checkstyle-Plugin: Exception was thrown while processing /Users/Frithjof/Documents/git/projects/MatchThree/src/edu/kit/informatik/matchthree/MatchThreeGame.java
!STACK 0
com.puppycrawl.tools.checkstyle.api.CheckstyleException: Exception was thrown while processing /Users/Frithjof/Documents/git/projects/MatchThree/src/edu/kit/informatik/matchthree/MatchThreeGame.java
	at com.puppycrawl.tools.checkstyle.Checker.processFiles(Checker.java:287)
	at com.puppycrawl.tools.checkstyle.Checker.process(Checker.java:205)
	at net.sf.eclipsecs.core.builder.Auditor.runAudit(Auditor.java:157)
	at net.sf.eclipsecs.core.builder.CheckstyleBuilder.handleBuildSelection(CheckstyleBuilder.java:300)
	at net.sf.eclipsecs.core.builder.CheckstyleBuilder.build(CheckstyleBuilder.java:171)
	at org.eclipse.core.internal.events.BuildManager$2.run(BuildManager.java:735)
	at org.eclipse.core.runtime.SafeRunner.run(SafeRunner.java:42)
	at org.eclipse.core.internal.events.BuildManager.basicBuild(BuildManager.java:206)
	at org.eclipse.core.internal.events.BuildManager.basicBuild(BuildManager.java:246)
	at org.eclipse.core.internal.events.BuildManager$1.run(BuildManager.java:301)
	at org.eclipse.core.runtime.SafeRunner.run(SafeRunner.java:42)
	at org.eclipse.core.internal.events.BuildManager.basicBuild(BuildManager.java:304)
	at org.eclipse.core.internal.events.BuildManager.basicBuildLoop(BuildManager.java:360)
	at org.eclipse.core.internal.events.BuildManager.build(BuildManager.java:383)
	at org.eclipse.core.internal.events.AutoBuildJob.doBuild(AutoBuildJob.java:144)
	at org.eclipse.core.internal.events.AutoBuildJob.run(AutoBuildJob.java:235)
	at org.eclipse.core.internal.jobs.Worker.run(Worker.java:55)
Caused by: com.puppycrawl.tools.checkstyle.api.CheckstyleException: MismatchedTokenException occurred during the analysis of file /Users/Frithjof/Documents/git/projects/MatchThree/src/edu/kit/informatik/matchthree/MatchThreeGame.java.
	at com.puppycrawl.tools.checkstyle.TreeWalker.processFiltered(TreeWalker.java:192)
	at com.puppycrawl.tools.checkstyle.api.AbstractFileSetCheck.process(AbstractFileSetCheck.java:78)
	at com.puppycrawl.tools.checkstyle.Checker.processFile(Checker.java:307)
	at com.puppycrawl.tools.checkstyle.Checker.processFiles(Checker.java:278)
	... 16 more
Caused by: /Users/Frithjof/Documents/git/projects/MatchThree/src/edu/kit/informatik/matchthree/MatchThreeGame.java:87:33: expecting EOF, found 'j'
	at antlr.Parser.match(Parser.java:211)
	at com.puppycrawl.tools.checkstyle.grammars.GeneratedJavaRecognizer.compilationUnit(GeneratedJavaRecognizer.java:211)
	at com.puppycrawl.tools.checkstyle.TreeWalker.parse(TreeWalker.java:439)
	at com.puppycrawl.tools.checkstyle.TreeWalker.processFiltered(TreeWalker.java:174)
	... 19 more

!ENTRY net.sf.eclipsecs.core 4 0 2017-03-01 15:01:06.930
!MESSAGE Checkstyle-Plugin: Exception was thrown while processing /Users/Frithjof/Documents/git/projects/MatchThree/src/edu/kit/informatik/matchthree/MatchThreeGame.java
!STACK 0
com.puppycrawl.tools.checkstyle.api.CheckstyleException: Exception was thrown while processing /Users/Frithjof/Documents/git/projects/MatchThree/src/edu/kit/informatik/matchthree/MatchThreeGame.java
	at com.puppycrawl.tools.checkstyle.Checker.processFiles(Checker.java:287)
	at com.puppycrawl.tools.checkstyle.Checker.process(Checker.java:205)
	at net.sf.eclipsecs.core.builder.Auditor.runAudit(Auditor.java:157)
	at net.sf.eclipsecs.core.builder.CheckstyleBuilder.handleBuildSelection(CheckstyleBuilder.java:300)
	at net.sf.eclipsecs.core.builder.CheckstyleBuilder.build(CheckstyleBuilder.java:171)
	at org.eclipse.core.internal.events.BuildManager$2.run(BuildManager.java:735)
	at org.eclipse.core.runtime.SafeRunner.run(SafeRunner.java:42)
	at org.eclipse.core.internal.events.BuildManager.basicBuild(BuildManager.java:206)
	at org.eclipse.core.internal.events.BuildManager.basicBuild(BuildManager.java:246)
	at org.eclipse.core.internal.events.BuildManager$1.run(BuildManager.java:301)
	at org.eclipse.core.runtime.SafeRunner.run(SafeRunner.java:42)
	at org.eclipse.core.internal.events.BuildManager.basicBuild(BuildManager.java:304)
	at org.eclipse.core.internal.events.BuildManager.basicBuildLoop(BuildManager.java:360)
	at org.eclipse.core.internal.events.BuildManager.build(BuildManager.java:383)
	at org.eclipse.core.internal.events.AutoBuildJob.doBuild(AutoBuildJob.java:144)
	at org.eclipse.core.internal.events.AutoBuildJob.run(AutoBuildJob.java:235)
	at org.eclipse.core.internal.jobs.Worker.run(Worker.java:55)
Caused by: com.puppycrawl.tools.checkstyle.api.CheckstyleException: MismatchedTokenException occurred during the analysis of file /Users/Frithjof/Documents/git/projects/MatchThree/src/edu/kit/informatik/matchthree/MatchThreeGame.java.
	at com.puppycrawl.tools.checkstyle.TreeWalker.processFiltered(TreeWalker.java:192)
	at com.puppycrawl.tools.checkstyle.api.AbstractFileSetCheck.process(AbstractFileSetCheck.java:78)
	at com.puppycrawl.tools.checkstyle.Checker.processFile(Checker.java:307)
	at com.puppycrawl.tools.checkstyle.Checker.processFiles(Checker.java:278)
	... 16 more
Caused by: /Users/Frithjof/Documents/git/projects/MatchThree/src/edu/kit/informatik/matchthree/MatchThreeGame.java:88:33: expecting EOF, found 'j'
	at antlr.Parser.match(Parser.java:211)
	at com.puppycrawl.tools.checkstyle.grammars.GeneratedJavaRecognizer.compilationUnit(GeneratedJavaRecognizer.java:211)
	at com.puppycrawl.tools.checkstyle.TreeWalker.parse(TreeWalker.java:439)
	at com.puppycrawl.tools.checkstyle.TreeWalker.processFiltered(TreeWalker.java:174)
	... 19 more

!ENTRY org.eclipse.core.resources 4 2 2017-03-14 08:18:24.486
!MESSAGE Problems occurred when invoking code from plug-in: "org.eclipse.core.resources".
!STACK 1
org.eclipse.core.runtime.CoreException: No route to host (connect failed)
	at net.sf.eclipsecs.core.builder.CheckstyleBuilder.handleBuildSelection(CheckstyleBuilder.java:307)
	at net.sf.eclipsecs.core.builder.CheckstyleBuilder.build(CheckstyleBuilder.java:171)
	at org.eclipse.core.internal.events.BuildManager$2.run(BuildManager.java:735)
	at org.eclipse.core.runtime.SafeRunner.run(SafeRunner.java:42)
	at org.eclipse.core.internal.events.BuildManager.basicBuild(BuildManager.java:206)
	at org.eclipse.core.internal.events.BuildManager.basicBuild(BuildManager.java:246)
	at org.eclipse.core.internal.events.BuildManager$1.run(BuildManager.java:301)
	at org.eclipse.core.runtime.SafeRunner.run(SafeRunner.java:42)
	at org.eclipse.core.internal.events.BuildManager.basicBuild(BuildManager.java:304)
	at org.eclipse.core.internal.events.BuildManager.basicBuildLoop(BuildManager.java:360)
	at org.eclipse.core.internal.events.BuildManager.build(BuildManager.java:383)
	at org.eclipse.core.internal.events.AutoBuildJob.doBuild(AutoBuildJob.java:144)
	at org.eclipse.core.internal.events.AutoBuildJob.run(AutoBuildJob.java:235)
	at org.eclipse.core.internal.jobs.Worker.run(Worker.java:55)
Caused by: net.sf.eclipsecs.core.util.CheckstylePluginException: No route to host (connect failed)
	at net.sf.eclipsecs.core.util.CheckstylePluginException.rethrow(CheckstylePluginException.java:68)
	at net.sf.eclipsecs.core.util.CheckstylePluginException.rethrow(CheckstylePluginException.java:81)
	at net.sf.eclipsecs.core.config.configtypes.RemoteConfigurationType.getCheckstyleConfiguration(RemoteConfigurationType.java:165)
	at net.sf.eclipsecs.core.config.CheckConfiguration.getCheckstyleConfiguration(CheckConfiguration.java:161)
	at net.sf.eclipsecs.core.builder.CheckerFactory.getCacheKey(CheckerFactory.java:210)
	at net.sf.eclipsecs.core.builder.CheckerFactory.createChecker(CheckerFactory.java:105)
	at net.sf.eclipsecs.core.builder.Auditor.runAudit(Auditor.java:140)
	at net.sf.eclipsecs.core.builder.CheckstyleBuilder.handleBuildSelection(CheckstyleBuilder.java:300)
	... 13 more
Caused by: java.net.ConnectException: No route to host (connect failed)
	at java.net.PlainSocketImpl.socketConnect(Native Method)
	at java.net.AbstractPlainSocketImpl.doConnect(AbstractPlainSocketImpl.java:350)
	at java.net.AbstractPlainSocketImpl.connectToAddress(AbstractPlainSocketImpl.java:206)
	at java.net.AbstractPlainSocketImpl.connect(AbstractPlainSocketImpl.java:188)
	at java.net.SocksSocketImpl.connect(SocksSocketImpl.java:392)
	at java.net.Socket.connect(Socket.java:589)
	at sun.security.ssl.SSLSocketImpl.connect(SSLSocketImpl.java:668)
	at sun.net.NetworkClient.doConnect(NetworkClient.java:175)
	at sun.net.www.http.HttpClient.openServer(HttpClient.java:432)
	at sun.net.www.http.HttpClient.openServer(HttpClient.java:527)
	at sun.net.www.protocol.https.HttpsClient.<init>(HttpsClient.java:264)
	at sun.net.www.protocol.https.HttpsClient.New(HttpsClient.java:367)
	at sun.net.www.protocol.https.AbstractDelegateHttpsURLConnection.getNewHttpClient(AbstractDelegateHttpsURLConnection.java:191)
	at sun.net.www.protocol.http.HttpURLConnection.plainConnect0(HttpURLConnection.java:1138)
	at sun.net.www.protocol.http.HttpURLConnection.plainConnect(HttpURLConnection.java:1032)
	at sun.net.www.protocol.https.AbstractDelegateHttpsURLConnection.connect(AbstractDelegateHttpsURLConnection.java:177)
	at sun.net.www.protocol.https.HttpsURLConnectionImpl.connect(HttpsURLConnectionImpl.java:153)
	at net.sf.eclipsecs.core.config.configtypes.RemoteConfigurationType.getBytesFromURLConnection(RemoteConfigurationType.java:322)
	at net.sf.eclipsecs.core.config.configtypes.RemoteConfigurationType.getCheckstyleConfiguration(RemoteConfigurationType.java:117)
	... 18 more
!SUBENTRY 1 net.sf.eclipsecs.core 4 4 2017-03-14 08:18:24.487
!MESSAGE No route to host (connect failed)
!STACK 0
net.sf.eclipsecs.core.util.CheckstylePluginException: No route to host (connect failed)
	at net.sf.eclipsecs.core.util.CheckstylePluginException.rethrow(CheckstylePluginException.java:68)
	at net.sf.eclipsecs.core.util.CheckstylePluginException.rethrow(CheckstylePluginException.java:81)
	at net.sf.eclipsecs.core.config.configtypes.RemoteConfigurationType.getCheckstyleConfiguration(RemoteConfigurationType.java:165)
	at net.sf.eclipsecs.core.config.CheckConfiguration.getCheckstyleConfiguration(CheckConfiguration.java:161)
	at net.sf.eclipsecs.core.builder.CheckerFactory.getCacheKey(CheckerFactory.java:210)
	at net.sf.eclipsecs.core.builder.CheckerFactory.createChecker(CheckerFactory.java:105)
	at net.sf.eclipsecs.core.builder.Auditor.runAudit(Auditor.java:140)
	at net.sf.eclipsecs.core.builder.CheckstyleBuilder.handleBuildSelection(CheckstyleBuilder.java:300)
	at net.sf.eclipsecs.core.builder.CheckstyleBuilder.build(CheckstyleBuilder.java:171)
	at org.eclipse.core.internal.events.BuildManager$2.run(BuildManager.java:735)
	at org.eclipse.core.runtime.SafeRunner.run(SafeRunner.java:42)
	at org.eclipse.core.internal.events.BuildManager.basicBuild(BuildManager.java:206)
	at org.eclipse.core.internal.events.BuildManager.basicBuild(BuildManager.java:246)
	at org.eclipse.core.internal.events.BuildManager$1.run(BuildManager.java:301)
	at org.eclipse.core.runtime.SafeRunner.run(SafeRunner.java:42)
	at org.eclipse.core.internal.events.BuildManager.basicBuild(BuildManager.java:304)
	at org.eclipse.core.internal.events.BuildManager.basicBuildLoop(BuildManager.java:360)
	at org.eclipse.core.internal.events.BuildManager.build(BuildManager.java:383)
	at org.eclipse.core.internal.events.AutoBuildJob.doBuild(AutoBuildJob.java:144)
	at org.eclipse.core.internal.events.AutoBuildJob.run(AutoBuildJob.java:235)
	at org.eclipse.core.internal.jobs.Worker.run(Worker.java:55)
Caused by: java.net.ConnectException: No route to host (connect failed)
	at java.net.PlainSocketImpl.socketConnect(Native Method)
	at java.net.AbstractPlainSocketImpl.doConnect(AbstractPlainSocketImpl.java:350)
	at java.net.AbstractPlainSocketImpl.connectToAddress(AbstractPlainSocketImpl.java:206)
	at java.net.AbstractPlainSocketImpl.connect(AbstractPlainSocketImpl.java:188)
	at java.net.SocksSocketImpl.connect(SocksSocketImpl.java:392)
	at java.net.Socket.connect(Socket.java:589)
	at sun.security.ssl.SSLSocketImpl.connect(SSLSocketImpl.java:668)
	at sun.net.NetworkClient.doConnect(NetworkClient.java:175)
	at sun.net.www.http.HttpClient.openServer(HttpClient.java:432)
	at sun.net.www.http.HttpClient.openServer(HttpClient.java:527)
	at sun.net.www.protocol.https.HttpsClient.<init>(HttpsClient.java:264)
	at sun.net.www.protocol.https.HttpsClient.New(HttpsClient.java:367)
	at sun.net.www.protocol.https.AbstractDelegateHttpsURLConnection.getNewHttpClient(AbstractDelegateHttpsURLConnection.java:191)
	at sun.net.www.protocol.http.HttpURLConnection.plainConnect0(HttpURLConnection.java:1138)
	at sun.net.www.protocol.http.HttpURLConnection.plainConnect(HttpURLConnection.java:1032)
	at sun.net.www.protocol.https.AbstractDelegateHttpsURLConnection.connect(AbstractDelegateHttpsURLConnection.java:177)
	at sun.net.www.protocol.https.HttpsURLConnectionImpl.connect(HttpsURLConnectionImpl.java:153)
	at net.sf.eclipsecs.core.config.configtypes.RemoteConfigurationType.getBytesFromURLConnection(RemoteConfigurationType.java:322)
	at net.sf.eclipsecs.core.config.configtypes.RemoteConfigurationType.getCheckstyleConfiguration(RemoteConfigurationType.java:117)
	... 18 more
!SUBENTRY 1 net.sf.eclipsecs.core 4 4 2017-03-14 08:18:24.487
!MESSAGE No route to host (connect failed)
!STACK 0
net.sf.eclipsecs.core.util.CheckstylePluginException: No route to host (connect failed)
	at net.sf.eclipsecs.core.util.CheckstylePluginException.rethrow(CheckstylePluginException.java:68)
	at net.sf.eclipsecs.core.util.CheckstylePluginException.rethrow(CheckstylePluginException.java:81)
	at net.sf.eclipsecs.core.config.configtypes.RemoteConfigurationType.getCheckstyleConfiguration(RemoteConfigurationType.java:165)
	at net.sf.eclipsecs.core.config.CheckConfiguration.getCheckstyleConfiguration(CheckConfiguration.java:161)
	at net.sf.eclipsecs.core.builder.CheckerFactory.getCacheKey(CheckerFactory.java:210)
	at net.sf.eclipsecs.core.builder.CheckerFactory.createChecker(CheckerFactory.java:105)
	at net.sf.eclipsecs.core.builder.Auditor.runAudit(Auditor.java:140)
	at net.sf.eclipsecs.core.builder.CheckstyleBuilder.handleBuildSelection(CheckstyleBuilder.java:300)
	at net.sf.eclipsecs.core.builder.CheckstyleBuilder.build(CheckstyleBuilder.java:171)
	at org.eclipse.core.internal.events.BuildManager$2.run(BuildManager.java:735)
	at org.eclipse.core.runtime.SafeRunner.run(SafeRunner.java:42)
	at org.eclipse.core.internal.events.BuildManager.basicBuild(BuildManager.java:206)
	at org.eclipse.core.internal.events.BuildManager.basicBuild(BuildManager.java:246)
	at org.eclipse.core.internal.events.BuildManager$1.run(BuildManager.java:301)
	at org.eclipse.core.runtime.SafeRunner.run(SafeRunner.java:42)
	at org.eclipse.core.internal.events.BuildManager.basicBuild(BuildManager.java:304)
	at org.eclipse.core.internal.events.BuildManager.basicBuildLoop(BuildManager.java:360)
	at org.eclipse.core.internal.events.BuildManager.build(BuildManager.java:383)
	at org.eclipse.core.internal.events.AutoBuildJob.doBuild(AutoBuildJob.java:144)
	at org.eclipse.core.internal.events.AutoBuildJob.run(AutoBuildJob.java:235)
	at org.eclipse.core.internal.jobs.Worker.run(Worker.java:55)
Caused by: java.net.ConnectException: No route to host (connect failed)
	at java.net.PlainSocketImpl.socketConnect(Native Method)
	at java.net.AbstractPlainSocketImpl.doConnect(AbstractPlainSocketImpl.java:350)
	at java.net.AbstractPlainSocketImpl.connectToAddress(AbstractPlainSocketImpl.java:206)
	at java.net.AbstractPlainSocketImpl.connect(AbstractPlainSocketImpl.java:188)
	at java.net.SocksSocketImpl.connect(SocksSocketImpl.java:392)
	at java.net.Socket.connect(Socket.java:589)
	at sun.security.ssl.SSLSocketImpl.connect(SSLSocketImpl.java:668)
	at sun.net.NetworkClient.doConnect(NetworkClient.java:175)
	at sun.net.www.http.HttpClient.openServer(HttpClient.java:432)
	at sun.net.www.http.HttpClient.openServer(HttpClient.java:527)
	at sun.net.www.protocol.https.HttpsClient.<init>(HttpsClient.java:264)
	at sun.net.www.protocol.https.HttpsClient.New(HttpsClient.java:367)
	at sun.net.www.protocol.https.AbstractDelegateHttpsURLConnection.getNewHttpClient(AbstractDelegateHttpsURLConnection.java:191)
	at sun.net.www.protocol.http.HttpURLConnection.plainConnect0(HttpURLConnection.java:1138)
	at sun.net.www.protocol.http.HttpURLConnection.plainConnect(HttpURLConnection.java:1032)
	at sun.net.www.protocol.https.AbstractDelegateHttpsURLConnection.connect(AbstractDelegateHttpsURLConnection.java:177)
	at sun.net.www.protocol.https.HttpsURLConnectionImpl.connect(HttpsURLConnectionImpl.java:153)
	at net.sf.eclipsecs.core.config.configtypes.RemoteConfigurationType.getBytesFromURLConnection(RemoteConfigurationType.java:322)
	at net.sf.eclipsecs.core.config.configtypes.RemoteConfigurationType.getCheckstyleConfiguration(RemoteConfigurationType.java:117)
	... 18 more

!ENTRY org.eclipse.core.resources 4 75 2017-03-14 08:18:24.494
!MESSAGE Errors occurred during the build.
!SUBENTRY 1 net.sf.eclipsecs.core 4 75 2017-03-14 08:18:24.494
!MESSAGE Errors running builder 'Checkstyle Builder' on project 'MatchThree'.
!STACK 1
org.eclipse.core.runtime.CoreException: No route to host (connect failed)
	at net.sf.eclipsecs.core.builder.CheckstyleBuilder.handleBuildSelection(CheckstyleBuilder.java:307)
	at net.sf.eclipsecs.core.builder.CheckstyleBuilder.build(CheckstyleBuilder.java:171)
	at org.eclipse.core.internal.events.BuildManager$2.run(BuildManager.java:735)
	at org.eclipse.core.runtime.SafeRunner.run(SafeRunner.java:42)
	at org.eclipse.core.internal.events.BuildManager.basicBuild(BuildManager.java:206)
	at org.eclipse.core.internal.events.BuildManager.basicBuild(BuildManager.java:246)
	at org.eclipse.core.internal.events.BuildManager$1.run(BuildManager.java:301)
	at org.eclipse.core.runtime.SafeRunner.run(SafeRunner.java:42)
	at org.eclipse.core.internal.events.BuildManager.basicBuild(BuildManager.java:304)
	at org.eclipse.core.internal.events.BuildManager.basicBuildLoop(BuildManager.java:360)
	at org.eclipse.core.internal.events.BuildManager.build(BuildManager.java:383)
	at org.eclipse.core.internal.events.AutoBuildJob.doBuild(AutoBuildJob.java:144)
	at org.eclipse.core.internal.events.AutoBuildJob.run(AutoBuildJob.java:235)
	at org.eclipse.core.internal.jobs.Worker.run(Worker.java:55)
Caused by: net.sf.eclipsecs.core.util.CheckstylePluginException: No route to host (connect failed)
	at net.sf.eclipsecs.core.util.CheckstylePluginException.rethrow(CheckstylePluginException.java:68)
	at net.sf.eclipsecs.core.util.CheckstylePluginException.rethrow(CheckstylePluginException.java:81)
	at net.sf.eclipsecs.core.config.configtypes.RemoteConfigurationType.getCheckstyleConfiguration(RemoteConfigurationType.java:165)
	at net.sf.eclipsecs.core.config.CheckConfiguration.getCheckstyleConfiguration(CheckConfiguration.java:161)
	at net.sf.eclipsecs.core.builder.CheckerFactory.getCacheKey(CheckerFactory.java:210)
	at net.sf.eclipsecs.core.builder.CheckerFactory.createChecker(CheckerFactory.java:105)
	at net.sf.eclipsecs.core.builder.Auditor.runAudit(Auditor.java:140)
	at net.sf.eclipsecs.core.builder.CheckstyleBuilder.handleBuildSelection(CheckstyleBuilder.java:300)
	... 13 more
Caused by: java.net.ConnectException: No route to host (connect failed)
	at java.net.PlainSocketImpl.socketConnect(Native Method)
	at java.net.AbstractPlainSocketImpl.doConnect(AbstractPlainSocketImpl.java:350)
	at java.net.AbstractPlainSocketImpl.connectToAddress(AbstractPlainSocketImpl.java:206)
	at java.net.AbstractPlainSocketImpl.connect(AbstractPlainSocketImpl.java:188)
	at java.net.SocksSocketImpl.connect(SocksSocketImpl.java:392)
	at java.net.Socket.connect(Socket.java:589)
	at sun.security.ssl.SSLSocketImpl.connect(SSLSocketImpl.java:668)
	at sun.net.NetworkClient.doConnect(NetworkClient.java:175)
	at sun.net.www.http.HttpClient.openServer(HttpClient.java:432)
	at sun.net.www.http.HttpClient.openServer(HttpClient.java:527)
	at sun.net.www.protocol.https.HttpsClient.<init>(HttpsClient.java:264)
	at sun.net.www.protocol.https.HttpsClient.New(HttpsClient.java:367)
	at sun.net.www.protocol.https.AbstractDelegateHttpsURLConnection.getNewHttpClient(AbstractDelegateHttpsURLConnection.java:191)
	at sun.net.www.protocol.http.HttpURLConnection.plainConnect0(HttpURLConnection.java:1138)
	at sun.net.www.protocol.http.HttpURLConnection.plainConnect(HttpURLConnection.java:1032)
	at sun.net.www.protocol.https.AbstractDelegateHttpsURLConnection.connect(AbstractDelegateHttpsURLConnection.java:177)
	at sun.net.www.protocol.https.HttpsURLConnectionImpl.connect(HttpsURLConnectionImpl.java:153)
	at net.sf.eclipsecs.core.config.configtypes.RemoteConfigurationType.getBytesFromURLConnection(RemoteConfigurationType.java:322)
	at net.sf.eclipsecs.core.config.configtypes.RemoteConfigurationType.getCheckstyleConfiguration(RemoteConfigurationType.java:117)
	... 18 more
!SUBENTRY 2 net.sf.eclipsecs.core 4 4 2017-03-14 08:18:24.494
!MESSAGE No route to host (connect failed)
!STACK 0
net.sf.eclipsecs.core.util.CheckstylePluginException: No route to host (connect failed)
	at net.sf.eclipsecs.core.util.CheckstylePluginException.rethrow(CheckstylePluginException.java:68)
	at net.sf.eclipsecs.core.util.CheckstylePluginException.rethrow(CheckstylePluginException.java:81)
	at net.sf.eclipsecs.core.config.configtypes.RemoteConfigurationType.getCheckstyleConfiguration(RemoteConfigurationType.java:165)
	at net.sf.eclipsecs.core.config.CheckConfiguration.getCheckstyleConfiguration(CheckConfiguration.java:161)
	at net.sf.eclipsecs.core.builder.CheckerFactory.getCacheKey(CheckerFactory.java:210)
	at net.sf.eclipsecs.core.builder.CheckerFactory.createChecker(CheckerFactory.java:105)
	at net.sf.eclipsecs.core.builder.Auditor.runAudit(Auditor.java:140)
	at net.sf.eclipsecs.core.builder.CheckstyleBuilder.handleBuildSelection(CheckstyleBuilder.java:300)
	at net.sf.eclipsecs.core.builder.CheckstyleBuilder.build(CheckstyleBuilder.java:171)
	at org.eclipse.core.internal.events.BuildManager$2.run(BuildManager.java:735)
	at org.eclipse.core.runtime.SafeRunner.run(SafeRunner.java:42)
	at org.eclipse.core.internal.events.BuildManager.basicBuild(BuildManager.java:206)
	at org.eclipse.core.internal.events.BuildManager.basicBuild(BuildManager.java:246)
	at org.eclipse.core.internal.events.BuildManager$1.run(BuildManager.java:301)
	at org.eclipse.core.runtime.SafeRunner.run(SafeRunner.java:42)
	at org.eclipse.core.internal.events.BuildManager.basicBuild(BuildManager.java:304)
	at org.eclipse.core.internal.events.BuildManager.basicBuildLoop(BuildManager.java:360)
	at org.eclipse.core.internal.events.BuildManager.build(BuildManager.java:383)
	at org.eclipse.core.internal.events.AutoBuildJob.doBuild(AutoBuildJob.java:144)
	at org.eclipse.core.internal.events.AutoBuildJob.run(AutoBuildJob.java:235)
	at org.eclipse.core.internal.jobs.Worker.run(Worker.java:55)
Caused by: java.net.ConnectException: No route to host (connect failed)
	at java.net.PlainSocketImpl.socketConnect(Native Method)
	at java.net.AbstractPlainSocketImpl.doConnect(AbstractPlainSocketImpl.java:350)
	at java.net.AbstractPlainSocketImpl.connectToAddress(AbstractPlainSocketImpl.java:206)
	at java.net.AbstractPlainSocketImpl.connect(AbstractPlainSocketImpl.java:188)
	at java.net.SocksSocketImpl.connect(SocksSocketImpl.java:392)
	at java.net.Socket.connect(Socket.java:589)
	at sun.security.ssl.SSLSocketImpl.connect(SSLSocketImpl.java:668)
	at sun.net.NetworkClient.doConnect(NetworkClient.java:175)
	at sun.net.www.http.HttpClient.openServer(HttpClient.java:432)
	at sun.net.www.http.HttpClient.openServer(HttpClient.java:527)
	at sun.net.www.protocol.https.HttpsClient.<init>(HttpsClient.java:264)
	at sun.net.www.protocol.https.HttpsClient.New(HttpsClient.java:367)
	at sun.net.www.protocol.https.AbstractDelegateHttpsURLConnection.getNewHttpClient(AbstractDelegateHttpsURLConnection.java:191)
	at sun.net.www.protocol.http.HttpURLConnection.plainConnect0(HttpURLConnection.java:1138)
	at sun.net.www.protocol.http.HttpURLConnection.plainConnect(HttpURLConnection.java:1032)
	at sun.net.www.protocol.https.AbstractDelegateHttpsURLConnection.connect(AbstractDelegateHttpsURLConnection.java:177)
	at sun.net.www.protocol.https.HttpsURLConnectionImpl.connect(HttpsURLConnectionImpl.java:153)
	at net.sf.eclipsecs.core.config.configtypes.RemoteConfigurationType.getBytesFromURLConnection(RemoteConfigurationType.java:322)
	at net.sf.eclipsecs.core.config.configtypes.RemoteConfigurationType.getCheckstyleConfiguration(RemoteConfigurationType.java:117)
	... 18 more
!SUBENTRY 1 net.sf.eclipsecs.core 4 4 2017-03-14 08:18:24.494
!MESSAGE No route to host (connect failed)
!STACK 0
net.sf.eclipsecs.core.util.CheckstylePluginException: No route to host (connect failed)
	at net.sf.eclipsecs.core.util.CheckstylePluginException.rethrow(CheckstylePluginException.java:68)
	at net.sf.eclipsecs.core.util.CheckstylePluginException.rethrow(CheckstylePluginException.java:81)
	at net.sf.eclipsecs.core.config.configtypes.RemoteConfigurationType.getCheckstyleConfiguration(RemoteConfigurationType.java:165)
	at net.sf.eclipsecs.core.config.CheckConfiguration.getCheckstyleConfiguration(CheckConfiguration.java:161)
	at net.sf.eclipsecs.core.builder.CheckerFactory.getCacheKey(CheckerFactory.java:210)
	at net.sf.eclipsecs.core.builder.CheckerFactory.createChecker(CheckerFactory.java:105)
	at net.sf.eclipsecs.core.builder.Auditor.runAudit(Auditor.java:140)
	at net.sf.eclipsecs.core.builder.CheckstyleBuilder.handleBuildSelection(CheckstyleBuilder.java:300)
	at net.sf.eclipsecs.core.builder.CheckstyleBuilder.build(CheckstyleBuilder.java:171)
	at org.eclipse.core.internal.events.BuildManager$2.run(BuildManager.java:735)
	at org.eclipse.core.runtime.SafeRunner.run(SafeRunner.java:42)
	at org.eclipse.core.internal.events.BuildManager.basicBuild(BuildManager.java:206)
	at org.eclipse.core.internal.events.BuildManager.basicBuild(BuildManager.java:246)
	at org.eclipse.core.internal.events.BuildManager$1.run(BuildManager.java:301)
	at org.eclipse.core.runtime.SafeRunner.run(SafeRunner.java:42)
	at org.eclipse.core.internal.events.BuildManager.basicBuild(BuildManager.java:304)
	at org.eclipse.core.internal.events.BuildManager.basicBuildLoop(BuildManager.java:360)
	at org.eclipse.core.internal.events.BuildManager.build(BuildManager.java:383)
	at org.eclipse.core.internal.events.AutoBuildJob.doBuild(AutoBuildJob.java:144)
	at org.eclipse.core.internal.events.AutoBuildJob.run(AutoBuildJob.java:235)
	at org.eclipse.core.internal.jobs.Worker.run(Worker.java:55)
Caused by: java.net.ConnectException: No route to host (connect failed)
	at java.net.PlainSocketImpl.socketConnect(Native Method)
	at java.net.AbstractPlainSocketImpl.doConnect(AbstractPlainSocketImpl.java:350)
	at java.net.AbstractPlainSocketImpl.connectToAddress(AbstractPlainSocketImpl.java:206)
	at java.net.AbstractPlainSocketImpl.connect(AbstractPlainSocketImpl.java:188)
	at java.net.SocksSocketImpl.connect(SocksSocketImpl.java:392)
	at java.net.Socket.connect(Socket.java:589)
	at sun.security.ssl.SSLSocketImpl.connect(SSLSocketImpl.java:668)
	at sun.net.NetworkClient.doConnect(NetworkClient.java:175)
	at sun.net.www.http.HttpClient.openServer(HttpClient.java:432)
	at sun.net.www.http.HttpClient.openServer(HttpClient.java:527)
	at sun.net.www.protocol.https.HttpsClient.<init>(HttpsClient.java:264)
	at sun.net.www.protocol.https.HttpsClient.New(HttpsClient.java:367)
	at sun.net.www.protocol.https.AbstractDelegateHttpsURLConnection.getNewHttpClient(AbstractDelegateHttpsURLConnection.java:191)
	at sun.net.www.protocol.http.HttpURLConnection.plainConnect0(HttpURLConnection.java:1138)
	at sun.net.www.protocol.http.HttpURLConnection.plainConnect(HttpURLConnection.java:1032)
	at sun.net.www.protocol.https.AbstractDelegateHttpsURLConnection.connect(AbstractDelegateHttpsURLConnection.java:177)
	at sun.net.www.protocol.https.HttpsURLConnectionImpl.connect(HttpsURLConnectionImpl.java:153)
	at net.sf.eclipsecs.core.config.configtypes.RemoteConfigurationType.getBytesFromURLConnection(RemoteConfigurationType.java:322)
	at net.sf.eclipsecs.core.config.configtypes.RemoteConfigurationType.getCheckstyleConfiguration(RemoteConfigurationType.java:117)
	... 18 more

!ENTRY net.sf.eclipsecs.core 4 0 2017-03-14 08:57:59.635
!MESSAGE Checkstyle-Plugin: Exception was thrown while processing /Users/Frithjof/Documents/git/projects/MatchThree/src/edu/kit/informatik/matchthree/tests/MatchThreeBoardConstructorTest.java
!STACK 0
com.puppycrawl.tools.checkstyle.api.CheckstyleException: Exception was thrown while processing /Users/Frithjof/Documents/git/projects/MatchThree/src/edu/kit/informatik/matchthree/tests/MatchThreeBoardConstructorTest.java
	at com.puppycrawl.tools.checkstyle.Checker.processFiles(Checker.java:287)
	at com.puppycrawl.tools.checkstyle.Checker.process(Checker.java:205)
	at net.sf.eclipsecs.core.builder.Auditor.runAudit(Auditor.java:157)
	at net.sf.eclipsecs.core.builder.CheckstyleBuilder.handleBuildSelection(CheckstyleBuilder.java:300)
	at net.sf.eclipsecs.core.builder.CheckstyleBuilder.build(CheckstyleBuilder.java:171)
	at org.eclipse.core.internal.events.BuildManager$2.run(BuildManager.java:735)
	at org.eclipse.core.runtime.SafeRunner.run(SafeRunner.java:42)
	at org.eclipse.core.internal.events.BuildManager.basicBuild(BuildManager.java:206)
	at org.eclipse.core.internal.events.BuildManager.basicBuild(BuildManager.java:246)
	at org.eclipse.core.internal.events.BuildManager$1.run(BuildManager.java:301)
	at org.eclipse.core.runtime.SafeRunner.run(SafeRunner.java:42)
	at org.eclipse.core.internal.events.BuildManager.basicBuild(BuildManager.java:304)
	at org.eclipse.core.internal.events.BuildManager.basicBuildLoop(BuildManager.java:360)
	at org.eclipse.core.internal.events.BuildManager.build(BuildManager.java:383)
	at org.eclipse.core.internal.events.AutoBuildJob.doBuild(AutoBuildJob.java:144)
	at org.eclipse.core.internal.events.AutoBuildJob.run(AutoBuildJob.java:235)
	at org.eclipse.core.internal.jobs.Worker.run(Worker.java:55)
Caused by: com.puppycrawl.tools.checkstyle.api.CheckstyleException: MismatchedTokenException occurred during the analysis of file /Users/Frithjof/Documents/git/projects/MatchThree/src/edu/kit/informatik/matchthree/tests/MatchThreeBoardConstructorTest.java.
	at com.puppycrawl.tools.checkstyle.TreeWalker.processFiltered(TreeWalker.java:192)
	at com.puppycrawl.tools.checkstyle.api.AbstractFileSetCheck.process(AbstractFileSetCheck.java:78)
	at com.puppycrawl.tools.checkstyle.Checker.processFile(Checker.java:307)
	at com.puppycrawl.tools.checkstyle.Checker.processFiles(Checker.java:278)
	... 16 more
Caused by: /Users/Frithjof/Documents/git/projects/MatchThree/src/edu/kit/informatik/matchthree/tests/MatchThreeBoardConstructorTest.java:47:9: expecting EOF, found 'Game'
	at antlr.Parser.match(Parser.java:211)
	at com.puppycrawl.tools.checkstyle.grammars.GeneratedJavaRecognizer.compilationUnit(GeneratedJavaRecognizer.java:211)
	at com.puppycrawl.tools.checkstyle.TreeWalker.parse(TreeWalker.java:439)
	at com.puppycrawl.tools.checkstyle.TreeWalker.processFiltered(TreeWalker.java:174)
	... 19 more

!ENTRY net.sf.eclipsecs.core 4 0 2017-03-14 10:16:12.998
!MESSAGE Checkstyle-Plugin: Exception was thrown while processing /Users/Frithjof/Documents/git/projects/MatchThree/src/edu/kit/informatik/matchthree/tests/MatchThreeBoardConstructorTest.java
!STACK 0
com.puppycrawl.tools.checkstyle.api.CheckstyleException: Exception was thrown while processing /Users/Frithjof/Documents/git/projects/MatchThree/src/edu/kit/informatik/matchthree/tests/MatchThreeBoardConstructorTest.java
	at com.puppycrawl.tools.checkstyle.Checker.processFiles(Checker.java:287)
	at com.puppycrawl.tools.checkstyle.Checker.process(Checker.java:205)
	at net.sf.eclipsecs.core.builder.Auditor.runAudit(Auditor.java:157)
	at net.sf.eclipsecs.core.builder.CheckstyleBuilder.handleBuildSelection(CheckstyleBuilder.java:300)
	at net.sf.eclipsecs.core.builder.CheckstyleBuilder.build(CheckstyleBuilder.java:171)
	at org.eclipse.core.internal.events.BuildManager$2.run(BuildManager.java:735)
	at org.eclipse.core.runtime.SafeRunner.run(SafeRunner.java:42)
	at org.eclipse.core.internal.events.BuildManager.basicBuild(BuildManager.java:206)
	at org.eclipse.core.internal.events.BuildManager.basicBuild(BuildManager.java:246)
	at org.eclipse.core.internal.events.BuildManager$1.run(BuildManager.java:301)
	at org.eclipse.core.runtime.SafeRunner.run(SafeRunner.java:42)
	at org.eclipse.core.internal.events.BuildManager.basicBuild(BuildManager.java:304)
	at org.eclipse.core.internal.events.BuildManager.basicBuildLoop(BuildManager.java:360)
	at org.eclipse.core.internal.events.BuildManager.build(BuildManager.java:383)
	at org.eclipse.core.internal.events.AutoBuildJob.doBuild(AutoBuildJob.java:144)
	at org.eclipse.core.internal.events.AutoBuildJob.run(AutoBuildJob.java:235)
	at org.eclipse.core.internal.jobs.Worker.run(Worker.java:55)
Caused by: com.puppycrawl.tools.checkstyle.api.CheckstyleException: MismatchedTokenException occurred during the analysis of file /Users/Frithjof/Documents/git/projects/MatchThree/src/edu/kit/informatik/matchthree/tests/MatchThreeBoardConstructorTest.java.
	at com.puppycrawl.tools.checkstyle.TreeWalker.processFiltered(TreeWalker.java:192)
	at com.puppycrawl.tools.checkstyle.api.AbstractFileSetCheck.process(AbstractFileSetCheck.java:78)
	at com.puppycrawl.tools.checkstyle.Checker.processFile(Checker.java:307)
	at com.puppycrawl.tools.checkstyle.Checker.processFiles(Checker.java:278)
	... 16 more
Caused by: /Users/Frithjof/Documents/git/projects/MatchThree/src/edu/kit/informatik/matchthree/tests/MatchThreeBoardConstructorTest.java:56:9: expecting EOF, found 'assertEquals'
	at antlr.Parser.match(Parser.java:211)
	at com.puppycrawl.tools.checkstyle.grammars.GeneratedJavaRecognizer.compilationUnit(GeneratedJavaRecognizer.java:211)
	at com.puppycrawl.tools.checkstyle.TreeWalker.parse(TreeWalker.java:439)
	at com.puppycrawl.tools.checkstyle.TreeWalker.processFiltered(TreeWalker.java:174)
	... 19 more

!ENTRY net.sf.eclipsecs.core 4 0 2017-03-14 10:16:43.180
!MESSAGE Checkstyle-Plugin: Exception was thrown while processing /Users/Frithjof/Documents/git/projects/MatchThree/src/edu/kit/informatik/matchthree/tests/MatchThreeBoardConstructorTest.java
!STACK 0
com.puppycrawl.tools.checkstyle.api.CheckstyleException: Exception was thrown while processing /Users/Frithjof/Documents/git/projects/MatchThree/src/edu/kit/informatik/matchthree/tests/MatchThreeBoardConstructorTest.java
	at com.puppycrawl.tools.checkstyle.Checker.processFiles(Checker.java:287)
	at com.puppycrawl.tools.checkstyle.Checker.process(Checker.java:205)
	at net.sf.eclipsecs.core.builder.Auditor.runAudit(Auditor.java:157)
	at net.sf.eclipsecs.core.builder.CheckstyleBuilder.handleBuildSelection(CheckstyleBuilder.java:300)
	at net.sf.eclipsecs.core.builder.CheckstyleBuilder.build(CheckstyleBuilder.java:171)
	at org.eclipse.core.internal.events.BuildManager$2.run(BuildManager.java:735)
	at org.eclipse.core.runtime.SafeRunner.run(SafeRunner.java:42)
	at org.eclipse.core.internal.events.BuildManager.basicBuild(BuildManager.java:206)
	at org.eclipse.core.internal.events.BuildManager.basicBuild(BuildManager.java:246)
	at org.eclipse.core.internal.events.BuildManager$1.run(BuildManager.java:301)
	at org.eclipse.core.runtime.SafeRunner.run(SafeRunner.java:42)
	at org.eclipse.core.internal.events.BuildManager.basicBuild(BuildManager.java:304)
	at org.eclipse.core.internal.events.BuildManager.basicBuildLoop(BuildManager.java:360)
	at org.eclipse.core.internal.events.BuildManager.build(BuildManager.java:383)
	at org.eclipse.core.internal.events.AutoBuildJob.doBuild(AutoBuildJob.java:144)
	at org.eclipse.core.internal.events.AutoBuildJob.run(AutoBuildJob.java:235)
	at org.eclipse.core.internal.jobs.Worker.run(Worker.java:55)
Caused by: com.puppycrawl.tools.checkstyle.api.CheckstyleException: MismatchedTokenException occurred during the analysis of file /Users/Frithjof/Documents/git/projects/MatchThree/src/edu/kit/informatik/matchthree/tests/MatchThreeBoardConstructorTest.java.
	at com.puppycrawl.tools.checkstyle.TreeWalker.processFiltered(TreeWalker.java:192)
	at com.puppycrawl.tools.checkstyle.api.AbstractFileSetCheck.process(AbstractFileSetCheck.java:78)
	at com.puppycrawl.tools.checkstyle.Checker.processFile(Checker.java:307)
	at com.puppycrawl.tools.checkstyle.Checker.processFiles(Checker.java:278)
	... 16 more
Caused by: /Users/Frithjof/Documents/git/projects/MatchThree/src/edu/kit/informatik/matchthree/tests/MatchThreeBoardConstructorTest.java:55:9: expecting EOF, found 'Matcher'
	at antlr.Parser.match(Parser.java:211)
	at com.puppycrawl.tools.checkstyle.grammars.GeneratedJavaRecognizer.compilationUnit(GeneratedJavaRecognizer.java:211)
	at com.puppycrawl.tools.checkstyle.TreeWalker.parse(TreeWalker.java:439)
	at com.puppycrawl.tools.checkstyle.TreeWalker.processFiltered(TreeWalker.java:174)
	... 19 more
!SESSION 2017-03-19 16:30:57.789 -----------------------------------------------
eclipse.buildId=4.6.2.M20161124-1400
java.version=1.8.0_121
java.vendor=Oracle Corporation
BootLoader constants: OS=macosx, ARCH=x86_64, WS=cocoa, NL=de_DE
Framework arguments:  -product org.eclipse.epp.package.java.product -keyring /Users/Frithjof/.eclipse_keyring
Command-line arguments:  -os macosx -ws cocoa -arch x86_64 -product org.eclipse.epp.package.java.product -keyring /Users/Frithjof/.eclipse_keyring

!ENTRY org.eclipse.ui 2 0 2017-03-19 16:31:06.533
!MESSAGE Warnings while parsing the commands from the 'org.eclipse.ui.commands' and 'org.eclipse.ui.actionDefinitions' extension points.
!SUBENTRY 1 org.eclipse.ui 2 0 2017-03-19 16:31:06.533
!MESSAGE Commands should really have a category: plug-in='net.sf.eclipsecs.ui', id='CheckstylePlugin.PurgeCaches', categoryId='net.sf.eclipsecs'

!ENTRY org.eclipse.ui 2 0 2017-03-19 16:31:07.342
!MESSAGE Warnings while parsing the commands from the 'org.eclipse.ui.commands' and 'org.eclipse.ui.actionDefinitions' extension points.
!SUBENTRY 1 org.eclipse.ui 2 0 2017-03-19 16:31:07.342
!MESSAGE Commands should really have a category: plug-in='net.sf.eclipsecs.ui', id='CheckstylePlugin.PurgeCaches', categoryId='net.sf.eclipsecs'

!ENTRY org.eclipse.core.net 1 0 2017-03-19 16:31:08.963
!MESSAGE System property http.nonProxyHosts has been set to local|*.local|169.254/16|*.169.254/16 by an external source. This value will be overwritten using the values from the preferences

!ENTRY org.eclipse.oomph.setup.ui 1 0 2017-03-19 16:31:34.151
!MESSAGE Setup tasks were performed during startup updating 258 preferences. See '/Applications/java-neon/Eclipse.app/Contents/Eclipse/configuration/org.eclipse.oomph.setup/setup.log' for details

!ENTRY org.eclipse.core.jobs 4 2 2017-03-20 08:04:21.202
!MESSAGE An internal error occurred during: "LabelEventJob".
!STACK 0
org.eclipse.swt.SWTException: Device is disposed
	at org.eclipse.swt.SWT.error(SWT.java:4533)
	at org.eclipse.swt.SWT.error(SWT.java:4448)
	at org.eclipse.swt.SWT.error(SWT.java:4419)
	at org.eclipse.swt.widgets.Display.error(Display.java:1089)
	at org.eclipse.swt.widgets.Display.asyncExec(Display.java:594)
	at org.eclipse.egit.ui.internal.decorators.GitLightweightDecorator.fireLabelEvent(GitLightweightDecorator.java:727)
	at org.eclipse.egit.ui.internal.decorators.LabelEventJob.run(GitLightweightDecorator.java:797)
	at org.eclipse.core.internal.jobs.Worker.run(Worker.java:55)
!SESSION 2017-03-22 10:19:36.834 -----------------------------------------------
eclipse.buildId=4.6.2.M20161124-1400
java.version=1.8.0_121
java.vendor=Oracle Corporation
BootLoader constants: OS=macosx, ARCH=x86_64, WS=cocoa, NL=de_DE
Framework arguments:  -product org.eclipse.epp.package.java.product -keyring /Users/Frithjof/.eclipse_keyring
Command-line arguments:  -os macosx -ws cocoa -arch x86_64 -product org.eclipse.epp.package.java.product -keyring /Users/Frithjof/.eclipse_keyring

!ENTRY org.eclipse.ui 2 0 2017-03-22 10:19:43.270
!MESSAGE Warnings while parsing the commands from the 'org.eclipse.ui.commands' and 'org.eclipse.ui.actionDefinitions' extension points.
!SUBENTRY 1 org.eclipse.ui 2 0 2017-03-22 10:19:43.270
!MESSAGE Commands should really have a category: plug-in='net.sf.eclipsecs.ui', id='CheckstylePlugin.PurgeCaches', categoryId='net.sf.eclipsecs'

!ENTRY org.eclipse.ui 2 0 2017-03-22 10:19:44.140
!MESSAGE Warnings while parsing the commands from the 'org.eclipse.ui.commands' and 'org.eclipse.ui.actionDefinitions' extension points.
!SUBENTRY 1 org.eclipse.ui 2 0 2017-03-22 10:19:44.140
!MESSAGE Commands should really have a category: plug-in='net.sf.eclipsecs.ui', id='CheckstylePlugin.PurgeCaches', categoryId='net.sf.eclipsecs'

!ENTRY org.eclipse.core.net 1 0 2017-03-22 10:19:45.764
!MESSAGE System property http.nonProxyHosts has been set to local|*.local|169.254/16|*.169.254/16 by an external source. This value will be overwritten using the values from the preferences

!ENTRY org.eclipse.oomph.setup.ui 1 0 2017-03-22 10:20:08.527
!MESSAGE Setup tasks were performed during startup updating 258 preferences. See '/Applications/java-neon/Eclipse.app/Contents/Eclipse/configuration/org.eclipse.oomph.setup/setup.log' for details
